2026-05-21 09:47:33,571 [INFO] Activator:176 - 


2026-05-21 09:47:33,573 [INFO] Activator:177 - !SESSION log4j initialized
2026-05-21 09:47:36,424 [INFO] LogOutputStream:77 - [STDOUT_REDIRECT] 
2026-05-21 09:47:38,639 [INFO] ApplicationProperties:184 - Using Application install path: D:\My_user\STM32CubeIDE_1.19.0\STM32CubeIDE\plugins\com.st.stm32cube.common.mx_6.15.0.202507011659
2026-05-21 09:47:38,660 [INFO] DbMcusXml:78 - Set database path to: D:\My_user\STM32CubeIDE_1.19.0\STM32CubeIDE\plugins\com.st.stm32cube.common.mx_6.15.0.202507011659\\db\/mcu/
2026-05-21 09:47:38,660 [INFO] ApiDb:274 - Set plugin database path to: D:\My_user\STM32CubeIDE_1.19.0\STM32CubeIDE\plugins\com.st.stm32cube.common.mx_6.15.0.202507011659\\db\/plugins/boardmanager/
2026-05-21 09:47:38,661 [WARN] ApiDb:259 - Overriding images path with different value:  => D:\My_user\STM32CubeIDE_1.19.0\STM32CubeIDE\plugins\com.st.stm32cube.common.mx_6.15.0.202507011659\\db\/plugins/mcufinder/images/
2026-05-21 09:47:38,674 [INFO] ApiDb:250 - Set database path to: C:\Users\User\.stmcufinder\plugins\mcufinder//mcu/
2026-05-21 09:47:38,676 [INFO] DbMcusAds:125 - Set database path to: C:\Users\User\.stmcufinder\plugins\mcufinder//mcu/
2026-05-21 09:47:38,679 [INFO] CrossReferenceDbSqlite:203 - Set database path to: C:\Users\User\.stmcufinder\plugins\mcufinder//mcu/cs/
2026-05-21 09:47:38,807 [INFO] RulesReader:64 - Compatibility file has been processed (317 Rules)
2026-05-21 09:47:38,902 [INFO] DbMcusXml:78 - Set database path to: D:\My_user\STM32CubeIDE_1.19.0\STM32CubeIDE\plugins\com.st.stm32cube.common.mx_6.15.0.202507011659\\db\/mcu/
2026-05-21 09:47:38,902 [INFO] ApiDb:274 - Set plugin database path to: D:\My_user\STM32CubeIDE_1.19.0\STM32CubeIDE\plugins\com.st.stm32cube.common.mx_6.15.0.202507011659\\db\/plugins/boardmanager/
2026-05-21 09:47:38,903 [INFO] ApiDb:261 - Set plugin images path to: D:\My_user\STM32CubeIDE_1.19.0\STM32CubeIDE\plugins\com.st.stm32cube.common.mx_6.15.0.202507011659\\db\/plugins/mcufinder/images/
2026-05-21 09:47:38,903 [WARN] DbFile:41 - Overriding database path with different value: C:\Users\User\.stmcufinder\plugins\mcufinder/ => C:\Users\User\.stmcufinder\plugins\mcufinder
2026-05-21 09:47:38,903 [INFO] ApiDb:250 - Set database path to: C:\Users\User\.stmcufinder\plugins\mcufinder//mcu/
2026-05-21 09:47:38,903 [WARN] DbFile:41 - Overriding database path with different value: C:\Users\User\.stmcufinder\plugins\mcufinder/ => C:\Users\User\.stmcufinder\plugins\mcufinder
2026-05-21 09:47:38,903 [INFO] DbMcusAds:125 - Set database path to: C:\Users\User\.stmcufinder\plugins\mcufinder//mcu/
2026-05-21 09:47:38,903 [WARN] DbFile:41 - Overriding database path with different value: C:\Users\User\.stmcufinder\plugins\mcufinder/ => C:\Users\User\.stmcufinder\plugins\mcufinder
2026-05-21 09:47:38,903 [WARN] DbFile:41 - Overriding database path with different value: C:\Users\User\.stmcufinder\plugins\mcufinder/ => C:\Users\User\.stmcufinder\plugins\mcufinder
2026-05-21 09:47:38,903 [INFO] CrossReferenceDbSqlite:203 - Set database path to: C:\Users\User\.stmcufinder\plugins\mcufinder//mcu/cs/
2026-05-21 09:47:38,994 [INFO] MainPanel:274 - HeapMemory: 268435456
2026-05-21 09:47:39,133 [INFO] DbMcusXml:78 - Set database path to: D:\My_user\STM32CubeIDE_1.19.0\STM32CubeIDE\plugins\com.st.stm32cube.common.mx_6.15.0.202507011659\\db\/mcu/
2026-05-21 09:47:39,133 [INFO] ApiDb:274 - Set plugin database path to: D:\My_user\STM32CubeIDE_1.19.0\STM32CubeIDE\plugins\com.st.stm32cube.common.mx_6.15.0.202507011659\\db\/plugins/boardmanager/
2026-05-21 09:47:39,133 [INFO] ApiDb:261 - Set plugin images path to: D:\My_user\STM32CubeIDE_1.19.0\STM32CubeIDE\plugins\com.st.stm32cube.common.mx_6.15.0.202507011659\\db\/plugins/mcufinder/images/
2026-05-21 09:47:39,134 [WARN] DbFile:41 - Overriding database path with different value: C:\Users\User\.stmcufinder\plugins\mcufinder/ => C:\Users\User\.stmcufinder\plugins\mcufinder
2026-05-21 09:47:39,134 [INFO] ApiDb:250 - Set database path to: C:\Users\User\.stmcufinder\plugins\mcufinder//mcu/
2026-05-21 09:47:39,134 [WARN] DbFile:41 - Overriding database path with different value: C:\Users\User\.stmcufinder\plugins\mcufinder/ => C:\Users\User\.stmcufinder\plugins\mcufinder
2026-05-21 09:47:39,134 [INFO] DbMcusAds:125 - Set database path to: C:\Users\User\.stmcufinder\plugins\mcufinder//mcu/
2026-05-21 09:47:39,134 [WARN] DbFile:41 - Overriding database path with different value: C:\Users\User\.stmcufinder\plugins\mcufinder/ => C:\Users\User\.stmcufinder\plugins\mcufinder
2026-05-21 09:47:39,134 [WARN] DbFile:41 - Overriding database path with different value: C:\Users\User\.stmcufinder\plugins\mcufinder/ => C:\Users\User\.stmcufinder\plugins\mcufinder
2026-05-21 09:47:39,134 [INFO] CrossReferenceDbSqlite:203 - Set database path to: C:\Users\User\.stmcufinder\plugins\mcufinder//mcu/cs/
2026-05-21 09:47:39,154 [INFO] ApplicationProperties:184 - Using Application install path: D:\My_user\STM32CubeIDE_1.19.0\STM32CubeIDE\plugins\com.st.stm32cube.common.mx_6.15.0.202507011659
2026-05-21 09:47:39,156 [INFO] PluginManage:196 - Search for loadable plugins [exclusion list=, ]
2026-05-21 09:47:39,157 [INFO] PluginManage:310 - Check plugin analytics
2026-05-21 09:47:39,408 [INFO] AnalyticsPlugin:253 - Accepted Software Licenses: 
2026-05-21 09:47:39,408 [INFO] AnalyticsPlugin:255 - Accepted CMSIS Pack Licenses: 
2026-05-21 09:47:39,409 [INFO] AnalyticsPlugin:257 - Accepted Firmware Licenses: FW.L4.1.18.0
2026-05-21 09:47:39,412 [INFO] PluginManage:359 - Loaded plugin analytics (category:tool,tabindex:-1)
2026-05-21 09:47:39,412 [INFO] PluginManage:310 - Check plugin cadmodel
2026-05-21 09:47:39,422 [INFO] CADModel:105 - Init CAD model plugin
2026-05-21 09:47:39,422 [INFO] PluginManage:359 - Loaded plugin cadmodel (category:power,tabindex:5)
2026-05-21 09:47:39,422 [INFO] PluginManage:310 - Check plugin clock
2026-05-21 09:47:39,434 [INFO] PluginManage:359 - Loaded plugin clock (category:base,tabindex:2)
2026-05-21 09:47:39,435 [INFO] PluginManage:310 - Check plugin ddr
2026-05-21 09:47:39,438 [INFO] PluginManage:359 - Loaded plugin ddr (category:tool,tabindex:6)
2026-05-21 09:47:39,438 [INFO] PluginManage:310 - Check plugin filemanager
2026-05-21 09:47:39,666 [INFO] PluginManage:359 - Loaded plugin filemanager (category:base,tabindex:10)
2026-05-21 09:47:39,666 [INFO] PluginManage:310 - Check plugin ipmanager
2026-05-21 09:47:39,674 [INFO] PluginManage:359 - Loaded plugin ipmanager (category:base,tabindex:5)
2026-05-21 09:47:39,675 [INFO] PluginManage:310 - Check plugin lpbam
2026-05-21 09:47:39,685 [INFO] PluginManage:359 - Loaded plugin lpbam (category:base,tabindex:0)
2026-05-21 09:47:39,686 [INFO] PluginManage:310 - Check plugin memorymap
2026-05-21 09:47:39,706 [INFO] PluginManage:359 - Loaded plugin memorymap (category:base,tabindex:4)
2026-05-21 09:47:39,706 [INFO] PluginManage:310 - Check plugin pinoutandconfiguration
2026-05-21 09:47:39,715 [INFO] PluginManage:359 - Loaded plugin pinoutandconfiguration (category:base,tabindex:1)
2026-05-21 09:47:39,715 [INFO] PluginManage:310 - Check plugin pinoutconfig
2026-05-21 09:47:39,819 [WARN] SupportedApi:132 - Cannot load RTOS API schema: s4s-elt-must-match.1: The content of 'definitions' must match (annotation?, (simpleType | complexType)?, (unique | key | keyref)*)). A problem was found starting at: attribute.
2026-05-21 09:47:39,975 [INFO] PluginManage:359 - Loaded plugin pinoutconfig (category:base,tabindex:0)
2026-05-21 09:47:39,976 [INFO] PluginManage:310 - Check plugin power
2026-05-21 09:47:39,985 [INFO] PluginManage:359 - Loaded plugin power (category:power,tabindex:4)
2026-05-21 09:47:39,986 [INFO] PluginManage:310 - Check plugin projectmanager
2026-05-21 09:47:40,002 [INFO] PluginManage:359 - Loaded plugin projectmanager (category:projectmanager,tabindex:4)
2026-05-21 09:47:40,002 [INFO] PluginManage:310 - Check plugin rif
2026-05-21 09:47:40,014 [INFO] PluginManage:359 - Loaded plugin rif (category:base,tabindex:3)
2026-05-21 09:47:40,014 [INFO] PluginManage:310 - Check plugin thirdparty
2026-05-21 09:47:40,185 [INFO] PluginManage:359 - Loaded plugin thirdparty (category:base,tabindex:-1)
2026-05-21 09:47:40,185 [WARN] IntegrityCheckThread:84 - waiting for thirdparty lock release [integrity check]
2026-05-21 09:47:40,187 [INFO] IntegrityCheckThread:86 - entering critical section [integrity check]
2026-05-21 09:47:40,187 [INFO] PluginManage:310 - Check plugin tools
2026-05-21 09:47:40,188 [INFO] ThirdPartyUpdaterWithRetryManager:70 - Updater plugin not ready yet. [1/15]
2026-05-21 09:47:40,192 [INFO] PluginManage:359 - Loaded plugin tools (category:base,tabindex:7)
2026-05-21 09:47:40,192 [INFO] PluginManage:310 - Check plugin tutovideos
2026-05-21 09:47:40,430 [INFO] PluginManage:359 - Loaded plugin tutovideos (category:base,tabindex:-1)
2026-05-21 09:47:40,430 [INFO] PluginManage:310 - Check plugin updater
2026-05-21 09:47:40,452 [INFO] PluginManage:359 - Loaded plugin updater (category:base,tabindex:12)
2026-05-21 09:47:40,452 [INFO] PluginManage:310 - Check plugin userauth
2026-05-21 09:47:40,457 [INFO] UserAuth:118 - Init User Auth plugin
2026-05-21 09:47:40,458 [INFO] PluginManage:359 - Loaded plugin userauth (category:base,tabindex:14)
2026-05-21 09:47:40,459 [INFO] PluginManage:283 - PluginManage : Loaded plugins [18]
2026-05-21 09:47:40,714 [INFO] PinOutPanel:1589 - setPackage(No Configuration,No Configuration)
2026-05-21 09:47:40,815 [INFO] CADModel:165 - CPN selected for project level
2026-05-21 09:47:40,815 [INFO] CADModel:114 - Register for checkConnection events
2026-05-21 09:47:40,838 [INFO] IPUIPlugin:80 - create IPUIPlugin
2026-05-21 09:47:40,839 [INFO] PluginManager:220 - loadIPPluginJar : add adc
2026-05-21 09:47:40,842 [INFO] IPUIPlugin:80 - create IPUIPlugin
2026-05-21 09:47:40,842 [INFO] PluginManager:220 - loadIPPluginJar : add aes
2026-05-21 09:47:40,846 [INFO] IPUIPlugin:80 - create IPUIPlugin
2026-05-21 09:47:40,846 [INFO] PluginManager:220 - loadIPPluginJar : add can
2026-05-21 09:47:40,848 [INFO] IPUIPlugin:80 - create IPUIPlugin
2026-05-21 09:47:40,848 [INFO] PluginManager:220 - loadIPPluginJar : add comp
2026-05-21 09:47:40,852 [INFO] IPUIPlugin:80 - create IPUIPlugin
2026-05-21 09:47:40,853 [INFO] PluginManager:220 - loadIPPluginJar : add cryp
2026-05-21 09:47:40,858 [INFO] IPUIPlugin:80 - create IPUIPlugin
2026-05-21 09:47:40,858 [INFO] PluginManager:220 - loadIPPluginJar : add ddr_ctrl_phy
2026-05-21 09:47:40,862 [INFO] IPUIPlugin:80 - create IPUIPlugin
2026-05-21 09:47:40,862 [INFO] PluginManager:220 - loadIPPluginJar : add dfsdm
2026-05-21 09:47:40,871 [INFO] IPUIPlugin:80 - create IPUIPlugin
2026-05-21 09:47:40,872 [INFO] PluginManager:220 - loadIPPluginJar : add dma
2026-05-21 09:47:40,879 [INFO] IPUIPlugin:80 - create IPUIPlugin
2026-05-21 09:47:40,879 [INFO] PluginManager:220 - loadIPPluginJar : add dma3
2026-05-21 09:47:40,886 [INFO] IPUIPlugin:80 - create IPUIPlugin
2026-05-21 09:47:40,886 [INFO] PluginManager:220 - loadIPPluginJar : add extmemmanager
2026-05-21 09:47:40,891 [INFO] IPUIPlugin:80 - create IPUIPlugin
2026-05-21 09:47:40,891 [INFO] PluginManager:220 - loadIPPluginJar : add fatfs
2026-05-21 09:47:40,899 [INFO] IPUIPlugin:80 - create IPUIPlugin
2026-05-21 09:47:40,899 [INFO] PluginManager:220 - loadIPPluginJar : add fmc
2026-05-21 09:47:40,910 [INFO] IPUIPlugin:80 - create IPUIPlugin
2026-05-21 09:47:40,911 [INFO] PluginManager:220 - loadIPPluginJar : add freertos
2026-05-21 09:47:40,913 [INFO] IPUIPlugin:80 - create IPUIPlugin
2026-05-21 09:47:40,913 [INFO] PluginManager:220 - loadIPPluginJar : add genericplugin
2026-05-21 09:47:40,918 [INFO] IPUIPlugin:80 - create IPUIPlugin
2026-05-21 09:47:40,918 [INFO] PluginManager:220 - loadIPPluginJar : add gfxmmu
2026-05-21 09:47:40,925 [INFO] IPUIPlugin:80 - create IPUIPlugin
2026-05-21 09:47:40,926 [INFO] PluginManager:220 - loadIPPluginJar : add gic
2026-05-21 09:47:40,932 [INFO] IPUIPlugin:80 - create IPUIPlugin
2026-05-21 09:47:40,933 [INFO] PluginManager:220 - loadIPPluginJar : add gpio
2026-05-21 09:47:40,939 [INFO] IPUIPlugin:80 - create IPUIPlugin
2026-05-21 09:47:40,939 [INFO] PluginManager:220 - loadIPPluginJar : add gtzc
2026-05-21 09:47:40,943 [INFO] IPUIPlugin:80 - create IPUIPlugin
2026-05-21 09:47:40,944 [INFO] PluginManager:220 - loadIPPluginJar : add hash
2026-05-21 09:47:40,948 [INFO] IPUIPlugin:80 - create IPUIPlugin
2026-05-21 09:47:40,948 [INFO] PluginManager:220 - loadIPPluginJar : add i2c
2026-05-21 09:47:40,954 [INFO] IPUIPlugin:80 - create IPUIPlugin
2026-05-21 09:47:40,954 [INFO] PluginManager:220 - loadIPPluginJar : add i2s
2026-05-21 09:47:40,960 [INFO] IPUIPlugin:80 - create IPUIPlugin
2026-05-21 09:47:40,960 [INFO] PluginManager:220 - loadIPPluginJar : add i3c
2026-05-21 09:47:40,965 [INFO] IPUIPlugin:80 - create IPUIPlugin
2026-05-21 09:47:40,966 [INFO] PluginManager:220 - loadIPPluginJar : add ipddr
2026-05-21 09:47:40,979 [INFO] IPUIPlugin:80 - create IPUIPlugin
2026-05-21 09:47:40,979 [INFO] PluginManager:220 - loadIPPluginJar : add linkedlist
2026-05-21 09:47:40,985 [INFO] IPUIPlugin:80 - create IPUIPlugin
2026-05-21 09:47:40,985 [INFO] PluginManager:220 - loadIPPluginJar : add lorawan
2026-05-21 09:47:40,989 [INFO] IPUIPlugin:80 - create IPUIPlugin
2026-05-21 09:47:40,990 [INFO] PluginManager:220 - loadIPPluginJar : add ltdc
2026-05-21 09:47:41,000 [INFO] IPUIPlugin:80 - create IPUIPlugin
2026-05-21 09:47:41,001 [INFO] PluginManager:220 - loadIPPluginJar : add mdma
2026-05-21 09:47:41,007 [INFO] IPUIPlugin:80 - create IPUIPlugin
2026-05-21 09:47:41,007 [INFO] PluginManager:220 - loadIPPluginJar : add nvic
2026-05-21 09:47:41,013 [INFO] IPUIPlugin:80 - create IPUIPlugin
2026-05-21 09:47:41,013 [INFO] PluginManager:220 - loadIPPluginJar : add opamp
2026-05-21 09:47:41,019 [INFO] IPUIPlugin:80 - create IPUIPlugin
2026-05-21 09:47:41,019 [INFO] PluginManager:220 - loadIPPluginJar : add openamp
2026-05-21 09:47:41,026 [INFO] IPUIPlugin:80 - create IPUIPlugin
2026-05-21 09:47:41,027 [INFO] PluginManager:220 - loadIPPluginJar : add pdm2pcm
2026-05-21 09:47:41,034 [INFO] IPUIPlugin:80 - create IPUIPlugin
2026-05-21 09:47:41,037 [INFO] PluginManager:220 - loadIPPluginJar : add plateformsettings
2026-05-21 09:47:41,040 [INFO] IPUIPlugin:80 - create IPUIPlugin
2026-05-21 09:47:41,040 [INFO] PluginManager:220 - loadIPPluginJar : add quadspi
2026-05-21 09:47:41,043 [INFO] IPUIPlugin:80 - create IPUIPlugin
2026-05-21 09:47:41,044 [INFO] PluginManager:220 - loadIPPluginJar : add radio
2026-05-21 09:47:41,050 [INFO] IPUIPlugin:80 - create IPUIPlugin
2026-05-21 09:47:41,050 [INFO] PluginManager:220 - loadIPPluginJar : add resmgrutility
2026-05-21 09:47:41,055 [INFO] IPUIPlugin:80 - create IPUIPlugin
2026-05-21 09:47:41,056 [INFO] PluginManager:220 - loadIPPluginJar : add sai
2026-05-21 09:47:41,059 [INFO] IPUIPlugin:80 - create IPUIPlugin
2026-05-21 09:47:41,060 [INFO] PluginManager:220 - loadIPPluginJar : add spi
2026-05-21 09:47:41,066 [INFO] IPUIPlugin:80 - create IPUIPlugin
2026-05-21 09:47:41,066 [INFO] PluginManager:220 - loadIPPluginJar : add stm32_wpan
2026-05-21 09:47:41,072 [INFO] IPUIPlugin:80 - create IPUIPlugin
2026-05-21 09:47:41,072 [INFO] PluginManager:220 - loadIPPluginJar : add tim
2026-05-21 09:47:41,076 [INFO] IPUIPlugin:80 - create IPUIPlugin
2026-05-21 09:47:41,077 [INFO] PluginManager:220 - loadIPPluginJar : add touchsensing
2026-05-21 09:47:41,080 [INFO] IPUIPlugin:80 - create IPUIPlugin
2026-05-21 09:47:41,081 [INFO] PluginManager:220 - loadIPPluginJar : add tracer_emb
2026-05-21 09:47:41,084 [INFO] IPUIPlugin:80 - create IPUIPlugin
2026-05-21 09:47:41,084 [INFO] PluginManager:220 - loadIPPluginJar : add ts
2026-05-21 09:47:41,089 [INFO] IPUIPlugin:80 - create IPUIPlugin
2026-05-21 09:47:41,090 [INFO] PluginManager:220 - loadIPPluginJar : add tsc
2026-05-21 09:47:41,092 [INFO] IPUIPlugin:80 - create IPUIPlugin
2026-05-21 09:47:41,092 [INFO] PluginManager:220 - loadIPPluginJar : add ucpd
2026-05-21 09:47:41,095 [INFO] IPUIPlugin:80 - create IPUIPlugin
2026-05-21 09:47:41,095 [INFO] PluginManager:220 - loadIPPluginJar : add usart
2026-05-21 09:47:41,098 [INFO] IPUIPlugin:80 - create IPUIPlugin
2026-05-21 09:47:41,099 [INFO] PluginManager:220 - loadIPPluginJar : add usbx
2026-05-21 09:47:41,232 [FATAL] Updater:351 - Updater called before beeing initialized
2026-05-21 09:47:41,264 [INFO] RulesReader:64 - Compatibility file has been processed (317 Rules)
2026-05-21 09:47:41,279 [INFO] RulesReader:64 - Compatibility file has been processed (317 Rules)
2026-05-21 09:47:41,288 [INFO] CADModel:165 - CPN selected for project level
2026-05-21 09:47:41,288 [INFO] CADModel:114 - Register for checkConnection events
2026-05-21 09:47:41,288 [FATAL] Updater:351 - Updater called before beeing initialized
2026-05-21 09:47:41,288 [ERROR] CADModel:125 - Updater not yet initialized, retry later 
2026-05-21 09:47:41,434 [FATAL] Updater:351 - Updater called before beeing initialized
2026-05-21 09:47:41,436 [INFO] CADModel:165 - CPN selected for project level
2026-05-21 09:47:41,436 [INFO] CADModel:114 - Register for checkConnection events
2026-05-21 09:47:41,436 [FATAL] Updater:351 - Updater called before beeing initialized
2026-05-21 09:47:41,437 [ERROR] CADModel:125 - Updater not yet initialized, retry later 
2026-05-21 09:47:41,439 [FATAL] Updater:351 - Updater called before beeing initialized
2026-05-21 09:47:41,538 [FATAL] Updater:351 - Updater called before beeing initialized
2026-05-21 09:47:41,541 [INFO] DbMcusAds:53 - JSON generation date=Mon Apr 27 13:44:29 IST 2026 (1777277669577)
2026-05-21 09:47:41,541 [FATAL] Updater:351 - Updater called before beeing initialized
2026-05-21 09:47:41,582 [WARN] DetailPanel:346 - Failed to get advertising image, set to default
2026-05-21 09:47:41,684 [FATAL] Updater:351 - Updater called before beeing initialized
2026-05-21 09:47:41,686 [FATAL] Updater:351 - Updater called before beeing initialized
2026-05-21 09:47:41,686 [FATAL] Updater:351 - Updater called before beeing initialized
2026-05-21 09:47:41,686 [WARN] DetailPanel:346 - Failed to get advertising image, set to default
2026-05-21 09:47:41,687 [FATAL] Updater:351 - Updater called before beeing initialized
2026-05-21 09:47:41,736 [ERROR] Updater:1198 - MainUpdater not yet initialized. External WinMGr cannot be set.
2026-05-21 09:47:41,738 [INFO] Updater:1134 - Updater Version found : 6.15.0
2026-05-21 09:47:41,754 [INFO] ApplicationProperties:184 - Using Application install path: D:\My_user\STM32CubeIDE_1.19.0\STM32CubeIDE\plugins\com.st.stm32cube.common.mx_6.15.0.202507011659
2026-05-21 09:47:42,142 [INFO] MainUpdater:2872 - connection check result : 10
2026-05-21 09:47:42,143 [INFO] MainUpdater:289 - Updater Check For Update Now.
2026-05-21 09:47:42,143 [INFO] MicroXplorer:498 - Change Database Version : DB.6.0.150
2026-05-21 09:47:42,149 [INFO] McuFinderGlobals:63 - Set McuFinder mode to 2 (CubeIDE integrated)
2026-05-21 09:47:42,150 [INFO] UserAuth:171 - activating auth plugin
2026-05-21 09:47:42,156 [INFO] UserAuth:487 - Internet connection configuration mode: 1
2026-05-21 09:47:42,193 [INFO] JxBrowserEngine:152 - Initiate JxBrowser Engine with user profile folder
2026-05-21 09:47:42,354 [INFO] CheckServerUpdateThread:120 - End of CheckServer Thread
2026-05-21 09:47:43,537 [INFO] WebApp:169 - Instantiating new browser for Auth
2026-05-21 09:47:43,698 [WARN] PackLoader:240 - Cannot read IP mode file for STMicroelectronics.X-CUBE-AZRTOS-H7.3.5.0
2026-05-21 09:47:43,714 [WARN] PackLoader:240 - Cannot read IP mode file for STMicroelectronics.FP-ATR-ASTRA1.2.0.2
2026-05-21 09:47:43,727 [WARN] PackLoader:240 - Cannot read IP mode file for STMicroelectronics.X-CUBE-SMBUS.2.1.0
2026-05-21 09:47:43,754 [WARN] PackLoader:240 - Cannot read IP mode file for STMicroelectronics.X-CUBE-AZRTOS-F7.1.1.0
2026-05-21 09:47:43,767 [WARN] PackLoader:240 - Cannot read IP mode file for STMicroelectronics.FP-SNS-MOTENV1.5.1.0
2026-05-21 09:47:43,788 [WARN] PackLoader:240 - Cannot read IP mode file for WES.I-CUBE-Cesium.1.4.0
2026-05-21 09:47:43,803 [WARN] PackLoader:240 - Cannot read IP mode file for STMicroelectronics.X-CUBE-DISPLAY.3.0.0
2026-05-21 09:47:43,822 [WARN] PackLoader:240 - Cannot read IP mode file for STMicroelectronics.X-CUBE-GNSS1.7.1.1
2026-05-21 09:47:43,833 [WARN] PackLoader:240 - Cannot read IP mode file for STMicroelectronics.FP-SNS-MOTENVWB1.1.5.0
2026-05-21 09:47:43,844 [WARN] PackLoader:240 - Cannot read IP mode file for wolfSSL.I-CUBE-wolfSSL.5.9.1
2026-05-21 09:47:43,857 [WARN] PackLoader:240 - Cannot read IP mode file for STMicroelectronics.X-CUBE-NFC10.1.0.0
2026-05-21 09:47:43,873 [WARN] PackLoader:240 - Cannot read IP mode file for STMicroelectronics.X-CUBE-ST60.1.1.0
2026-05-21 09:47:43,886 [WARN] PackLoader:240 - Cannot read IP mode file for emotas.I-CUBE-CANOPEN.1.3.0
2026-05-21 09:47:43,901 [WARN] PackLoader:240 - Cannot read IP mode file for STMicroelectronics.FP-SNS-STBOX1.2.1.0
2026-05-21 09:47:43,919 [WARN] PackLoader:240 - Cannot read IP mode file for STMicroelectronics.FP-SNS-SMARTAG2.1.2.0
2026-05-21 09:47:43,940 [WARN] PackLoader:240 - Cannot read IP mode file for STMicroelectronics.FP-SNS-FLIGHT1.5.1.0
2026-05-21 09:47:43,960 [INFO] LogOutputStream:77 - [STDOUT_REDIRECT] 1 : Invalid condition id : UX_CORESTACK_Condition cause : null
2026-05-21 09:47:43,961 [INFO] LogOutputStream:77 - [STDOUT_REDIRECT] 1 : Invalid condition id : UX_CORESTACK_Condition cause : null
2026-05-21 09:47:43,963 [INFO] LogOutputStream:77 - [STDOUT_REDIRECT] 1 : Invalid condition id : UX_CORESTACK_Condition cause : null
2026-05-21 09:47:43,965 [INFO] LogOutputStream:77 - [STDOUT_REDIRECT] 1 : Invalid condition id : UX_CORESTACK_Condition cause : null
2026-05-21 09:47:43,966 [INFO] LogOutputStream:77 - [STDOUT_REDIRECT] 1 : Invalid condition id : UX_CORESTACK_Condition cause : null
2026-05-21 09:47:43,974 [WARN] PackLoader:240 - Cannot read IP mode file for STMicroelectronics.X-CUBE-AZRTOS-WL.2.0.0
2026-05-21 09:47:44,001 [WARN] PackLoader:240 - Cannot read IP mode file for STMicroelectronics.X-CUBE-AZRTOS-H7RS.1.2.0
2026-05-21 09:47:44,015 [WARN] PackLoader:240 - Cannot read IP mode file for STMicroelectronics.X-CUBE-BLE2.3.3.0
2026-05-21 09:47:44,081 [WARN] PackLoader:240 - Cannot read IP mode file for Infineon.AIROC-Wi-Fi-Bluetooth-STM32.1.8.0
2026-05-21 09:47:44,096 [WARN] PackLoader:240 - Cannot read IP mode file for STMicroelectronics.X-CUBE-NFC9.1.0.0
2026-05-21 09:47:44,107 [WARN] PackLoader:240 - Cannot read IP mode file for STMicroelectronics.X-CUBE-BLE1.7.1.0
2026-05-21 09:47:44,115 [WARN] PackLoader:240 - Cannot read IP mode file for wolfSSL.I-CUBE-wolfMQTT.1.19.2
2026-05-21 09:47:44,125 [WARN] PackLoader:240 - Cannot read IP mode file for STMicroelectronics.X-CUBE-EEPRMA1.5.2.0
2026-05-21 09:47:44,137 [WARN] PackLoader:240 - Cannot read IP mode file for STMicroelectronics.FP-SNS-STAIOTCFT.1.1.0
2026-05-21 09:47:44,157 [WARN] PackLoader:240 - Cannot read IP mode file for STMicroelectronics.X-CUBE-AZRTOS-G0.1.1.0
2026-05-21 09:47:44,169 [WARN] PackLoader:240 - Cannot read IP mode file for STMicroelectronics.X-CUBE-NFC4.3.0.0
2026-05-21 09:47:44,183 [WARN] PackLoader:240 - Cannot read IP mode file for EmbeddedOffice.I-CUBE-FS-RTOS.1.0.1
2026-05-21 09:47:44,191 [WARN] PackLoader:240 - Cannot read IP mode file for wolfSSL.I-CUBE-wolfTPM.3.8.0
2026-05-21 09:47:44,200 [WARN] PackLoader:240 - Cannot read IP mode file for STMicroelectronics.X-CUBE-TCPP.4.2.0
2026-05-21 09:47:44,210 [WARN] PackLoader:240 - Cannot read IP mode file for RealThread.X-CUBE-RT-Thread_Nano.4.1.1
2026-05-21 09:47:44,216 [WARN] PackLoader:240 - Cannot read IP mode file for STMicroelectronics.FP-ATR-SIGFOX1.3.2.0
2026-05-21 09:47:44,223 [WARN] PackLoader:240 - Cannot read IP mode file for STMicroelectronics.X-CUBE-FREERTOS.1.5.0
2026-05-21 09:47:44,229 [WARN] PackLoader:240 - Cannot read IP mode file for ITTIA_DB.I-CUBE-ITTIADB.8.9.0
2026-05-21 09:47:44,235 [WARN] PackLoader:240 - Cannot read IP mode file for STMicroelectronics.X-CUBE-NFC6.3.2.0
2026-05-21 09:47:44,242 [WARN] PackLoader:240 - Cannot read IP mode file for STMicroelectronics.X-CUBE-AI.10.2.0
2026-05-21 09:47:44,269 [WARN] PackLoader:240 - Cannot read IP mode file for STMicroelectronics.X-CUBE-MEMS1.12.1.0
2026-05-21 09:47:44,376 [WARN] PackLoader:240 - Cannot read IP mode file for SEGGER.I-CUBE-embOS.1.3.1
2026-05-21 09:47:44,459 [WARN] PackLoader:240 - Cannot read IP mode file for STMicroelectronics.X-CUBE-ALGOBUILD.1.4.0
2026-05-21 09:47:44,469 [WARN] PackLoader:240 - Cannot read IP mode file for STMicroelectronics.X-CUBE-PM33A1.1.0.0
2026-05-21 09:47:44,491 [WARN] PackLoader:240 - Cannot read IP mode file for STMicroelectronics.X-CUBE-AZRTOS-F4.1.1.0
2026-05-21 09:47:44,499 [WARN] PackLoader:240 - Cannot read IP mode file for STMicroelectronics.X-CUBE-ISPU.2.1.0
2026-05-21 09:47:44,515 [WARN] PackLoader:240 - Cannot read IP mode file for STMicroelectronics.X-CUBE-IPS.3.2.0
2026-05-21 09:47:44,527 [WARN] PackLoader:240 - Cannot read IP mode file for STMicroelectronics.eDS-WB_DPC_TT-BIDIR.2.1.1
2026-05-21 09:47:44,533 [WARN] PackLoader:240 - Cannot read IP mode file for STMicroelectronics.X-CUBE-NFC12.1.0.0
2026-05-21 09:47:44,555 [WARN] PackLoader:240 - Cannot read IP mode file for STMicroelectronics.X-CUBE-AZRTOS-L5.2.0.0
2026-05-21 09:47:44,562 [WARN] PackLoader:240 - Cannot read IP mode file for STMicroelectronics.eDS-WB_DPC_VIENNA.1.2.0
2026-05-21 09:47:44,567 [WARN] PackLoader:240 - Cannot read IP mode file for STMicroelectronics.eDS-WB_DPC_3PH2L-BIDIR.1.1.1
2026-05-21 09:47:44,572 [ERROR] Engine:466 - C:\Users\User\.stm32cubemx\thirdparties\pdsc\STMicroelectronics.X-CUBE-ST67W61.1.3.0.pdsc: PDSC version is not supported
2026-05-21 09:47:44,577 [WARN] PackLoader:240 - Cannot read IP mode file for STMicroelectronics.X-CUBE-TOUCHGFX.4.26.1
2026-05-21 09:47:44,583 [WARN] PackLoader:240 - Cannot read IP mode file for STMicroelectronics.X-CUBE-DPower.1.3.0
2026-05-21 09:47:44,597 [WARN] ConditionMgr:438 - getConditionDescription Invalid condition id : LAN8742 Phy interface Condition cause : null
2026-05-21 09:47:44,598 [WARN] PackLoader:240 - Cannot read IP mode file for STMicroelectronics.X-CUBE-AZRTOS-L4.2.0.0
2026-05-21 09:47:44,598 [WARN] ConditionMgr:1044 - genDependencies : Invalid condition id : LAN8742 Phy interface Condition cause : null
2026-05-21 09:47:44,599 [WARN] ConditionMgr:1044 - genDependencies : Invalid condition id : LAN8742 Phy interface Condition cause : null
2026-05-21 09:47:44,600 [WARN] ConditionMgr:1044 - genDependencies : Invalid condition id : LAN8742 Phy interface Condition cause : null
2026-05-21 09:47:44,610 [WARN] PackLoader:240 - Cannot read IP mode file for STMicroelectronics.X-CUBE-SFXS2LP1.4.0.0
2026-05-21 09:47:44,617 [WARN] PackLoader:240 - Cannot read IP mode file for STMicroelectronics.X-CUBE-WB05N.2.1.0
2026-05-21 09:47:44,628 [WARN] PackLoader:240 - Cannot read IP mode file for STMicroelectronics.X-CUBE-BLEMGR.4.1.0
2026-05-21 09:47:44,644 [WARN] ConditionMgr:438 - getConditionDescription Invalid condition id : UX DEVICE CLASS RTOS Condition cause : null
2026-05-21 09:47:44,644 [WARN] ConditionMgr:438 - getConditionDescription Invalid condition id : UX DEVICE CLASS RTOS Condition cause : null
2026-05-21 09:47:44,646 [WARN] PackLoader:240 - Cannot read IP mode file for STMicroelectronics.X-CUBE-AZRTOS-WB.2.0.0
2026-05-21 09:47:44,647 [WARN] ConditionMgr:1044 - genDependencies : Invalid condition id : UX DEVICE CLASS RTOS Condition cause : null
2026-05-21 09:47:44,647 [WARN] ConditionMgr:1044 - genDependencies : Invalid condition id : UX DEVICE CLASS RTOS Condition cause : null
2026-05-21 09:47:44,648 [WARN] ConditionMgr:1044 - genDependencies : Invalid condition id : UX DEVICE CLASS RTOS Condition cause : null
2026-05-21 09:47:44,648 [WARN] ConditionMgr:1044 - genDependencies : Invalid condition id : UX DEVICE CLASS RTOS Condition cause : null
2026-05-21 09:47:44,648 [WARN] ConditionMgr:1044 - genDependencies : Invalid condition id : UX DEVICE CLASS RTOS Condition cause : null
2026-05-21 09:47:44,656 [WARN] ConditionMgr:438 - getConditionDescription Invalid condition id : Cortex-A Device cause : null
2026-05-21 09:47:44,667 [WARN] ConditionMgr:1044 - genDependencies : Invalid condition id : Cortex-A Device cause : null
2026-05-21 09:47:44,667 [WARN] ConditionMgr:1044 - genDependencies : Invalid condition id : Cortex-A Device cause : null
2026-05-21 09:47:44,667 [WARN] ConditionMgr:1044 - genDependencies : Invalid condition id : Cortex-A Device cause : null
2026-05-21 09:47:44,675 [WARN] PackLoader:240 - Cannot read IP mode file for STMicroelectronics.X-CUBE-STSE01.2.0.0
2026-05-21 09:47:44,688 [WARN] PackLoader:240 - Cannot read IP mode file for STMicroelectronics.X-CUBE-SUBG2.5.0.0
2026-05-21 09:47:44,707 [WARN] PackLoader:240 - Cannot read IP mode file for STMicroelectronics.X-CUBE-AZRTOS-G4.2.0.0
2026-05-21 09:47:44,715 [WARN] PackLoader:240 - Cannot read IP mode file for wolfSSL.I-CUBE-wolfSSH.1.4.20
2026-05-21 09:47:44,724 [WARN] PackLoader:240 - Cannot read IP mode file for STMicroelectronics.X-CUBE-NFC7.2.0.0
2026-05-21 09:47:44,731 [WARN] PackLoader:240 - Cannot read IP mode file for STMicroelectronics.X-CUBE-ALS.1.0.2
2026-05-21 09:47:44,746 [WARN] PackLoader:240 - Cannot read IP mode file for STMicroelectronics.X-CUBE-TOF1.3.4.3
2026-05-21 09:47:44,756 [INFO] ThirdParty:978 - Integrity check success = true
2026-05-21 09:47:44,757 [INFO] IntegrityCheckThread:100 - exiting critical section [integrity check]
2026-05-21 09:47:44,757 [INFO] IntegrityCheckThread:103 - End integrity checks thread
2026-05-21 09:47:45,392 [INFO] WebApp:463 - Apply proxy settings
2026-05-21 09:47:45,392 [INFO] WebApp:548 - Chromium requires no authentication
2026-05-21 09:47:45,405 [INFO] WebApp:491 - Direct internet connection detected
2026-05-21 09:47:45,438 [INFO] WebApp:900 - Register for checkConnection events
2026-05-21 09:47:45,438 [INFO] WebApp:463 - Apply proxy settings
2026-05-21 09:47:45,438 [INFO] WebApp:548 - Chromium requires no authentication
2026-05-21 09:47:45,439 [INFO] WebApp:491 - Direct internet connection detected
2026-05-21 09:47:45,623 [INFO] WebApp:225 - Starting web application
2026-05-21 09:47:45,623 [INFO] WebApp:593 - Web application path used D:\My_user\STM32CubeIDE_1.19.0\STM32CubeIDE\plugins\com.st.stm32cube.common.mx_6.15.0.202507011659\db\plugins\mcufinder\reactClient1\index.html
2026-05-21 09:47:46,581 [INFO] WebApp:191 - Connection restablished
2026-05-21 09:48:00,991 [ERROR] LogOutputStream:75 - [STDERR_REDIRECT] 
