2026-05-14 09:39:37,394 [INFO] Activator:176 - 


2026-05-14 09:39:37,397 [INFO] Activator:177 - !SESSION log4j initialized
2026-05-14 09:39:43,149 [INFO] LogOutputStream:77 - [STDOUT_REDIRECT] 
2026-05-14 09:39:44,477 [INFO] ApplicationProperties:184 - Using Application install path: D:\My_user\STM32CubeIDE_1.19.0\STM32CubeIDE\plugins\com.st.stm32cube.common.mx_6.15.0.202507011659
2026-05-14 09:39:44,498 [INFO] DbMcusXml:78 - Set database path to: D:\My_user\STM32CubeIDE_1.19.0\STM32CubeIDE\plugins\com.st.stm32cube.common.mx_6.15.0.202507011659\\db\/mcu/
2026-05-14 09:39:44,498 [INFO] ApiDb:274 - Set plugin database path to: D:\My_user\STM32CubeIDE_1.19.0\STM32CubeIDE\plugins\com.st.stm32cube.common.mx_6.15.0.202507011659\\db\/plugins/boardmanager/
2026-05-14 09:39:44,499 [WARN] ApiDb:259 - Overriding images path with different value:  => D:\My_user\STM32CubeIDE_1.19.0\STM32CubeIDE\plugins\com.st.stm32cube.common.mx_6.15.0.202507011659\\db\/plugins/mcufinder/images/
2026-05-14 09:39:44,508 [INFO] ApiDb:250 - Set database path to: C:\Users\User\.stmcufinder\plugins\mcufinder//mcu/
2026-05-14 09:39:44,510 [INFO] DbMcusAds:125 - Set database path to: C:\Users\User\.stmcufinder\plugins\mcufinder//mcu/
2026-05-14 09:39:44,513 [INFO] CrossReferenceDbSqlite:203 - Set database path to: C:\Users\User\.stmcufinder\plugins\mcufinder//mcu/cs/
2026-05-14 09:39:44,641 [INFO] RulesReader:64 - Compatibility file has been processed (317 Rules)
2026-05-14 09:39:44,739 [INFO] DbMcusXml:78 - Set database path to: D:\My_user\STM32CubeIDE_1.19.0\STM32CubeIDE\plugins\com.st.stm32cube.common.mx_6.15.0.202507011659\\db\/mcu/
2026-05-14 09:39:44,739 [INFO] ApiDb:274 - Set plugin database path to: D:\My_user\STM32CubeIDE_1.19.0\STM32CubeIDE\plugins\com.st.stm32cube.common.mx_6.15.0.202507011659\\db\/plugins/boardmanager/
2026-05-14 09:39:44,739 [INFO] ApiDb:261 - Set plugin images path to: D:\My_user\STM32CubeIDE_1.19.0\STM32CubeIDE\plugins\com.st.stm32cube.common.mx_6.15.0.202507011659\\db\/plugins/mcufinder/images/
2026-05-14 09:39:44,740 [WARN] DbFile:41 - Overriding database path with different value: C:\Users\User\.stmcufinder\plugins\mcufinder/ => C:\Users\User\.stmcufinder\plugins\mcufinder
2026-05-14 09:39:44,740 [INFO] ApiDb:250 - Set database path to: C:\Users\User\.stmcufinder\plugins\mcufinder//mcu/
2026-05-14 09:39:44,740 [WARN] DbFile:41 - Overriding database path with different value: C:\Users\User\.stmcufinder\plugins\mcufinder/ => C:\Users\User\.stmcufinder\plugins\mcufinder
2026-05-14 09:39:44,740 [INFO] DbMcusAds:125 - Set database path to: C:\Users\User\.stmcufinder\plugins\mcufinder//mcu/
2026-05-14 09:39:44,740 [WARN] DbFile:41 - Overriding database path with different value: C:\Users\User\.stmcufinder\plugins\mcufinder/ => C:\Users\User\.stmcufinder\plugins\mcufinder
2026-05-14 09:39:44,740 [WARN] DbFile:41 - Overriding database path with different value: C:\Users\User\.stmcufinder\plugins\mcufinder/ => C:\Users\User\.stmcufinder\plugins\mcufinder
2026-05-14 09:39:44,740 [INFO] CrossReferenceDbSqlite:203 - Set database path to: C:\Users\User\.stmcufinder\plugins\mcufinder//mcu/cs/
2026-05-14 09:39:44,844 [INFO] MainPanel:274 - HeapMemory: 268435456
2026-05-14 09:39:44,990 [INFO] DbMcusXml:78 - Set database path to: D:\My_user\STM32CubeIDE_1.19.0\STM32CubeIDE\plugins\com.st.stm32cube.common.mx_6.15.0.202507011659\\db\/mcu/
2026-05-14 09:39:44,990 [INFO] ApiDb:274 - Set plugin database path to: D:\My_user\STM32CubeIDE_1.19.0\STM32CubeIDE\plugins\com.st.stm32cube.common.mx_6.15.0.202507011659\\db\/plugins/boardmanager/
2026-05-14 09:39:44,990 [INFO] ApiDb:261 - Set plugin images path to: D:\My_user\STM32CubeIDE_1.19.0\STM32CubeIDE\plugins\com.st.stm32cube.common.mx_6.15.0.202507011659\\db\/plugins/mcufinder/images/
2026-05-14 09:39:44,991 [WARN] DbFile:41 - Overriding database path with different value: C:\Users\User\.stmcufinder\plugins\mcufinder/ => C:\Users\User\.stmcufinder\plugins\mcufinder
2026-05-14 09:39:44,991 [INFO] ApiDb:250 - Set database path to: C:\Users\User\.stmcufinder\plugins\mcufinder//mcu/
2026-05-14 09:39:44,991 [WARN] DbFile:41 - Overriding database path with different value: C:\Users\User\.stmcufinder\plugins\mcufinder/ => C:\Users\User\.stmcufinder\plugins\mcufinder
2026-05-14 09:39:44,992 [INFO] DbMcusAds:125 - Set database path to: C:\Users\User\.stmcufinder\plugins\mcufinder//mcu/
2026-05-14 09:39:44,992 [WARN] DbFile:41 - Overriding database path with different value: C:\Users\User\.stmcufinder\plugins\mcufinder/ => C:\Users\User\.stmcufinder\plugins\mcufinder
2026-05-14 09:39:44,992 [WARN] DbFile:41 - Overriding database path with different value: C:\Users\User\.stmcufinder\plugins\mcufinder/ => C:\Users\User\.stmcufinder\plugins\mcufinder
2026-05-14 09:39:44,992 [INFO] CrossReferenceDbSqlite:203 - Set database path to: C:\Users\User\.stmcufinder\plugins\mcufinder//mcu/cs/
2026-05-14 09:39:45,014 [INFO] ApplicationProperties:184 - Using Application install path: D:\My_user\STM32CubeIDE_1.19.0\STM32CubeIDE\plugins\com.st.stm32cube.common.mx_6.15.0.202507011659
2026-05-14 09:39:45,016 [INFO] PluginManage:196 - Search for loadable plugins [exclusion list=, ]
2026-05-14 09:39:45,017 [INFO] PluginManage:310 - Check plugin analytics
2026-05-14 09:39:45,272 [INFO] AnalyticsPlugin:253 - Accepted Software Licenses: 
2026-05-14 09:39:45,273 [INFO] AnalyticsPlugin:255 - Accepted CMSIS Pack Licenses: 
2026-05-14 09:39:45,273 [INFO] AnalyticsPlugin:257 - Accepted Firmware Licenses: FW.L4.1.18.0
2026-05-14 09:39:45,279 [INFO] PluginManage:359 - Loaded plugin analytics (category:tool,tabindex:-1)
2026-05-14 09:39:45,280 [INFO] PluginManage:310 - Check plugin cadmodel
2026-05-14 09:39:45,292 [INFO] CADModel:105 - Init CAD model plugin
2026-05-14 09:39:45,293 [INFO] PluginManage:359 - Loaded plugin cadmodel (category:power,tabindex:5)
2026-05-14 09:39:45,293 [INFO] PluginManage:310 - Check plugin clock
2026-05-14 09:39:45,305 [INFO] PluginManage:359 - Loaded plugin clock (category:base,tabindex:2)
2026-05-14 09:39:45,305 [INFO] PluginManage:310 - Check plugin ddr
2026-05-14 09:39:45,320 [INFO] PluginManage:359 - Loaded plugin ddr (category:tool,tabindex:6)
2026-05-14 09:39:45,321 [INFO] PluginManage:310 - Check plugin filemanager
2026-05-14 09:39:45,522 [INFO] PluginManage:359 - Loaded plugin filemanager (category:base,tabindex:10)
2026-05-14 09:39:45,522 [INFO] PluginManage:310 - Check plugin ipmanager
2026-05-14 09:39:45,530 [INFO] PluginManage:359 - Loaded plugin ipmanager (category:base,tabindex:5)
2026-05-14 09:39:45,530 [INFO] PluginManage:310 - Check plugin lpbam
2026-05-14 09:39:45,541 [INFO] PluginManage:359 - Loaded plugin lpbam (category:base,tabindex:0)
2026-05-14 09:39:45,541 [INFO] PluginManage:310 - Check plugin memorymap
2026-05-14 09:39:45,558 [INFO] PluginManage:359 - Loaded plugin memorymap (category:base,tabindex:4)
2026-05-14 09:39:45,558 [INFO] PluginManage:310 - Check plugin pinoutandconfiguration
2026-05-14 09:39:45,568 [INFO] PluginManage:359 - Loaded plugin pinoutandconfiguration (category:base,tabindex:1)
2026-05-14 09:39:45,568 [INFO] PluginManage:310 - Check plugin pinoutconfig
2026-05-14 09:39:45,675 [WARN] SupportedApi:132 - Cannot load RTOS API schema: s4s-elt-must-match.1: The content of 'definitions' must match (annotation?, (simpleType | complexType)?, (unique | key | keyref)*)). A problem was found starting at: attribute.
2026-05-14 09:39:45,840 [INFO] PluginManage:359 - Loaded plugin pinoutconfig (category:base,tabindex:0)
2026-05-14 09:39:45,840 [INFO] PluginManage:310 - Check plugin power
2026-05-14 09:39:45,852 [INFO] PluginManage:359 - Loaded plugin power (category:power,tabindex:4)
2026-05-14 09:39:45,853 [INFO] PluginManage:310 - Check plugin projectmanager
2026-05-14 09:39:45,873 [INFO] PluginManage:359 - Loaded plugin projectmanager (category:projectmanager,tabindex:4)
2026-05-14 09:39:45,873 [INFO] PluginManage:310 - Check plugin rif
2026-05-14 09:39:45,886 [INFO] PluginManage:359 - Loaded plugin rif (category:base,tabindex:3)
2026-05-14 09:39:45,886 [INFO] PluginManage:310 - Check plugin thirdparty
2026-05-14 09:39:46,034 [INFO] PluginManage:359 - Loaded plugin thirdparty (category:base,tabindex:-1)
2026-05-14 09:39:46,034 [WARN] IntegrityCheckThread:84 - waiting for thirdparty lock release [integrity check]
2026-05-14 09:39:46,034 [INFO] PluginManage:310 - Check plugin tools
2026-05-14 09:39:46,034 [INFO] IntegrityCheckThread:86 - entering critical section [integrity check]
2026-05-14 09:39:46,035 [INFO] ThirdPartyUpdaterWithRetryManager:70 - Updater plugin not ready yet. [1/15]
2026-05-14 09:39:46,038 [INFO] PluginManage:359 - Loaded plugin tools (category:base,tabindex:7)
2026-05-14 09:39:46,038 [INFO] PluginManage:310 - Check plugin tutovideos
2026-05-14 09:39:46,302 [INFO] PluginManage:359 - Loaded plugin tutovideos (category:base,tabindex:-1)
2026-05-14 09:39:46,302 [INFO] PluginManage:310 - Check plugin updater
2026-05-14 09:39:46,333 [INFO] PluginManage:359 - Loaded plugin updater (category:base,tabindex:12)
2026-05-14 09:39:46,334 [INFO] PluginManage:310 - Check plugin userauth
2026-05-14 09:39:46,342 [INFO] UserAuth:118 - Init User Auth plugin
2026-05-14 09:39:46,344 [INFO] PluginManage:359 - Loaded plugin userauth (category:base,tabindex:14)
2026-05-14 09:39:46,345 [INFO] PluginManage:283 - PluginManage : Loaded plugins [18]
2026-05-14 09:39:46,734 [INFO] PinOutPanel:1589 - setPackage(No Configuration,No Configuration)
2026-05-14 09:39:46,829 [INFO] CADModel:165 - CPN selected for project level
2026-05-14 09:39:46,829 [INFO] CADModel:114 - Register for checkConnection events
2026-05-14 09:39:46,850 [INFO] IPUIPlugin:80 - create IPUIPlugin
2026-05-14 09:39:46,850 [INFO] PluginManager:220 - loadIPPluginJar : add adc
2026-05-14 09:39:46,853 [INFO] IPUIPlugin:80 - create IPUIPlugin
2026-05-14 09:39:46,853 [INFO] PluginManager:220 - loadIPPluginJar : add aes
2026-05-14 09:39:46,856 [INFO] IPUIPlugin:80 - create IPUIPlugin
2026-05-14 09:39:46,856 [INFO] PluginManager:220 - loadIPPluginJar : add can
2026-05-14 09:39:46,858 [INFO] IPUIPlugin:80 - create IPUIPlugin
2026-05-14 09:39:46,858 [INFO] PluginManager:220 - loadIPPluginJar : add comp
2026-05-14 09:39:46,860 [INFO] IPUIPlugin:80 - create IPUIPlugin
2026-05-14 09:39:46,861 [INFO] PluginManager:220 - loadIPPluginJar : add cryp
2026-05-14 09:39:46,865 [INFO] IPUIPlugin:80 - create IPUIPlugin
2026-05-14 09:39:46,865 [INFO] PluginManager:220 - loadIPPluginJar : add ddr_ctrl_phy
2026-05-14 09:39:46,868 [INFO] IPUIPlugin:80 - create IPUIPlugin
2026-05-14 09:39:46,868 [INFO] PluginManager:220 - loadIPPluginJar : add dfsdm
2026-05-14 09:39:46,875 [INFO] IPUIPlugin:80 - create IPUIPlugin
2026-05-14 09:39:46,875 [INFO] PluginManager:220 - loadIPPluginJar : add dma
2026-05-14 09:39:46,879 [INFO] IPUIPlugin:80 - create IPUIPlugin
2026-05-14 09:39:46,879 [INFO] PluginManager:220 - loadIPPluginJar : add dma3
2026-05-14 09:39:46,882 [INFO] IPUIPlugin:80 - create IPUIPlugin
2026-05-14 09:39:46,882 [INFO] PluginManager:220 - loadIPPluginJar : add extmemmanager
2026-05-14 09:39:46,884 [INFO] IPUIPlugin:80 - create IPUIPlugin
2026-05-14 09:39:46,884 [INFO] PluginManager:220 - loadIPPluginJar : add fatfs
2026-05-14 09:39:46,889 [INFO] IPUIPlugin:80 - create IPUIPlugin
2026-05-14 09:39:46,890 [INFO] PluginManager:220 - loadIPPluginJar : add fmc
2026-05-14 09:39:46,899 [INFO] IPUIPlugin:80 - create IPUIPlugin
2026-05-14 09:39:46,899 [INFO] PluginManager:220 - loadIPPluginJar : add freertos
2026-05-14 09:39:46,901 [INFO] IPUIPlugin:80 - create IPUIPlugin
2026-05-14 09:39:46,901 [INFO] PluginManager:220 - loadIPPluginJar : add genericplugin
2026-05-14 09:39:46,905 [INFO] IPUIPlugin:80 - create IPUIPlugin
2026-05-14 09:39:46,905 [INFO] PluginManager:220 - loadIPPluginJar : add gfxmmu
2026-05-14 09:39:46,910 [INFO] IPUIPlugin:80 - create IPUIPlugin
2026-05-14 09:39:46,910 [INFO] PluginManager:220 - loadIPPluginJar : add gic
2026-05-14 09:39:46,915 [INFO] IPUIPlugin:80 - create IPUIPlugin
2026-05-14 09:39:46,916 [INFO] PluginManager:220 - loadIPPluginJar : add gpio
2026-05-14 09:39:46,919 [INFO] IPUIPlugin:80 - create IPUIPlugin
2026-05-14 09:39:46,919 [INFO] PluginManager:220 - loadIPPluginJar : add gtzc
2026-05-14 09:39:46,923 [INFO] IPUIPlugin:80 - create IPUIPlugin
2026-05-14 09:39:46,923 [INFO] PluginManager:220 - loadIPPluginJar : add hash
2026-05-14 09:39:46,926 [INFO] IPUIPlugin:80 - create IPUIPlugin
2026-05-14 09:39:46,926 [INFO] PluginManager:220 - loadIPPluginJar : add i2c
2026-05-14 09:39:46,930 [INFO] IPUIPlugin:80 - create IPUIPlugin
2026-05-14 09:39:46,930 [INFO] PluginManager:220 - loadIPPluginJar : add i2s
2026-05-14 09:39:46,934 [INFO] IPUIPlugin:80 - create IPUIPlugin
2026-05-14 09:39:46,934 [INFO] PluginManager:220 - loadIPPluginJar : add i3c
2026-05-14 09:39:46,939 [INFO] IPUIPlugin:80 - create IPUIPlugin
2026-05-14 09:39:46,940 [INFO] PluginManager:220 - loadIPPluginJar : add ipddr
2026-05-14 09:39:46,948 [INFO] IPUIPlugin:80 - create IPUIPlugin
2026-05-14 09:39:46,948 [INFO] PluginManager:220 - loadIPPluginJar : add linkedlist
2026-05-14 09:39:46,952 [INFO] IPUIPlugin:80 - create IPUIPlugin
2026-05-14 09:39:46,952 [INFO] PluginManager:220 - loadIPPluginJar : add lorawan
2026-05-14 09:39:46,954 [INFO] IPUIPlugin:80 - create IPUIPlugin
2026-05-14 09:39:46,954 [INFO] PluginManager:220 - loadIPPluginJar : add ltdc
2026-05-14 09:39:46,960 [INFO] IPUIPlugin:80 - create IPUIPlugin
2026-05-14 09:39:46,960 [INFO] PluginManager:220 - loadIPPluginJar : add mdma
2026-05-14 09:39:46,964 [INFO] IPUIPlugin:80 - create IPUIPlugin
2026-05-14 09:39:46,964 [INFO] PluginManager:220 - loadIPPluginJar : add nvic
2026-05-14 09:39:46,967 [INFO] IPUIPlugin:80 - create IPUIPlugin
2026-05-14 09:39:46,968 [INFO] PluginManager:220 - loadIPPluginJar : add opamp
2026-05-14 09:39:46,971 [INFO] IPUIPlugin:80 - create IPUIPlugin
2026-05-14 09:39:46,971 [INFO] PluginManager:220 - loadIPPluginJar : add openamp
2026-05-14 09:39:46,974 [INFO] IPUIPlugin:80 - create IPUIPlugin
2026-05-14 09:39:46,974 [INFO] PluginManager:220 - loadIPPluginJar : add pdm2pcm
2026-05-14 09:39:46,981 [INFO] IPUIPlugin:80 - create IPUIPlugin
2026-05-14 09:39:46,984 [INFO] PluginManager:220 - loadIPPluginJar : add plateformsettings
2026-05-14 09:39:46,987 [INFO] IPUIPlugin:80 - create IPUIPlugin
2026-05-14 09:39:46,988 [INFO] PluginManager:220 - loadIPPluginJar : add quadspi
2026-05-14 09:39:46,990 [INFO] IPUIPlugin:80 - create IPUIPlugin
2026-05-14 09:39:46,990 [INFO] PluginManager:220 - loadIPPluginJar : add radio
2026-05-14 09:39:46,995 [INFO] IPUIPlugin:80 - create IPUIPlugin
2026-05-14 09:39:46,996 [INFO] PluginManager:220 - loadIPPluginJar : add resmgrutility
2026-05-14 09:39:47,000 [INFO] IPUIPlugin:80 - create IPUIPlugin
2026-05-14 09:39:47,000 [INFO] PluginManager:220 - loadIPPluginJar : add sai
2026-05-14 09:39:47,003 [INFO] IPUIPlugin:80 - create IPUIPlugin
2026-05-14 09:39:47,003 [INFO] PluginManager:220 - loadIPPluginJar : add spi
2026-05-14 09:39:47,009 [INFO] IPUIPlugin:80 - create IPUIPlugin
2026-05-14 09:39:47,010 [INFO] PluginManager:220 - loadIPPluginJar : add stm32_wpan
2026-05-14 09:39:47,012 [INFO] IPUIPlugin:80 - create IPUIPlugin
2026-05-14 09:39:47,012 [INFO] PluginManager:220 - loadIPPluginJar : add tim
2026-05-14 09:39:47,016 [INFO] IPUIPlugin:80 - create IPUIPlugin
2026-05-14 09:39:47,016 [INFO] PluginManager:220 - loadIPPluginJar : add touchsensing
2026-05-14 09:39:47,019 [INFO] IPUIPlugin:80 - create IPUIPlugin
2026-05-14 09:39:47,019 [INFO] PluginManager:220 - loadIPPluginJar : add tracer_emb
2026-05-14 09:39:47,022 [INFO] IPUIPlugin:80 - create IPUIPlugin
2026-05-14 09:39:47,022 [INFO] PluginManager:220 - loadIPPluginJar : add ts
2026-05-14 09:39:47,024 [INFO] IPUIPlugin:80 - create IPUIPlugin
2026-05-14 09:39:47,024 [INFO] PluginManager:220 - loadIPPluginJar : add tsc
2026-05-14 09:39:47,027 [INFO] IPUIPlugin:80 - create IPUIPlugin
2026-05-14 09:39:47,027 [INFO] PluginManager:220 - loadIPPluginJar : add ucpd
2026-05-14 09:39:47,029 [INFO] IPUIPlugin:80 - create IPUIPlugin
2026-05-14 09:39:47,030 [INFO] PluginManager:220 - loadIPPluginJar : add usart
2026-05-14 09:39:47,033 [INFO] IPUIPlugin:80 - create IPUIPlugin
2026-05-14 09:39:47,034 [INFO] PluginManager:220 - loadIPPluginJar : add usbx
2026-05-14 09:39:47,155 [FATAL] Updater:351 - Updater called before beeing initialized
2026-05-14 09:39:47,192 [INFO] RulesReader:64 - Compatibility file has been processed (317 Rules)
2026-05-14 09:39:47,206 [INFO] RulesReader:64 - Compatibility file has been processed (317 Rules)
2026-05-14 09:39:47,217 [INFO] CADModel:165 - CPN selected for project level
2026-05-14 09:39:47,217 [INFO] CADModel:114 - Register for checkConnection events
2026-05-14 09:39:47,217 [FATAL] Updater:351 - Updater called before beeing initialized
2026-05-14 09:39:47,217 [ERROR] CADModel:125 - Updater not yet initialized, retry later 
2026-05-14 09:39:47,372 [FATAL] Updater:351 - Updater called before beeing initialized
2026-05-14 09:39:47,374 [INFO] CADModel:165 - CPN selected for project level
2026-05-14 09:39:47,375 [INFO] CADModel:114 - Register for checkConnection events
2026-05-14 09:39:47,375 [FATAL] Updater:351 - Updater called before beeing initialized
2026-05-14 09:39:47,375 [ERROR] CADModel:125 - Updater not yet initialized, retry later 
2026-05-14 09:39:47,379 [FATAL] Updater:351 - Updater called before beeing initialized
2026-05-14 09:39:47,488 [FATAL] Updater:351 - Updater called before beeing initialized
2026-05-14 09:39:47,493 [INFO] DbMcusAds:53 - JSON generation date=Mon Apr 27 13:44:29 IST 2026 (1777277669577)
2026-05-14 09:39:47,494 [FATAL] Updater:351 - Updater called before beeing initialized
2026-05-14 09:39:47,529 [WARN] DetailPanel:346 - Failed to get advertising image, set to default
2026-05-14 09:39:47,604 [FATAL] Updater:351 - Updater called before beeing initialized
2026-05-14 09:39:47,606 [FATAL] Updater:351 - Updater called before beeing initialized
2026-05-14 09:39:47,606 [FATAL] Updater:351 - Updater called before beeing initialized
2026-05-14 09:39:47,606 [WARN] DetailPanel:346 - Failed to get advertising image, set to default
2026-05-14 09:39:47,607 [FATAL] Updater:351 - Updater called before beeing initialized
2026-05-14 09:39:47,658 [ERROR] Updater:1198 - MainUpdater not yet initialized. External WinMGr cannot be set.
2026-05-14 09:39:47,660 [INFO] Updater:1134 - Updater Version found : 6.15.0
2026-05-14 09:39:47,681 [INFO] ApplicationProperties:184 - Using Application install path: D:\My_user\STM32CubeIDE_1.19.0\STM32CubeIDE\plugins\com.st.stm32cube.common.mx_6.15.0.202507011659
2026-05-14 09:39:48,087 [INFO] MainUpdater:2872 - connection check result : 10
2026-05-14 09:39:48,088 [INFO] MainUpdater:289 - Updater Check For Update Now.
2026-05-14 09:39:48,088 [INFO] MicroXplorer:498 - Change Database Version : DB.6.0.150
2026-05-14 09:39:48,094 [INFO] McuFinderGlobals:63 - Set McuFinder mode to 2 (CubeIDE integrated)
2026-05-14 09:39:48,096 [INFO] UserAuth:171 - activating auth plugin
2026-05-14 09:39:48,101 [INFO] UserAuth:487 - Internet connection configuration mode: 1
2026-05-14 09:39:48,153 [INFO] JxBrowserEngine:152 - Initiate JxBrowser Engine with user profile folder
2026-05-14 09:39:48,299 [INFO] CheckServerUpdateThread:120 - End of CheckServer Thread
2026-05-14 09:39:49,490 [WARN] PackLoader:240 - Cannot read IP mode file for STMicroelectronics.X-CUBE-AZRTOS-H7.3.5.0
2026-05-14 09:39:49,519 [WARN] PackLoader:240 - Cannot read IP mode file for STMicroelectronics.FP-ATR-ASTRA1.2.0.2
2026-05-14 09:39:49,596 [WARN] PackLoader:240 - Cannot read IP mode file for STMicroelectronics.X-CUBE-SMBUS.2.1.0
2026-05-14 09:39:49,624 [WARN] PackLoader:240 - Cannot read IP mode file for STMicroelectronics.X-CUBE-AZRTOS-F7.1.1.0
2026-05-14 09:39:49,672 [WARN] PackLoader:240 - Cannot read IP mode file for STMicroelectronics.FP-SNS-MOTENV1.5.1.0
2026-05-14 09:39:49,702 [WARN] PackLoader:240 - Cannot read IP mode file for WES.I-CUBE-Cesium.1.4.0
2026-05-14 09:39:49,718 [WARN] PackLoader:240 - Cannot read IP mode file for STMicroelectronics.X-CUBE-DISPLAY.3.0.0
2026-05-14 09:39:49,738 [WARN] PackLoader:240 - Cannot read IP mode file for STMicroelectronics.X-CUBE-GNSS1.7.1.1
2026-05-14 09:39:49,751 [WARN] PackLoader:240 - Cannot read IP mode file for STMicroelectronics.FP-SNS-MOTENVWB1.1.5.0
2026-05-14 09:39:49,761 [WARN] PackLoader:240 - Cannot read IP mode file for wolfSSL.I-CUBE-wolfSSL.5.9.1
2026-05-14 09:39:49,771 [WARN] PackLoader:240 - Cannot read IP mode file for STMicroelectronics.X-CUBE-NFC10.1.0.0
2026-05-14 09:39:49,781 [WARN] PackLoader:240 - Cannot read IP mode file for STMicroelectronics.X-CUBE-ST60.1.1.0
2026-05-14 09:39:49,791 [WARN] PackLoader:240 - Cannot read IP mode file for emotas.I-CUBE-CANOPEN.1.3.0
2026-05-14 09:39:49,801 [WARN] PackLoader:240 - Cannot read IP mode file for STMicroelectronics.FP-SNS-STBOX1.2.1.0
2026-05-14 09:39:49,811 [WARN] PackLoader:240 - Cannot read IP mode file for STMicroelectronics.FP-SNS-SMARTAG2.1.2.0
2026-05-14 09:39:49,818 [WARN] PackLoader:240 - Cannot read IP mode file for STMicroelectronics.FP-SNS-FLIGHT1.5.1.0
2026-05-14 09:39:49,832 [INFO] LogOutputStream:77 - [STDOUT_REDIRECT] 1 : Invalid condition id : UX_CORESTACK_Condition cause : null
2026-05-14 09:39:49,834 [INFO] LogOutputStream:77 - [STDOUT_REDIRECT] 1 : Invalid condition id : UX_CORESTACK_Condition cause : null
2026-05-14 09:39:49,835 [INFO] LogOutputStream:77 - [STDOUT_REDIRECT] 1 : Invalid condition id : UX_CORESTACK_Condition cause : null
2026-05-14 09:39:49,837 [INFO] LogOutputStream:77 - [STDOUT_REDIRECT] 1 : Invalid condition id : UX_CORESTACK_Condition cause : null
2026-05-14 09:39:49,838 [INFO] LogOutputStream:77 - [STDOUT_REDIRECT] 1 : Invalid condition id : UX_CORESTACK_Condition cause : null
2026-05-14 09:39:49,842 [WARN] PackLoader:240 - Cannot read IP mode file for STMicroelectronics.X-CUBE-AZRTOS-WL.2.0.0
2026-05-14 09:39:49,863 [WARN] PackLoader:240 - Cannot read IP mode file for STMicroelectronics.X-CUBE-AZRTOS-H7RS.1.2.0
2026-05-14 09:39:49,872 [WARN] PackLoader:240 - Cannot read IP mode file for STMicroelectronics.X-CUBE-BLE2.3.3.0
2026-05-14 09:39:49,926 [WARN] PackLoader:240 - Cannot read IP mode file for Infineon.AIROC-Wi-Fi-Bluetooth-STM32.1.8.0
2026-05-14 09:39:49,940 [WARN] PackLoader:240 - Cannot read IP mode file for STMicroelectronics.X-CUBE-NFC9.1.0.0
2026-05-14 09:39:49,950 [WARN] PackLoader:240 - Cannot read IP mode file for STMicroelectronics.X-CUBE-BLE1.7.1.0
2026-05-14 09:39:49,956 [WARN] PackLoader:240 - Cannot read IP mode file for wolfSSL.I-CUBE-wolfMQTT.1.19.2
2026-05-14 09:39:49,957 [INFO] WebApp:169 - Instantiating new browser for Auth
2026-05-14 09:39:49,963 [WARN] PackLoader:240 - Cannot read IP mode file for STMicroelectronics.X-CUBE-EEPRMA1.5.2.0
2026-05-14 09:39:49,971 [WARN] PackLoader:240 - Cannot read IP mode file for STMicroelectronics.FP-SNS-STAIOTCFT.1.1.0
2026-05-14 09:39:49,995 [WARN] PackLoader:240 - Cannot read IP mode file for STMicroelectronics.X-CUBE-AZRTOS-G0.1.1.0
2026-05-14 09:39:50,008 [WARN] PackLoader:240 - Cannot read IP mode file for STMicroelectronics.X-CUBE-NFC4.3.0.0
2026-05-14 09:39:50,022 [WARN] PackLoader:240 - Cannot read IP mode file for EmbeddedOffice.I-CUBE-FS-RTOS.1.0.1
2026-05-14 09:39:50,032 [WARN] PackLoader:240 - Cannot read IP mode file for wolfSSL.I-CUBE-wolfTPM.3.8.0
2026-05-14 09:39:50,041 [WARN] PackLoader:240 - Cannot read IP mode file for STMicroelectronics.X-CUBE-TCPP.4.2.0
2026-05-14 09:39:50,052 [WARN] PackLoader:240 - Cannot read IP mode file for RealThread.X-CUBE-RT-Thread_Nano.4.1.1
2026-05-14 09:39:50,061 [WARN] PackLoader:240 - Cannot read IP mode file for STMicroelectronics.FP-ATR-SIGFOX1.3.2.0
2026-05-14 09:39:50,072 [WARN] PackLoader:240 - Cannot read IP mode file for STMicroelectronics.X-CUBE-FREERTOS.1.5.0
2026-05-14 09:39:50,084 [WARN] PackLoader:240 - Cannot read IP mode file for ITTIA_DB.I-CUBE-ITTIADB.8.9.0
2026-05-14 09:39:50,096 [WARN] PackLoader:240 - Cannot read IP mode file for STMicroelectronics.X-CUBE-NFC6.3.2.0
2026-05-14 09:39:50,106 [WARN] PackLoader:240 - Cannot read IP mode file for STMicroelectronics.X-CUBE-AI.10.2.0
2026-05-14 09:39:50,173 [WARN] PackLoader:240 - Cannot read IP mode file for STMicroelectronics.X-CUBE-MEMS1.12.1.0
2026-05-14 09:39:50,419 [WARN] PackLoader:240 - Cannot read IP mode file for SEGGER.I-CUBE-embOS.1.3.1
2026-05-14 09:39:50,465 [WARN] PackLoader:240 - Cannot read IP mode file for STMicroelectronics.X-CUBE-ALGOBUILD.1.4.0
2026-05-14 09:39:50,473 [WARN] PackLoader:240 - Cannot read IP mode file for STMicroelectronics.X-CUBE-PM33A1.1.0.0
2026-05-14 09:39:50,498 [WARN] PackLoader:240 - Cannot read IP mode file for STMicroelectronics.X-CUBE-AZRTOS-F4.1.1.0
2026-05-14 09:39:50,511 [WARN] PackLoader:240 - Cannot read IP mode file for STMicroelectronics.X-CUBE-ISPU.2.1.0
2026-05-14 09:39:50,530 [WARN] PackLoader:240 - Cannot read IP mode file for STMicroelectronics.X-CUBE-IPS.3.2.0
2026-05-14 09:39:50,545 [WARN] PackLoader:240 - Cannot read IP mode file for STMicroelectronics.eDS-WB_DPC_TT-BIDIR.2.1.1
2026-05-14 09:39:50,554 [WARN] PackLoader:240 - Cannot read IP mode file for STMicroelectronics.X-CUBE-NFC12.1.0.0
2026-05-14 09:39:50,575 [WARN] PackLoader:240 - Cannot read IP mode file for STMicroelectronics.X-CUBE-AZRTOS-L5.2.0.0
2026-05-14 09:39:50,584 [WARN] PackLoader:240 - Cannot read IP mode file for STMicroelectronics.eDS-WB_DPC_VIENNA.1.2.0
2026-05-14 09:39:50,592 [WARN] PackLoader:240 - Cannot read IP mode file for STMicroelectronics.eDS-WB_DPC_3PH2L-BIDIR.1.1.1
2026-05-14 09:39:50,600 [ERROR] Engine:466 - C:\Users\User\.stm32cubemx\thirdparties\pdsc\STMicroelectronics.X-CUBE-ST67W61.1.3.0.pdsc: PDSC version is not supported
2026-05-14 09:39:50,608 [WARN] PackLoader:240 - Cannot read IP mode file for STMicroelectronics.X-CUBE-TOUCHGFX.4.26.1
2026-05-14 09:39:50,617 [WARN] PackLoader:240 - Cannot read IP mode file for STMicroelectronics.X-CUBE-DPower.1.3.0
2026-05-14 09:39:50,635 [WARN] ConditionMgr:438 - getConditionDescription Invalid condition id : LAN8742 Phy interface Condition cause : null
2026-05-14 09:39:50,636 [WARN] PackLoader:240 - Cannot read IP mode file for STMicroelectronics.X-CUBE-AZRTOS-L4.2.0.0
2026-05-14 09:39:50,637 [WARN] ConditionMgr:1044 - genDependencies : Invalid condition id : LAN8742 Phy interface Condition cause : null
2026-05-14 09:39:50,638 [WARN] ConditionMgr:1044 - genDependencies : Invalid condition id : LAN8742 Phy interface Condition cause : null
2026-05-14 09:39:50,638 [WARN] ConditionMgr:1044 - genDependencies : Invalid condition id : LAN8742 Phy interface Condition cause : null
2026-05-14 09:39:50,648 [WARN] PackLoader:240 - Cannot read IP mode file for STMicroelectronics.X-CUBE-SFXS2LP1.4.0.0
2026-05-14 09:39:50,658 [WARN] PackLoader:240 - Cannot read IP mode file for STMicroelectronics.X-CUBE-WB05N.2.1.0
2026-05-14 09:39:50,669 [WARN] PackLoader:240 - Cannot read IP mode file for STMicroelectronics.X-CUBE-BLEMGR.4.1.0
2026-05-14 09:39:50,685 [WARN] ConditionMgr:438 - getConditionDescription Invalid condition id : UX DEVICE CLASS RTOS Condition cause : null
2026-05-14 09:39:50,686 [WARN] ConditionMgr:438 - getConditionDescription Invalid condition id : UX DEVICE CLASS RTOS Condition cause : null
2026-05-14 09:39:50,688 [WARN] PackLoader:240 - Cannot read IP mode file for STMicroelectronics.X-CUBE-AZRTOS-WB.2.0.0
2026-05-14 09:39:50,689 [WARN] ConditionMgr:1044 - genDependencies : Invalid condition id : UX DEVICE CLASS RTOS Condition cause : null
2026-05-14 09:39:50,689 [WARN] ConditionMgr:1044 - genDependencies : Invalid condition id : UX DEVICE CLASS RTOS Condition cause : null
2026-05-14 09:39:50,689 [WARN] ConditionMgr:1044 - genDependencies : Invalid condition id : UX DEVICE CLASS RTOS Condition cause : null
2026-05-14 09:39:50,690 [WARN] ConditionMgr:1044 - genDependencies : Invalid condition id : UX DEVICE CLASS RTOS Condition cause : null
2026-05-14 09:39:50,690 [WARN] ConditionMgr:1044 - genDependencies : Invalid condition id : UX DEVICE CLASS RTOS Condition cause : null
2026-05-14 09:39:50,698 [WARN] ConditionMgr:438 - getConditionDescription Invalid condition id : Cortex-A Device cause : null
2026-05-14 09:39:50,712 [WARN] ConditionMgr:1044 - genDependencies : Invalid condition id : Cortex-A Device cause : null
2026-05-14 09:39:50,712 [WARN] ConditionMgr:1044 - genDependencies : Invalid condition id : Cortex-A Device cause : null
2026-05-14 09:39:50,712 [WARN] ConditionMgr:1044 - genDependencies : Invalid condition id : Cortex-A Device cause : null
2026-05-14 09:39:50,722 [WARN] PackLoader:240 - Cannot read IP mode file for STMicroelectronics.X-CUBE-STSE01.2.0.0
2026-05-14 09:39:50,735 [WARN] PackLoader:240 - Cannot read IP mode file for STMicroelectronics.X-CUBE-SUBG2.5.0.0
2026-05-14 09:39:50,754 [WARN] PackLoader:240 - Cannot read IP mode file for STMicroelectronics.X-CUBE-AZRTOS-G4.2.0.0
2026-05-14 09:39:50,764 [WARN] PackLoader:240 - Cannot read IP mode file for wolfSSL.I-CUBE-wolfSSH.1.4.20
2026-05-14 09:39:50,773 [WARN] PackLoader:240 - Cannot read IP mode file for STMicroelectronics.X-CUBE-NFC7.2.0.0
2026-05-14 09:39:50,781 [WARN] PackLoader:240 - Cannot read IP mode file for STMicroelectronics.X-CUBE-ALS.1.0.2
2026-05-14 09:39:50,795 [WARN] PackLoader:240 - Cannot read IP mode file for STMicroelectronics.X-CUBE-TOF1.3.4.3
2026-05-14 09:39:50,804 [INFO] ThirdParty:978 - Integrity check success = true
2026-05-14 09:39:50,804 [INFO] IntegrityCheckThread:100 - exiting critical section [integrity check]
2026-05-14 09:39:50,804 [INFO] IntegrityCheckThread:103 - End integrity checks thread
2026-05-14 09:39:51,870 [INFO] WebApp:463 - Apply proxy settings
2026-05-14 09:39:51,871 [INFO] WebApp:548 - Chromium requires no authentication
2026-05-14 09:39:51,882 [INFO] WebApp:491 - Direct internet connection detected
2026-05-14 09:39:51,908 [INFO] WebApp:900 - Register for checkConnection events
2026-05-14 09:39:51,908 [INFO] WebApp:463 - Apply proxy settings
2026-05-14 09:39:51,908 [INFO] WebApp:548 - Chromium requires no authentication
2026-05-14 09:39:51,909 [INFO] WebApp:491 - Direct internet connection detected
2026-05-14 09:39:52,134 [INFO] WebApp:225 - Starting web application
2026-05-14 09:39:52,134 [INFO] WebApp:593 - Web application path used D:\My_user\STM32CubeIDE_1.19.0\STM32CubeIDE\plugins\com.st.stm32cube.common.mx_6.15.0.202507011659\db\plugins\mcufinder\reactClient1\index.html
2026-05-14 09:39:52,134 [INFO] WebApp:191 - Connection restablished
2026-05-14 10:34:47,158 [INFO] WebApp:194 - Connection lost
2026-05-14 10:34:47,490 [INFO] WebApp:191 - Connection restablished
2026-05-14 11:34:47,093 [INFO] WebApp:194 - Connection lost
2026-05-14 11:34:48,549 [INFO] WebApp:191 - Connection restablished
2026-05-14 12:34:48,684 [INFO] WebApp:194 - Connection lost
2026-05-14 12:34:49,135 [INFO] WebApp:191 - Connection restablished
2026-05-14 13:57:07,388 [INFO] WebApp:194 - Connection lost
2026-05-14 13:57:08,157 [INFO] WebApp:191 - Connection restablished
2026-05-14 14:36:13,607 [INFO] WebApp:194 - Connection lost
2026-05-14 14:36:14,983 [INFO] WebApp:191 - Connection restablished
2026-05-14 15:36:15,145 [INFO] WebApp:194 - Connection lost
2026-05-14 15:36:16,528 [INFO] WebApp:191 - Connection restablished
2026-05-14 16:36:16,614 [INFO] WebApp:194 - Connection lost
2026-05-14 16:36:18,183 [INFO] WebApp:191 - Connection restablished
2026-05-14 17:36:18,084 [INFO] WebApp:194 - Connection lost
2026-05-14 17:36:18,549 [INFO] WebApp:191 - Connection restablished
2026-05-14 17:36:21,293 [INFO] WebApp:194 - Connection lost
2026-05-14 17:36:21,553 [INFO] WebApp:191 - Connection restablished
2026-05-14 17:40:10,835 [INFO] WebApp:403 - JxBrowser engine has been closed 
2026-05-14 21:28:08,276 [ERROR] LogOutputStream:75 - [STDERR_REDIRECT] 
