2026-05-16 10:51:07,458 [INFO] Activator:176 - 


2026-05-16 10:51:07,469 [INFO] Activator:177 - !SESSION log4j initialized
2026-05-16 10:51:16,887 [INFO] LogOutputStream:77 - [STDOUT_REDIRECT] 
2026-05-16 10:51:18,615 [INFO] ApplicationProperties:184 - Using Application install path: D:\My_user\STM32CubeIDE_1.19.0\STM32CubeIDE\plugins\com.st.stm32cube.common.mx_6.15.0.202507011659
2026-05-16 10:51:18,660 [INFO] DbMcusXml:78 - Set database path to: D:\My_user\STM32CubeIDE_1.19.0\STM32CubeIDE\plugins\com.st.stm32cube.common.mx_6.15.0.202507011659\\db\/mcu/
2026-05-16 10:51:18,660 [INFO] ApiDb:274 - Set plugin database path to: D:\My_user\STM32CubeIDE_1.19.0\STM32CubeIDE\plugins\com.st.stm32cube.common.mx_6.15.0.202507011659\\db\/plugins/boardmanager/
2026-05-16 10:51:18,661 [WARN] ApiDb:259 - Overriding images path with different value:  => D:\My_user\STM32CubeIDE_1.19.0\STM32CubeIDE\plugins\com.st.stm32cube.common.mx_6.15.0.202507011659\\db\/plugins/mcufinder/images/
2026-05-16 10:51:18,674 [INFO] ApiDb:250 - Set database path to: C:\Users\User\.stmcufinder\plugins\mcufinder//mcu/
2026-05-16 10:51:18,675 [INFO] DbMcusAds:125 - Set database path to: C:\Users\User\.stmcufinder\plugins\mcufinder//mcu/
2026-05-16 10:51:18,681 [INFO] CrossReferenceDbSqlite:203 - Set database path to: C:\Users\User\.stmcufinder\plugins\mcufinder//mcu/cs/
2026-05-16 10:51:18,892 [INFO] RulesReader:64 - Compatibility file has been processed (317 Rules)
2026-05-16 10:51:19,033 [INFO] DbMcusXml:78 - Set database path to: D:\My_user\STM32CubeIDE_1.19.0\STM32CubeIDE\plugins\com.st.stm32cube.common.mx_6.15.0.202507011659\\db\/mcu/
2026-05-16 10:51:19,034 [INFO] ApiDb:274 - Set plugin database path to: D:\My_user\STM32CubeIDE_1.19.0\STM32CubeIDE\plugins\com.st.stm32cube.common.mx_6.15.0.202507011659\\db\/plugins/boardmanager/
2026-05-16 10:51:19,034 [INFO] ApiDb:261 - Set plugin images path to: D:\My_user\STM32CubeIDE_1.19.0\STM32CubeIDE\plugins\com.st.stm32cube.common.mx_6.15.0.202507011659\\db\/plugins/mcufinder/images/
2026-05-16 10:51:19,034 [WARN] DbFile:41 - Overriding database path with different value: C:\Users\User\.stmcufinder\plugins\mcufinder/ => C:\Users\User\.stmcufinder\plugins\mcufinder
2026-05-16 10:51:19,034 [INFO] ApiDb:250 - Set database path to: C:\Users\User\.stmcufinder\plugins\mcufinder//mcu/
2026-05-16 10:51:19,035 [WARN] DbFile:41 - Overriding database path with different value: C:\Users\User\.stmcufinder\plugins\mcufinder/ => C:\Users\User\.stmcufinder\plugins\mcufinder
2026-05-16 10:51:19,035 [INFO] DbMcusAds:125 - Set database path to: C:\Users\User\.stmcufinder\plugins\mcufinder//mcu/
2026-05-16 10:51:19,035 [WARN] DbFile:41 - Overriding database path with different value: C:\Users\User\.stmcufinder\plugins\mcufinder/ => C:\Users\User\.stmcufinder\plugins\mcufinder
2026-05-16 10:51:19,035 [WARN] DbFile:41 - Overriding database path with different value: C:\Users\User\.stmcufinder\plugins\mcufinder/ => C:\Users\User\.stmcufinder\plugins\mcufinder
2026-05-16 10:51:19,035 [INFO] CrossReferenceDbSqlite:203 - Set database path to: C:\Users\User\.stmcufinder\plugins\mcufinder//mcu/cs/
2026-05-16 10:51:19,168 [INFO] MainPanel:274 - HeapMemory: 268435456
2026-05-16 10:51:19,442 [INFO] DbMcusXml:78 - Set database path to: D:\My_user\STM32CubeIDE_1.19.0\STM32CubeIDE\plugins\com.st.stm32cube.common.mx_6.15.0.202507011659\\db\/mcu/
2026-05-16 10:51:19,442 [INFO] ApiDb:274 - Set plugin database path to: D:\My_user\STM32CubeIDE_1.19.0\STM32CubeIDE\plugins\com.st.stm32cube.common.mx_6.15.0.202507011659\\db\/plugins/boardmanager/
2026-05-16 10:51:19,442 [INFO] ApiDb:261 - Set plugin images path to: D:\My_user\STM32CubeIDE_1.19.0\STM32CubeIDE\plugins\com.st.stm32cube.common.mx_6.15.0.202507011659\\db\/plugins/mcufinder/images/
2026-05-16 10:51:19,443 [WARN] DbFile:41 - Overriding database path with different value: C:\Users\User\.stmcufinder\plugins\mcufinder/ => C:\Users\User\.stmcufinder\plugins\mcufinder
2026-05-16 10:51:19,443 [INFO] ApiDb:250 - Set database path to: C:\Users\User\.stmcufinder\plugins\mcufinder//mcu/
2026-05-16 10:51:19,444 [WARN] DbFile:41 - Overriding database path with different value: C:\Users\User\.stmcufinder\plugins\mcufinder/ => C:\Users\User\.stmcufinder\plugins\mcufinder
2026-05-16 10:51:19,444 [INFO] DbMcusAds:125 - Set database path to: C:\Users\User\.stmcufinder\plugins\mcufinder//mcu/
2026-05-16 10:51:19,444 [WARN] DbFile:41 - Overriding database path with different value: C:\Users\User\.stmcufinder\plugins\mcufinder/ => C:\Users\User\.stmcufinder\plugins\mcufinder
2026-05-16 10:51:19,444 [WARN] DbFile:41 - Overriding database path with different value: C:\Users\User\.stmcufinder\plugins\mcufinder/ => C:\Users\User\.stmcufinder\plugins\mcufinder
2026-05-16 10:51:19,444 [INFO] CrossReferenceDbSqlite:203 - Set database path to: C:\Users\User\.stmcufinder\plugins\mcufinder//mcu/cs/
2026-05-16 10:51:19,493 [INFO] ApplicationProperties:184 - Using Application install path: D:\My_user\STM32CubeIDE_1.19.0\STM32CubeIDE\plugins\com.st.stm32cube.common.mx_6.15.0.202507011659
2026-05-16 10:51:19,496 [INFO] PluginManage:196 - Search for loadable plugins [exclusion list=, ]
2026-05-16 10:51:19,500 [INFO] PluginManage:310 - Check plugin analytics
2026-05-16 10:51:19,907 [INFO] AnalyticsPlugin:253 - Accepted Software Licenses: 
2026-05-16 10:51:19,907 [INFO] AnalyticsPlugin:255 - Accepted CMSIS Pack Licenses: 
2026-05-16 10:51:19,908 [INFO] AnalyticsPlugin:257 - Accepted Firmware Licenses: FW.L4.1.18.0
2026-05-16 10:51:19,914 [INFO] PluginManage:359 - Loaded plugin analytics (category:tool,tabindex:-1)
2026-05-16 10:51:19,914 [INFO] PluginManage:310 - Check plugin cadmodel
2026-05-16 10:51:19,929 [INFO] CADModel:105 - Init CAD model plugin
2026-05-16 10:51:19,930 [INFO] PluginManage:359 - Loaded plugin cadmodel (category:power,tabindex:5)
2026-05-16 10:51:19,931 [INFO] PluginManage:310 - Check plugin clock
2026-05-16 10:51:19,960 [INFO] PluginManage:359 - Loaded plugin clock (category:base,tabindex:2)
2026-05-16 10:51:19,961 [INFO] PluginManage:310 - Check plugin ddr
2026-05-16 10:51:19,971 [INFO] PluginManage:359 - Loaded plugin ddr (category:tool,tabindex:6)
2026-05-16 10:51:19,972 [INFO] PluginManage:310 - Check plugin filemanager
2026-05-16 10:51:20,294 [INFO] PluginManage:359 - Loaded plugin filemanager (category:base,tabindex:10)
2026-05-16 10:51:20,295 [INFO] PluginManage:310 - Check plugin ipmanager
2026-05-16 10:51:20,307 [INFO] PluginManage:359 - Loaded plugin ipmanager (category:base,tabindex:5)
2026-05-16 10:51:20,308 [INFO] PluginManage:310 - Check plugin lpbam
2026-05-16 10:51:20,324 [INFO] PluginManage:359 - Loaded plugin lpbam (category:base,tabindex:0)
2026-05-16 10:51:20,324 [INFO] PluginManage:310 - Check plugin memorymap
2026-05-16 10:51:20,349 [INFO] PluginManage:359 - Loaded plugin memorymap (category:base,tabindex:4)
2026-05-16 10:51:20,350 [INFO] PluginManage:310 - Check plugin pinoutandconfiguration
2026-05-16 10:51:20,365 [INFO] PluginManage:359 - Loaded plugin pinoutandconfiguration (category:base,tabindex:1)
2026-05-16 10:51:20,366 [INFO] PluginManage:310 - Check plugin pinoutconfig
2026-05-16 10:51:20,547 [WARN] SupportedApi:132 - Cannot load RTOS API schema: s4s-elt-must-match.1: The content of 'definitions' must match (annotation?, (simpleType | complexType)?, (unique | key | keyref)*)). A problem was found starting at: attribute.
2026-05-16 10:51:20,834 [INFO] PluginManage:359 - Loaded plugin pinoutconfig (category:base,tabindex:0)
2026-05-16 10:51:20,835 [INFO] PluginManage:310 - Check plugin power
2026-05-16 10:51:20,855 [INFO] PluginManage:359 - Loaded plugin power (category:power,tabindex:4)
2026-05-16 10:51:20,855 [INFO] PluginManage:310 - Check plugin projectmanager
2026-05-16 10:51:20,891 [INFO] PluginManage:359 - Loaded plugin projectmanager (category:projectmanager,tabindex:4)
2026-05-16 10:51:20,893 [INFO] PluginManage:310 - Check plugin rif
2026-05-16 10:51:20,916 [INFO] PluginManage:359 - Loaded plugin rif (category:base,tabindex:3)
2026-05-16 10:51:20,916 [INFO] PluginManage:310 - Check plugin thirdparty
2026-05-16 10:51:21,226 [INFO] PluginManage:359 - Loaded plugin thirdparty (category:base,tabindex:-1)
2026-05-16 10:51:21,226 [WARN] IntegrityCheckThread:84 - waiting for thirdparty lock release [integrity check]
2026-05-16 10:51:21,227 [INFO] IntegrityCheckThread:86 - entering critical section [integrity check]
2026-05-16 10:51:21,227 [INFO] PluginManage:310 - Check plugin tools
2026-05-16 10:51:21,228 [INFO] ThirdPartyUpdaterWithRetryManager:70 - Updater plugin not ready yet. [1/15]
2026-05-16 10:51:21,232 [INFO] PluginManage:359 - Loaded plugin tools (category:base,tabindex:7)
2026-05-16 10:51:21,232 [INFO] PluginManage:310 - Check plugin tutovideos
2026-05-16 10:51:21,579 [INFO] PluginManage:359 - Loaded plugin tutovideos (category:base,tabindex:-1)
2026-05-16 10:51:21,580 [INFO] PluginManage:310 - Check plugin updater
2026-05-16 10:51:21,612 [INFO] PluginManage:359 - Loaded plugin updater (category:base,tabindex:12)
2026-05-16 10:51:21,612 [INFO] PluginManage:310 - Check plugin userauth
2026-05-16 10:51:21,620 [INFO] UserAuth:118 - Init User Auth plugin
2026-05-16 10:51:21,622 [INFO] PluginManage:359 - Loaded plugin userauth (category:base,tabindex:14)
2026-05-16 10:51:21,623 [INFO] PluginManage:283 - PluginManage : Loaded plugins [18]
2026-05-16 10:51:22,046 [INFO] PinOutPanel:1589 - setPackage(No Configuration,No Configuration)
2026-05-16 10:51:22,199 [INFO] CADModel:165 - CPN selected for project level
2026-05-16 10:51:22,199 [INFO] CADModel:114 - Register for checkConnection events
2026-05-16 10:51:22,236 [INFO] IPUIPlugin:80 - create IPUIPlugin
2026-05-16 10:51:22,236 [INFO] PluginManager:220 - loadIPPluginJar : add adc
2026-05-16 10:51:22,241 [INFO] IPUIPlugin:80 - create IPUIPlugin
2026-05-16 10:51:22,242 [INFO] PluginManager:220 - loadIPPluginJar : add aes
2026-05-16 10:51:22,248 [INFO] IPUIPlugin:80 - create IPUIPlugin
2026-05-16 10:51:22,249 [INFO] PluginManager:220 - loadIPPluginJar : add can
2026-05-16 10:51:22,252 [INFO] IPUIPlugin:80 - create IPUIPlugin
2026-05-16 10:51:22,253 [INFO] PluginManager:220 - loadIPPluginJar : add comp
2026-05-16 10:51:22,257 [INFO] IPUIPlugin:80 - create IPUIPlugin
2026-05-16 10:51:22,257 [INFO] PluginManager:220 - loadIPPluginJar : add cryp
2026-05-16 10:51:22,264 [INFO] IPUIPlugin:80 - create IPUIPlugin
2026-05-16 10:51:22,264 [INFO] PluginManager:220 - loadIPPluginJar : add ddr_ctrl_phy
2026-05-16 10:51:22,267 [INFO] IPUIPlugin:80 - create IPUIPlugin
2026-05-16 10:51:22,267 [INFO] PluginManager:220 - loadIPPluginJar : add dfsdm
2026-05-16 10:51:22,277 [INFO] IPUIPlugin:80 - create IPUIPlugin
2026-05-16 10:51:22,277 [INFO] PluginManager:220 - loadIPPluginJar : add dma
2026-05-16 10:51:22,283 [INFO] IPUIPlugin:80 - create IPUIPlugin
2026-05-16 10:51:22,283 [INFO] PluginManager:220 - loadIPPluginJar : add dma3
2026-05-16 10:51:22,289 [INFO] IPUIPlugin:80 - create IPUIPlugin
2026-05-16 10:51:22,289 [INFO] PluginManager:220 - loadIPPluginJar : add extmemmanager
2026-05-16 10:51:22,292 [INFO] IPUIPlugin:80 - create IPUIPlugin
2026-05-16 10:51:22,293 [INFO] PluginManager:220 - loadIPPluginJar : add fatfs
2026-05-16 10:51:22,302 [INFO] IPUIPlugin:80 - create IPUIPlugin
2026-05-16 10:51:22,302 [INFO] PluginManager:220 - loadIPPluginJar : add fmc
2026-05-16 10:51:22,313 [INFO] IPUIPlugin:80 - create IPUIPlugin
2026-05-16 10:51:22,314 [INFO] PluginManager:220 - loadIPPluginJar : add freertos
2026-05-16 10:51:22,317 [INFO] IPUIPlugin:80 - create IPUIPlugin
2026-05-16 10:51:22,317 [INFO] PluginManager:220 - loadIPPluginJar : add genericplugin
2026-05-16 10:51:22,320 [INFO] IPUIPlugin:80 - create IPUIPlugin
2026-05-16 10:51:22,321 [INFO] PluginManager:220 - loadIPPluginJar : add gfxmmu
2026-05-16 10:51:22,328 [INFO] IPUIPlugin:80 - create IPUIPlugin
2026-05-16 10:51:22,328 [INFO] PluginManager:220 - loadIPPluginJar : add gic
2026-05-16 10:51:22,335 [INFO] IPUIPlugin:80 - create IPUIPlugin
2026-05-16 10:51:22,335 [INFO] PluginManager:220 - loadIPPluginJar : add gpio
2026-05-16 10:51:22,339 [INFO] IPUIPlugin:80 - create IPUIPlugin
2026-05-16 10:51:22,339 [INFO] PluginManager:220 - loadIPPluginJar : add gtzc
2026-05-16 10:51:22,342 [INFO] IPUIPlugin:80 - create IPUIPlugin
2026-05-16 10:51:22,342 [INFO] PluginManager:220 - loadIPPluginJar : add hash
2026-05-16 10:51:22,346 [INFO] IPUIPlugin:80 - create IPUIPlugin
2026-05-16 10:51:22,346 [INFO] PluginManager:220 - loadIPPluginJar : add i2c
2026-05-16 10:51:22,353 [INFO] IPUIPlugin:80 - create IPUIPlugin
2026-05-16 10:51:22,353 [INFO] PluginManager:220 - loadIPPluginJar : add i2s
2026-05-16 10:51:22,358 [INFO] IPUIPlugin:80 - create IPUIPlugin
2026-05-16 10:51:22,359 [INFO] PluginManager:220 - loadIPPluginJar : add i3c
2026-05-16 10:51:22,366 [INFO] IPUIPlugin:80 - create IPUIPlugin
2026-05-16 10:51:22,367 [INFO] PluginManager:220 - loadIPPluginJar : add ipddr
2026-05-16 10:51:22,382 [INFO] IPUIPlugin:80 - create IPUIPlugin
2026-05-16 10:51:22,383 [INFO] PluginManager:220 - loadIPPluginJar : add linkedlist
2026-05-16 10:51:22,389 [INFO] IPUIPlugin:80 - create IPUIPlugin
2026-05-16 10:51:22,389 [INFO] PluginManager:220 - loadIPPluginJar : add lorawan
2026-05-16 10:51:22,393 [INFO] IPUIPlugin:80 - create IPUIPlugin
2026-05-16 10:51:22,394 [INFO] PluginManager:220 - loadIPPluginJar : add ltdc
2026-05-16 10:51:22,407 [INFO] IPUIPlugin:80 - create IPUIPlugin
2026-05-16 10:51:22,408 [INFO] PluginManager:220 - loadIPPluginJar : add mdma
2026-05-16 10:51:22,416 [INFO] IPUIPlugin:80 - create IPUIPlugin
2026-05-16 10:51:22,416 [INFO] PluginManager:220 - loadIPPluginJar : add nvic
2026-05-16 10:51:22,423 [INFO] IPUIPlugin:80 - create IPUIPlugin
2026-05-16 10:51:22,423 [INFO] PluginManager:220 - loadIPPluginJar : add opamp
2026-05-16 10:51:22,429 [INFO] IPUIPlugin:80 - create IPUIPlugin
2026-05-16 10:51:22,430 [INFO] PluginManager:220 - loadIPPluginJar : add openamp
2026-05-16 10:51:22,437 [INFO] IPUIPlugin:80 - create IPUIPlugin
2026-05-16 10:51:22,437 [INFO] PluginManager:220 - loadIPPluginJar : add pdm2pcm
2026-05-16 10:51:22,449 [INFO] IPUIPlugin:80 - create IPUIPlugin
2026-05-16 10:51:22,454 [INFO] PluginManager:220 - loadIPPluginJar : add plateformsettings
2026-05-16 10:51:22,458 [INFO] IPUIPlugin:80 - create IPUIPlugin
2026-05-16 10:51:22,458 [INFO] PluginManager:220 - loadIPPluginJar : add quadspi
2026-05-16 10:51:22,462 [INFO] IPUIPlugin:80 - create IPUIPlugin
2026-05-16 10:51:22,464 [INFO] PluginManager:220 - loadIPPluginJar : add radio
2026-05-16 10:51:22,471 [INFO] IPUIPlugin:80 - create IPUIPlugin
2026-05-16 10:51:22,472 [INFO] PluginManager:220 - loadIPPluginJar : add resmgrutility
2026-05-16 10:51:22,479 [INFO] IPUIPlugin:80 - create IPUIPlugin
2026-05-16 10:51:22,480 [INFO] PluginManager:220 - loadIPPluginJar : add sai
2026-05-16 10:51:22,486 [INFO] IPUIPlugin:80 - create IPUIPlugin
2026-05-16 10:51:22,486 [INFO] PluginManager:220 - loadIPPluginJar : add spi
2026-05-16 10:51:22,500 [INFO] IPUIPlugin:80 - create IPUIPlugin
2026-05-16 10:51:22,501 [INFO] PluginManager:220 - loadIPPluginJar : add stm32_wpan
2026-05-16 10:51:22,505 [INFO] IPUIPlugin:80 - create IPUIPlugin
2026-05-16 10:51:22,505 [INFO] PluginManager:220 - loadIPPluginJar : add tim
2026-05-16 10:51:22,517 [INFO] IPUIPlugin:80 - create IPUIPlugin
2026-05-16 10:51:22,517 [INFO] PluginManager:220 - loadIPPluginJar : add touchsensing
2026-05-16 10:51:22,522 [INFO] IPUIPlugin:80 - create IPUIPlugin
2026-05-16 10:51:22,522 [INFO] PluginManager:220 - loadIPPluginJar : add tracer_emb
2026-05-16 10:51:22,529 [INFO] IPUIPlugin:80 - create IPUIPlugin
2026-05-16 10:51:22,531 [INFO] PluginManager:220 - loadIPPluginJar : add ts
2026-05-16 10:51:22,534 [INFO] IPUIPlugin:80 - create IPUIPlugin
2026-05-16 10:51:22,535 [INFO] PluginManager:220 - loadIPPluginJar : add tsc
2026-05-16 10:51:22,540 [INFO] IPUIPlugin:80 - create IPUIPlugin
2026-05-16 10:51:22,541 [INFO] PluginManager:220 - loadIPPluginJar : add ucpd
2026-05-16 10:51:22,548 [INFO] IPUIPlugin:80 - create IPUIPlugin
2026-05-16 10:51:22,548 [INFO] PluginManager:220 - loadIPPluginJar : add usart
2026-05-16 10:51:22,557 [INFO] IPUIPlugin:80 - create IPUIPlugin
2026-05-16 10:51:22,557 [INFO] PluginManager:220 - loadIPPluginJar : add usbx
2026-05-16 10:51:22,765 [FATAL] Updater:351 - Updater called before beeing initialized
2026-05-16 10:51:22,811 [INFO] RulesReader:64 - Compatibility file has been processed (317 Rules)
2026-05-16 10:51:22,829 [INFO] RulesReader:64 - Compatibility file has been processed (317 Rules)
2026-05-16 10:51:22,844 [INFO] CADModel:165 - CPN selected for project level
2026-05-16 10:51:22,844 [INFO] CADModel:114 - Register for checkConnection events
2026-05-16 10:51:22,844 [FATAL] Updater:351 - Updater called before beeing initialized
2026-05-16 10:51:22,844 [ERROR] CADModel:125 - Updater not yet initialized, retry later 
2026-05-16 10:51:23,112 [FATAL] Updater:351 - Updater called before beeing initialized
2026-05-16 10:51:23,121 [INFO] CADModel:165 - CPN selected for project level
2026-05-16 10:51:23,122 [INFO] CADModel:114 - Register for checkConnection events
2026-05-16 10:51:23,123 [FATAL] Updater:351 - Updater called before beeing initialized
2026-05-16 10:51:23,123 [ERROR] CADModel:125 - Updater not yet initialized, retry later 
2026-05-16 10:51:23,133 [FATAL] Updater:351 - Updater called before beeing initialized
2026-05-16 10:51:23,356 [FATAL] Updater:351 - Updater called before beeing initialized
2026-05-16 10:51:23,365 [INFO] DbMcusAds:53 - JSON generation date=Mon Apr 27 13:44:29 IST 2026 (1777277669577)
2026-05-16 10:51:23,366 [FATAL] Updater:351 - Updater called before beeing initialized
2026-05-16 10:51:23,435 [WARN] DetailPanel:346 - Failed to get advertising image, set to default
2026-05-16 10:51:23,563 [FATAL] Updater:351 - Updater called before beeing initialized
2026-05-16 10:51:23,565 [FATAL] Updater:351 - Updater called before beeing initialized
2026-05-16 10:51:23,566 [FATAL] Updater:351 - Updater called before beeing initialized
2026-05-16 10:51:23,566 [WARN] DetailPanel:346 - Failed to get advertising image, set to default
2026-05-16 10:51:23,568 [FATAL] Updater:351 - Updater called before beeing initialized
2026-05-16 10:51:23,638 [ERROR] Updater:1198 - MainUpdater not yet initialized. External WinMGr cannot be set.
2026-05-16 10:51:23,642 [INFO] Updater:1134 - Updater Version found : 6.15.0
2026-05-16 10:51:23,667 [INFO] ApplicationProperties:184 - Using Application install path: D:\My_user\STM32CubeIDE_1.19.0\STM32CubeIDE\plugins\com.st.stm32cube.common.mx_6.15.0.202507011659
2026-05-16 10:51:24,199 [INFO] MainUpdater:2872 - connection check result : 10
2026-05-16 10:51:24,201 [INFO] MainUpdater:289 - Updater Check For Update Now.
2026-05-16 10:51:24,201 [INFO] MicroXplorer:498 - Change Database Version : DB.6.0.150
2026-05-16 10:51:24,211 [INFO] McuFinderGlobals:63 - Set McuFinder mode to 2 (CubeIDE integrated)
2026-05-16 10:51:24,212 [INFO] UserAuth:171 - activating auth plugin
2026-05-16 10:51:24,218 [INFO] UserAuth:487 - Internet connection configuration mode: 1
2026-05-16 10:51:24,232 [WARN] MainUpdater:1193 - Updater busy. Cannot search thirdparties
2026-05-16 10:51:24,234 [INFO] ThirdPartyUpdaterWithRetryManager:96 - Updater plugin is busy. [1/15]
2026-05-16 10:51:24,268 [INFO] JxBrowserEngine:152 - Initiate JxBrowser Engine with user profile folder
2026-05-16 10:51:24,428 [INFO] CheckServerUpdateThread:120 - End of CheckServer Thread
2026-05-16 10:51:26,143 [INFO] WebApp:169 - Instantiating new browser for Auth
2026-05-16 10:51:27,613 [INFO] WebApp:463 - Apply proxy settings
2026-05-16 10:51:27,613 [INFO] WebApp:548 - Chromium requires no authentication
2026-05-16 10:51:27,631 [INFO] WebApp:491 - Direct internet connection detected
2026-05-16 10:51:27,684 [INFO] WebApp:900 - Register for checkConnection events
2026-05-16 10:51:27,685 [INFO] WebApp:463 - Apply proxy settings
2026-05-16 10:51:27,685 [INFO] WebApp:548 - Chromium requires no authentication
2026-05-16 10:51:27,686 [INFO] WebApp:491 - Direct internet connection detected
2026-05-16 10:51:27,688 [WARN] PackLoader:240 - Cannot read IP mode file for STMicroelectronics.X-CUBE-AZRTOS-H7.3.5.0
2026-05-16 10:51:27,704 [WARN] PackLoader:240 - Cannot read IP mode file for STMicroelectronics.FP-ATR-ASTRA1.2.0.2
2026-05-16 10:51:27,717 [WARN] PackLoader:240 - Cannot read IP mode file for STMicroelectronics.X-CUBE-SMBUS.2.1.0
2026-05-16 10:51:27,741 [WARN] PackLoader:240 - Cannot read IP mode file for STMicroelectronics.X-CUBE-AZRTOS-F7.1.1.0
2026-05-16 10:51:27,753 [WARN] PackLoader:240 - Cannot read IP mode file for STMicroelectronics.FP-SNS-MOTENV1.5.1.0
2026-05-16 10:51:27,788 [WARN] PackLoader:240 - Cannot read IP mode file for WES.I-CUBE-Cesium.1.4.0
2026-05-16 10:51:27,806 [WARN] PackLoader:240 - Cannot read IP mode file for STMicroelectronics.X-CUBE-DISPLAY.3.0.0
2026-05-16 10:51:27,825 [WARN] PackLoader:240 - Cannot read IP mode file for STMicroelectronics.X-CUBE-GNSS1.7.1.1
2026-05-16 10:51:27,834 [WARN] PackLoader:240 - Cannot read IP mode file for STMicroelectronics.FP-SNS-MOTENVWB1.1.5.0
2026-05-16 10:51:27,844 [WARN] PackLoader:240 - Cannot read IP mode file for wolfSSL.I-CUBE-wolfSSL.5.9.1
2026-05-16 10:51:27,855 [WARN] PackLoader:240 - Cannot read IP mode file for STMicroelectronics.X-CUBE-NFC10.1.0.0
2026-05-16 10:51:27,867 [WARN] PackLoader:240 - Cannot read IP mode file for STMicroelectronics.X-CUBE-ST60.1.1.0
2026-05-16 10:51:27,906 [WARN] PackLoader:240 - Cannot read IP mode file for emotas.I-CUBE-CANOPEN.1.3.0
2026-05-16 10:51:27,921 [WARN] PackLoader:240 - Cannot read IP mode file for STMicroelectronics.FP-SNS-STBOX1.2.1.0
2026-05-16 10:51:27,952 [WARN] PackLoader:240 - Cannot read IP mode file for STMicroelectronics.FP-SNS-SMARTAG2.1.2.0
2026-05-16 10:51:27,964 [WARN] PackLoader:240 - Cannot read IP mode file for STMicroelectronics.FP-SNS-FLIGHT1.5.1.0
2026-05-16 10:51:27,983 [INFO] LogOutputStream:77 - [STDOUT_REDIRECT] 1 : Invalid condition id : UX_CORESTACK_Condition cause : null
2026-05-16 10:51:27,985 [INFO] LogOutputStream:77 - [STDOUT_REDIRECT] 1 : Invalid condition id : UX_CORESTACK_Condition cause : null
2026-05-16 10:51:27,987 [INFO] LogOutputStream:77 - [STDOUT_REDIRECT] 1 : Invalid condition id : UX_CORESTACK_Condition cause : null
2026-05-16 10:51:27,989 [INFO] LogOutputStream:77 - [STDOUT_REDIRECT] 1 : Invalid condition id : UX_CORESTACK_Condition cause : null
2026-05-16 10:51:27,991 [INFO] LogOutputStream:77 - [STDOUT_REDIRECT] 1 : Invalid condition id : UX_CORESTACK_Condition cause : null
2026-05-16 10:51:27,997 [WARN] PackLoader:240 - Cannot read IP mode file for STMicroelectronics.X-CUBE-AZRTOS-WL.2.0.0
2026-05-16 10:51:28,031 [WARN] PackLoader:240 - Cannot read IP mode file for STMicroelectronics.X-CUBE-AZRTOS-H7RS.1.2.0
2026-05-16 10:51:28,047 [WARN] PackLoader:240 - Cannot read IP mode file for STMicroelectronics.X-CUBE-BLE2.3.3.0
2026-05-16 10:51:28,108 [WARN] PackLoader:240 - Cannot read IP mode file for Infineon.AIROC-Wi-Fi-Bluetooth-STM32.1.8.0
2026-05-16 10:51:28,127 [WARN] PackLoader:240 - Cannot read IP mode file for STMicroelectronics.X-CUBE-NFC9.1.0.0
2026-05-16 10:51:28,139 [WARN] PackLoader:240 - Cannot read IP mode file for STMicroelectronics.X-CUBE-BLE1.7.1.0
2026-05-16 10:51:28,148 [WARN] PackLoader:240 - Cannot read IP mode file for wolfSSL.I-CUBE-wolfMQTT.1.19.2
2026-05-16 10:51:28,160 [WARN] PackLoader:240 - Cannot read IP mode file for STMicroelectronics.X-CUBE-EEPRMA1.5.2.0
2026-05-16 10:51:28,177 [WARN] PackLoader:240 - Cannot read IP mode file for STMicroelectronics.FP-SNS-STAIOTCFT.1.1.0
2026-05-16 10:51:28,204 [WARN] PackLoader:240 - Cannot read IP mode file for STMicroelectronics.X-CUBE-AZRTOS-G0.1.1.0
2026-05-16 10:51:28,218 [WARN] PackLoader:240 - Cannot read IP mode file for STMicroelectronics.X-CUBE-NFC4.3.0.0
2026-05-16 10:51:28,234 [WARN] PackLoader:240 - Cannot read IP mode file for EmbeddedOffice.I-CUBE-FS-RTOS.1.0.1
2026-05-16 10:51:28,244 [WARN] PackLoader:240 - Cannot read IP mode file for wolfSSL.I-CUBE-wolfTPM.3.8.0
2026-05-16 10:51:28,254 [WARN] PackLoader:240 - Cannot read IP mode file for STMicroelectronics.X-CUBE-TCPP.4.2.0
2026-05-16 10:51:28,265 [WARN] PackLoader:240 - Cannot read IP mode file for RealThread.X-CUBE-RT-Thread_Nano.4.1.1
2026-05-16 10:51:28,276 [WARN] PackLoader:240 - Cannot read IP mode file for STMicroelectronics.FP-ATR-SIGFOX1.3.2.0
2026-05-16 10:51:28,285 [INFO] WebApp:225 - Starting web application
2026-05-16 10:51:28,286 [INFO] WebApp:593 - Web application path used D:\My_user\STM32CubeIDE_1.19.0\STM32CubeIDE\plugins\com.st.stm32cube.common.mx_6.15.0.202507011659\db\plugins\mcufinder\reactClient1\index.html
2026-05-16 10:51:28,288 [WARN] PackLoader:240 - Cannot read IP mode file for STMicroelectronics.X-CUBE-FREERTOS.1.5.0
2026-05-16 10:51:28,298 [WARN] PackLoader:240 - Cannot read IP mode file for ITTIA_DB.I-CUBE-ITTIADB.8.9.0
2026-05-16 10:51:28,309 [WARN] PackLoader:240 - Cannot read IP mode file for STMicroelectronics.X-CUBE-NFC6.3.2.0
2026-05-16 10:51:28,322 [WARN] PackLoader:240 - Cannot read IP mode file for STMicroelectronics.X-CUBE-AI.10.2.0
2026-05-16 10:51:28,404 [WARN] PackLoader:240 - Cannot read IP mode file for STMicroelectronics.X-CUBE-MEMS1.12.1.0
2026-05-16 10:51:28,577 [WARN] PackLoader:240 - Cannot read IP mode file for SEGGER.I-CUBE-embOS.1.3.1
2026-05-16 10:51:28,661 [WARN] PackLoader:240 - Cannot read IP mode file for STMicroelectronics.X-CUBE-ALGOBUILD.1.4.0
2026-05-16 10:51:28,673 [WARN] PackLoader:240 - Cannot read IP mode file for STMicroelectronics.X-CUBE-PM33A1.1.0.0
2026-05-16 10:51:28,700 [WARN] PackLoader:240 - Cannot read IP mode file for STMicroelectronics.X-CUBE-AZRTOS-F4.1.1.0
2026-05-16 10:51:28,718 [WARN] PackLoader:240 - Cannot read IP mode file for STMicroelectronics.X-CUBE-ISPU.2.1.0
2026-05-16 10:51:28,749 [WARN] PackLoader:240 - Cannot read IP mode file for STMicroelectronics.X-CUBE-IPS.3.2.0
2026-05-16 10:51:28,774 [WARN] PackLoader:240 - Cannot read IP mode file for STMicroelectronics.eDS-WB_DPC_TT-BIDIR.2.1.1
2026-05-16 10:51:28,791 [WARN] PackLoader:240 - Cannot read IP mode file for STMicroelectronics.X-CUBE-NFC12.1.0.0
2026-05-16 10:51:28,814 [WARN] PackLoader:240 - Cannot read IP mode file for STMicroelectronics.X-CUBE-AZRTOS-L5.2.0.0
2026-05-16 10:51:28,825 [WARN] PackLoader:240 - Cannot read IP mode file for STMicroelectronics.eDS-WB_DPC_VIENNA.1.2.0
2026-05-16 10:51:28,834 [WARN] PackLoader:240 - Cannot read IP mode file for STMicroelectronics.eDS-WB_DPC_3PH2L-BIDIR.1.1.1
2026-05-16 10:51:28,842 [ERROR] Engine:466 - C:\Users\User\.stm32cubemx\thirdparties\pdsc\STMicroelectronics.X-CUBE-ST67W61.1.3.0.pdsc: PDSC version is not supported
2026-05-16 10:51:28,852 [WARN] PackLoader:240 - Cannot read IP mode file for STMicroelectronics.X-CUBE-TOUCHGFX.4.26.1
2026-05-16 10:51:28,860 [WARN] PackLoader:240 - Cannot read IP mode file for STMicroelectronics.X-CUBE-DPower.1.3.0
2026-05-16 10:51:28,889 [WARN] ConditionMgr:438 - getConditionDescription Invalid condition id : LAN8742 Phy interface Condition cause : null
2026-05-16 10:51:28,890 [WARN] PackLoader:240 - Cannot read IP mode file for STMicroelectronics.X-CUBE-AZRTOS-L4.2.0.0
2026-05-16 10:51:28,892 [WARN] ConditionMgr:1044 - genDependencies : Invalid condition id : LAN8742 Phy interface Condition cause : null
2026-05-16 10:51:28,892 [WARN] ConditionMgr:1044 - genDependencies : Invalid condition id : LAN8742 Phy interface Condition cause : null
2026-05-16 10:51:28,893 [WARN] ConditionMgr:1044 - genDependencies : Invalid condition id : LAN8742 Phy interface Condition cause : null
2026-05-16 10:51:28,906 [WARN] PackLoader:240 - Cannot read IP mode file for STMicroelectronics.X-CUBE-SFXS2LP1.4.0.0
2026-05-16 10:51:28,918 [WARN] PackLoader:240 - Cannot read IP mode file for STMicroelectronics.X-CUBE-WB05N.2.1.0
2026-05-16 10:51:28,934 [WARN] PackLoader:240 - Cannot read IP mode file for STMicroelectronics.X-CUBE-BLEMGR.4.1.0
2026-05-16 10:51:28,954 [WARN] ConditionMgr:438 - getConditionDescription Invalid condition id : UX DEVICE CLASS RTOS Condition cause : null
2026-05-16 10:51:28,954 [WARN] ConditionMgr:438 - getConditionDescription Invalid condition id : UX DEVICE CLASS RTOS Condition cause : null
2026-05-16 10:51:28,959 [WARN] PackLoader:240 - Cannot read IP mode file for STMicroelectronics.X-CUBE-AZRTOS-WB.2.0.0
2026-05-16 10:51:28,961 [WARN] ConditionMgr:1044 - genDependencies : Invalid condition id : UX DEVICE CLASS RTOS Condition cause : null
2026-05-16 10:51:28,961 [WARN] ConditionMgr:1044 - genDependencies : Invalid condition id : UX DEVICE CLASS RTOS Condition cause : null
2026-05-16 10:51:28,962 [WARN] ConditionMgr:1044 - genDependencies : Invalid condition id : UX DEVICE CLASS RTOS Condition cause : null
2026-05-16 10:51:28,962 [WARN] ConditionMgr:1044 - genDependencies : Invalid condition id : UX DEVICE CLASS RTOS Condition cause : null
2026-05-16 10:51:28,962 [WARN] ConditionMgr:1044 - genDependencies : Invalid condition id : UX DEVICE CLASS RTOS Condition cause : null
2026-05-16 10:51:28,969 [WARN] ConditionMgr:438 - getConditionDescription Invalid condition id : Cortex-A Device cause : null
2026-05-16 10:51:29,027 [WARN] ConditionMgr:1044 - genDependencies : Invalid condition id : Cortex-A Device cause : null
2026-05-16 10:51:29,027 [WARN] ConditionMgr:1044 - genDependencies : Invalid condition id : Cortex-A Device cause : null
2026-05-16 10:51:29,028 [WARN] ConditionMgr:1044 - genDependencies : Invalid condition id : Cortex-A Device cause : null
2026-05-16 10:51:29,040 [WARN] PackLoader:240 - Cannot read IP mode file for STMicroelectronics.X-CUBE-STSE01.2.0.0
2026-05-16 10:51:29,056 [WARN] PackLoader:240 - Cannot read IP mode file for STMicroelectronics.X-CUBE-SUBG2.5.0.0
2026-05-16 10:51:29,085 [WARN] PackLoader:240 - Cannot read IP mode file for STMicroelectronics.X-CUBE-AZRTOS-G4.2.0.0
2026-05-16 10:51:29,098 [WARN] PackLoader:240 - Cannot read IP mode file for wolfSSL.I-CUBE-wolfSSH.1.4.20
2026-05-16 10:51:29,108 [WARN] PackLoader:240 - Cannot read IP mode file for STMicroelectronics.X-CUBE-NFC7.2.0.0
2026-05-16 10:51:29,140 [WARN] PackLoader:240 - Cannot read IP mode file for STMicroelectronics.X-CUBE-ALS.1.0.2
2026-05-16 10:51:29,157 [WARN] PackLoader:240 - Cannot read IP mode file for STMicroelectronics.X-CUBE-TOF1.3.4.3
2026-05-16 10:51:29,171 [INFO] ThirdParty:978 - Integrity check success = true
2026-05-16 10:51:29,172 [INFO] IntegrityCheckThread:100 - exiting critical section [integrity check]
2026-05-16 10:51:29,172 [INFO] IntegrityCheckThread:103 - End integrity checks thread
2026-05-16 10:51:29,760 [INFO] WebApp:191 - Connection restablished
2026-05-16 10:52:11,811 [INFO] WebApp:194 - Connection lost
2026-05-16 10:52:12,279 [INFO] WebApp:191 - Connection restablished
2026-05-16 11:03:42,494 [INFO] WebApp:194 - Connection lost
2026-05-16 11:03:42,957 [INFO] WebApp:191 - Connection restablished
2026-05-16 11:03:50,799 [INFO] WebApp:194 - Connection lost
2026-05-16 11:03:51,087 [INFO] WebApp:191 - Connection restablished
2026-05-16 11:03:54,795 [INFO] WebApp:194 - Connection lost
2026-05-16 11:03:55,343 [INFO] WebApp:191 - Connection restablished
2026-05-16 11:03:59,795 [INFO] WebApp:194 - Connection lost
2026-05-16 11:04:01,295 [INFO] WebApp:191 - Connection restablished
2026-05-16 11:04:05,786 [INFO] WebApp:194 - Connection lost
2026-05-16 11:04:06,073 [INFO] WebApp:191 - Connection restablished
2026-05-16 11:57:49,753 [INFO] WebApp:194 - Connection lost
2026-05-16 11:57:50,078 [INFO] WebApp:191 - Connection restablished
2026-05-16 11:58:04,695 [INFO] WebApp:194 - Connection lost
2026-05-16 11:58:05,322 [INFO] WebApp:191 - Connection restablished
2026-05-16 13:07:14,656 [ERROR] LogOutputStream:75 - [STDERR_REDIRECT] 
