2026-05-19 09:28:18,152 [INFO] Activator:176 - 


2026-05-19 09:28:18,157 [INFO] Activator:177 - !SESSION log4j initialized
2026-05-19 09:28:23,184 [INFO] LogOutputStream:77 - [STDOUT_REDIRECT] 
2026-05-19 09:28:25,754 [INFO] ApplicationProperties:184 - Using Application install path: D:\My_user\STM32CubeIDE_1.19.0\STM32CubeIDE\plugins\com.st.stm32cube.common.mx_6.15.0.202507011659
2026-05-19 09:28:25,791 [INFO] DbMcusXml:78 - Set database path to: D:\My_user\STM32CubeIDE_1.19.0\STM32CubeIDE\plugins\com.st.stm32cube.common.mx_6.15.0.202507011659\\db\/mcu/
2026-05-19 09:28:25,791 [INFO] ApiDb:274 - Set plugin database path to: D:\My_user\STM32CubeIDE_1.19.0\STM32CubeIDE\plugins\com.st.stm32cube.common.mx_6.15.0.202507011659\\db\/plugins/boardmanager/
2026-05-19 09:28:25,792 [WARN] ApiDb:259 - Overriding images path with different value:  => D:\My_user\STM32CubeIDE_1.19.0\STM32CubeIDE\plugins\com.st.stm32cube.common.mx_6.15.0.202507011659\\db\/plugins/mcufinder/images/
2026-05-19 09:28:25,808 [INFO] ApiDb:250 - Set database path to: C:\Users\User\.stmcufinder\plugins\mcufinder//mcu/
2026-05-19 09:28:25,811 [INFO] DbMcusAds:125 - Set database path to: C:\Users\User\.stmcufinder\plugins\mcufinder//mcu/
2026-05-19 09:28:25,815 [INFO] CrossReferenceDbSqlite:203 - Set database path to: C:\Users\User\.stmcufinder\plugins\mcufinder//mcu/cs/
2026-05-19 09:28:26,009 [INFO] RulesReader:64 - Compatibility file has been processed (317 Rules)
2026-05-19 09:28:26,162 [INFO] DbMcusXml:78 - Set database path to: D:\My_user\STM32CubeIDE_1.19.0\STM32CubeIDE\plugins\com.st.stm32cube.common.mx_6.15.0.202507011659\\db\/mcu/
2026-05-19 09:28:26,162 [INFO] ApiDb:274 - Set plugin database path to: D:\My_user\STM32CubeIDE_1.19.0\STM32CubeIDE\plugins\com.st.stm32cube.common.mx_6.15.0.202507011659\\db\/plugins/boardmanager/
2026-05-19 09:28:26,163 [INFO] ApiDb:261 - Set plugin images path to: D:\My_user\STM32CubeIDE_1.19.0\STM32CubeIDE\plugins\com.st.stm32cube.common.mx_6.15.0.202507011659\\db\/plugins/mcufinder/images/
2026-05-19 09:28:26,163 [WARN] DbFile:41 - Overriding database path with different value: C:\Users\User\.stmcufinder\plugins\mcufinder/ => C:\Users\User\.stmcufinder\plugins\mcufinder
2026-05-19 09:28:26,165 [INFO] ApiDb:250 - Set database path to: C:\Users\User\.stmcufinder\plugins\mcufinder//mcu/
2026-05-19 09:28:26,165 [WARN] DbFile:41 - Overriding database path with different value: C:\Users\User\.stmcufinder\plugins\mcufinder/ => C:\Users\User\.stmcufinder\plugins\mcufinder
2026-05-19 09:28:26,165 [INFO] DbMcusAds:125 - Set database path to: C:\Users\User\.stmcufinder\plugins\mcufinder//mcu/
2026-05-19 09:28:26,165 [WARN] DbFile:41 - Overriding database path with different value: C:\Users\User\.stmcufinder\plugins\mcufinder/ => C:\Users\User\.stmcufinder\plugins\mcufinder
2026-05-19 09:28:26,165 [WARN] DbFile:41 - Overriding database path with different value: C:\Users\User\.stmcufinder\plugins\mcufinder/ => C:\Users\User\.stmcufinder\plugins\mcufinder
2026-05-19 09:28:26,165 [INFO] CrossReferenceDbSqlite:203 - Set database path to: C:\Users\User\.stmcufinder\plugins\mcufinder//mcu/cs/
2026-05-19 09:28:26,339 [INFO] MainPanel:274 - HeapMemory: 268435456
2026-05-19 09:28:26,547 [INFO] DbMcusXml:78 - Set database path to: D:\My_user\STM32CubeIDE_1.19.0\STM32CubeIDE\plugins\com.st.stm32cube.common.mx_6.15.0.202507011659\\db\/mcu/
2026-05-19 09:28:26,548 [INFO] ApiDb:274 - Set plugin database path to: D:\My_user\STM32CubeIDE_1.19.0\STM32CubeIDE\plugins\com.st.stm32cube.common.mx_6.15.0.202507011659\\db\/plugins/boardmanager/
2026-05-19 09:28:26,549 [INFO] ApiDb:261 - Set plugin images path to: D:\My_user\STM32CubeIDE_1.19.0\STM32CubeIDE\plugins\com.st.stm32cube.common.mx_6.15.0.202507011659\\db\/plugins/mcufinder/images/
2026-05-19 09:28:26,550 [WARN] DbFile:41 - Overriding database path with different value: C:\Users\User\.stmcufinder\plugins\mcufinder/ => C:\Users\User\.stmcufinder\plugins\mcufinder
2026-05-19 09:28:26,550 [INFO] ApiDb:250 - Set database path to: C:\Users\User\.stmcufinder\plugins\mcufinder//mcu/
2026-05-19 09:28:26,551 [WARN] DbFile:41 - Overriding database path with different value: C:\Users\User\.stmcufinder\plugins\mcufinder/ => C:\Users\User\.stmcufinder\plugins\mcufinder
2026-05-19 09:28:26,551 [INFO] DbMcusAds:125 - Set database path to: C:\Users\User\.stmcufinder\plugins\mcufinder//mcu/
2026-05-19 09:28:26,551 [WARN] DbFile:41 - Overriding database path with different value: C:\Users\User\.stmcufinder\plugins\mcufinder/ => C:\Users\User\.stmcufinder\plugins\mcufinder
2026-05-19 09:28:26,551 [WARN] DbFile:41 - Overriding database path with different value: C:\Users\User\.stmcufinder\plugins\mcufinder/ => C:\Users\User\.stmcufinder\plugins\mcufinder
2026-05-19 09:28:26,551 [INFO] CrossReferenceDbSqlite:203 - Set database path to: C:\Users\User\.stmcufinder\plugins\mcufinder//mcu/cs/
2026-05-19 09:28:26,587 [INFO] ApplicationProperties:184 - Using Application install path: D:\My_user\STM32CubeIDE_1.19.0\STM32CubeIDE\plugins\com.st.stm32cube.common.mx_6.15.0.202507011659
2026-05-19 09:28:26,589 [INFO] PluginManage:196 - Search for loadable plugins [exclusion list=, ]
2026-05-19 09:28:26,592 [INFO] PluginManage:310 - Check plugin analytics
2026-05-19 09:28:26,911 [INFO] AnalyticsPlugin:253 - Accepted Software Licenses: 
2026-05-19 09:28:26,911 [INFO] AnalyticsPlugin:255 - Accepted CMSIS Pack Licenses: 
2026-05-19 09:28:26,912 [INFO] AnalyticsPlugin:257 - Accepted Firmware Licenses: FW.L4.1.18.0
2026-05-19 09:28:26,916 [INFO] PluginManage:359 - Loaded plugin analytics (category:tool,tabindex:-1)
2026-05-19 09:28:26,916 [INFO] PluginManage:310 - Check plugin cadmodel
2026-05-19 09:28:26,926 [INFO] CADModel:105 - Init CAD model plugin
2026-05-19 09:28:26,927 [INFO] PluginManage:359 - Loaded plugin cadmodel (category:power,tabindex:5)
2026-05-19 09:28:26,927 [INFO] PluginManage:310 - Check plugin clock
2026-05-19 09:28:26,946 [INFO] PluginManage:359 - Loaded plugin clock (category:base,tabindex:2)
2026-05-19 09:28:26,947 [INFO] PluginManage:310 - Check plugin ddr
2026-05-19 09:28:26,952 [INFO] PluginManage:359 - Loaded plugin ddr (category:tool,tabindex:6)
2026-05-19 09:28:26,952 [INFO] PluginManage:310 - Check plugin filemanager
2026-05-19 09:28:27,212 [INFO] PluginManage:359 - Loaded plugin filemanager (category:base,tabindex:10)
2026-05-19 09:28:27,213 [INFO] PluginManage:310 - Check plugin ipmanager
2026-05-19 09:28:27,226 [INFO] PluginManage:359 - Loaded plugin ipmanager (category:base,tabindex:5)
2026-05-19 09:28:27,227 [INFO] PluginManage:310 - Check plugin lpbam
2026-05-19 09:28:27,240 [INFO] PluginManage:359 - Loaded plugin lpbam (category:base,tabindex:0)
2026-05-19 09:28:27,240 [INFO] PluginManage:310 - Check plugin memorymap
2026-05-19 09:28:27,259 [INFO] PluginManage:359 - Loaded plugin memorymap (category:base,tabindex:4)
2026-05-19 09:28:27,259 [INFO] PluginManage:310 - Check plugin pinoutandconfiguration
2026-05-19 09:28:27,276 [INFO] PluginManage:359 - Loaded plugin pinoutandconfiguration (category:base,tabindex:1)
2026-05-19 09:28:27,277 [INFO] PluginManage:310 - Check plugin pinoutconfig
2026-05-19 09:28:27,427 [WARN] SupportedApi:132 - Cannot load RTOS API schema: s4s-elt-must-match.1: The content of 'definitions' must match (annotation?, (simpleType | complexType)?, (unique | key | keyref)*)). A problem was found starting at: attribute.
2026-05-19 09:28:27,655 [INFO] PluginManage:359 - Loaded plugin pinoutconfig (category:base,tabindex:0)
2026-05-19 09:28:27,655 [INFO] PluginManage:310 - Check plugin power
2026-05-19 09:28:27,672 [INFO] PluginManage:359 - Loaded plugin power (category:power,tabindex:4)
2026-05-19 09:28:27,672 [INFO] PluginManage:310 - Check plugin projectmanager
2026-05-19 09:28:27,704 [INFO] PluginManage:359 - Loaded plugin projectmanager (category:projectmanager,tabindex:4)
2026-05-19 09:28:27,704 [INFO] PluginManage:310 - Check plugin rif
2026-05-19 09:28:27,721 [INFO] PluginManage:359 - Loaded plugin rif (category:base,tabindex:3)
2026-05-19 09:28:27,722 [INFO] PluginManage:310 - Check plugin thirdparty
2026-05-19 09:28:27,956 [INFO] PluginManage:359 - Loaded plugin thirdparty (category:base,tabindex:-1)
2026-05-19 09:28:27,956 [WARN] IntegrityCheckThread:84 - waiting for thirdparty lock release [integrity check]
2026-05-19 09:28:27,957 [INFO] PluginManage:310 - Check plugin tools
2026-05-19 09:28:27,957 [INFO] IntegrityCheckThread:86 - entering critical section [integrity check]
2026-05-19 09:28:27,958 [INFO] ThirdPartyUpdaterWithRetryManager:70 - Updater plugin not ready yet. [1/15]
2026-05-19 09:28:27,962 [INFO] PluginManage:359 - Loaded plugin tools (category:base,tabindex:7)
2026-05-19 09:28:27,963 [INFO] PluginManage:310 - Check plugin tutovideos
2026-05-19 09:28:28,309 [INFO] PluginManage:359 - Loaded plugin tutovideos (category:base,tabindex:-1)
2026-05-19 09:28:28,309 [INFO] PluginManage:310 - Check plugin updater
2026-05-19 09:28:28,339 [INFO] PluginManage:359 - Loaded plugin updater (category:base,tabindex:12)
2026-05-19 09:28:28,340 [INFO] PluginManage:310 - Check plugin userauth
2026-05-19 09:28:28,345 [INFO] UserAuth:118 - Init User Auth plugin
2026-05-19 09:28:28,346 [INFO] PluginManage:359 - Loaded plugin userauth (category:base,tabindex:14)
2026-05-19 09:28:28,346 [INFO] PluginManage:283 - PluginManage : Loaded plugins [18]
2026-05-19 09:28:28,704 [INFO] PinOutPanel:1589 - setPackage(No Configuration,No Configuration)
2026-05-19 09:28:28,841 [INFO] CADModel:165 - CPN selected for project level
2026-05-19 09:28:28,842 [INFO] CADModel:114 - Register for checkConnection events
2026-05-19 09:28:28,873 [INFO] IPUIPlugin:80 - create IPUIPlugin
2026-05-19 09:28:28,873 [INFO] PluginManager:220 - loadIPPluginJar : add adc
2026-05-19 09:28:28,877 [INFO] IPUIPlugin:80 - create IPUIPlugin
2026-05-19 09:28:28,877 [INFO] PluginManager:220 - loadIPPluginJar : add aes
2026-05-19 09:28:28,882 [INFO] IPUIPlugin:80 - create IPUIPlugin
2026-05-19 09:28:28,882 [INFO] PluginManager:220 - loadIPPluginJar : add can
2026-05-19 09:28:28,885 [INFO] IPUIPlugin:80 - create IPUIPlugin
2026-05-19 09:28:28,885 [INFO] PluginManager:220 - loadIPPluginJar : add comp
2026-05-19 09:28:28,890 [INFO] IPUIPlugin:80 - create IPUIPlugin
2026-05-19 09:28:28,891 [INFO] PluginManager:220 - loadIPPluginJar : add cryp
2026-05-19 09:28:28,896 [INFO] IPUIPlugin:80 - create IPUIPlugin
2026-05-19 09:28:28,896 [INFO] PluginManager:220 - loadIPPluginJar : add ddr_ctrl_phy
2026-05-19 09:28:28,901 [INFO] IPUIPlugin:80 - create IPUIPlugin
2026-05-19 09:28:28,901 [INFO] PluginManager:220 - loadIPPluginJar : add dfsdm
2026-05-19 09:28:28,909 [INFO] IPUIPlugin:80 - create IPUIPlugin
2026-05-19 09:28:28,910 [INFO] PluginManager:220 - loadIPPluginJar : add dma
2026-05-19 09:28:28,915 [INFO] IPUIPlugin:80 - create IPUIPlugin
2026-05-19 09:28:28,915 [INFO] PluginManager:220 - loadIPPluginJar : add dma3
2026-05-19 09:28:28,921 [INFO] IPUIPlugin:80 - create IPUIPlugin
2026-05-19 09:28:28,921 [INFO] PluginManager:220 - loadIPPluginJar : add extmemmanager
2026-05-19 09:28:28,924 [INFO] IPUIPlugin:80 - create IPUIPlugin
2026-05-19 09:28:28,925 [INFO] PluginManager:220 - loadIPPluginJar : add fatfs
2026-05-19 09:28:28,932 [INFO] IPUIPlugin:80 - create IPUIPlugin
2026-05-19 09:28:28,932 [INFO] PluginManager:220 - loadIPPluginJar : add fmc
2026-05-19 09:28:28,943 [INFO] IPUIPlugin:80 - create IPUIPlugin
2026-05-19 09:28:28,943 [INFO] PluginManager:220 - loadIPPluginJar : add freertos
2026-05-19 09:28:28,946 [INFO] IPUIPlugin:80 - create IPUIPlugin
2026-05-19 09:28:28,946 [INFO] PluginManager:220 - loadIPPluginJar : add genericplugin
2026-05-19 09:28:28,952 [INFO] IPUIPlugin:80 - create IPUIPlugin
2026-05-19 09:28:28,953 [INFO] PluginManager:220 - loadIPPluginJar : add gfxmmu
2026-05-19 09:28:28,961 [INFO] IPUIPlugin:80 - create IPUIPlugin
2026-05-19 09:28:28,962 [INFO] PluginManager:220 - loadIPPluginJar : add gic
2026-05-19 09:28:28,969 [INFO] IPUIPlugin:80 - create IPUIPlugin
2026-05-19 09:28:28,969 [INFO] PluginManager:220 - loadIPPluginJar : add gpio
2026-05-19 09:28:28,974 [INFO] IPUIPlugin:80 - create IPUIPlugin
2026-05-19 09:28:28,974 [INFO] PluginManager:220 - loadIPPluginJar : add gtzc
2026-05-19 09:28:28,979 [INFO] IPUIPlugin:80 - create IPUIPlugin
2026-05-19 09:28:28,979 [INFO] PluginManager:220 - loadIPPluginJar : add hash
2026-05-19 09:28:28,984 [INFO] IPUIPlugin:80 - create IPUIPlugin
2026-05-19 09:28:28,984 [INFO] PluginManager:220 - loadIPPluginJar : add i2c
2026-05-19 09:28:28,988 [INFO] IPUIPlugin:80 - create IPUIPlugin
2026-05-19 09:28:28,988 [INFO] PluginManager:220 - loadIPPluginJar : add i2s
2026-05-19 09:28:28,993 [INFO] IPUIPlugin:80 - create IPUIPlugin
2026-05-19 09:28:28,993 [INFO] PluginManager:220 - loadIPPluginJar : add i3c
2026-05-19 09:28:29,000 [INFO] IPUIPlugin:80 - create IPUIPlugin
2026-05-19 09:28:29,000 [INFO] PluginManager:220 - loadIPPluginJar : add ipddr
2026-05-19 09:28:29,012 [INFO] IPUIPlugin:80 - create IPUIPlugin
2026-05-19 09:28:29,012 [INFO] PluginManager:220 - loadIPPluginJar : add linkedlist
2026-05-19 09:28:29,017 [INFO] IPUIPlugin:80 - create IPUIPlugin
2026-05-19 09:28:29,017 [INFO] PluginManager:220 - loadIPPluginJar : add lorawan
2026-05-19 09:28:29,020 [INFO] IPUIPlugin:80 - create IPUIPlugin
2026-05-19 09:28:29,021 [INFO] PluginManager:220 - loadIPPluginJar : add ltdc
2026-05-19 09:28:29,029 [INFO] IPUIPlugin:80 - create IPUIPlugin
2026-05-19 09:28:29,030 [INFO] PluginManager:220 - loadIPPluginJar : add mdma
2026-05-19 09:28:29,036 [INFO] IPUIPlugin:80 - create IPUIPlugin
2026-05-19 09:28:29,036 [INFO] PluginManager:220 - loadIPPluginJar : add nvic
2026-05-19 09:28:29,042 [INFO] IPUIPlugin:80 - create IPUIPlugin
2026-05-19 09:28:29,042 [INFO] PluginManager:220 - loadIPPluginJar : add opamp
2026-05-19 09:28:29,047 [INFO] IPUIPlugin:80 - create IPUIPlugin
2026-05-19 09:28:29,048 [INFO] PluginManager:220 - loadIPPluginJar : add openamp
2026-05-19 09:28:29,054 [INFO] IPUIPlugin:80 - create IPUIPlugin
2026-05-19 09:28:29,054 [INFO] PluginManager:220 - loadIPPluginJar : add pdm2pcm
2026-05-19 09:28:29,064 [INFO] IPUIPlugin:80 - create IPUIPlugin
2026-05-19 09:28:29,069 [INFO] PluginManager:220 - loadIPPluginJar : add plateformsettings
2026-05-19 09:28:29,072 [INFO] IPUIPlugin:80 - create IPUIPlugin
2026-05-19 09:28:29,072 [INFO] PluginManager:220 - loadIPPluginJar : add quadspi
2026-05-19 09:28:29,075 [INFO] IPUIPlugin:80 - create IPUIPlugin
2026-05-19 09:28:29,076 [INFO] PluginManager:220 - loadIPPluginJar : add radio
2026-05-19 09:28:29,081 [INFO] IPUIPlugin:80 - create IPUIPlugin
2026-05-19 09:28:29,081 [INFO] PluginManager:220 - loadIPPluginJar : add resmgrutility
2026-05-19 09:28:29,087 [INFO] IPUIPlugin:80 - create IPUIPlugin
2026-05-19 09:28:29,087 [INFO] PluginManager:220 - loadIPPluginJar : add sai
2026-05-19 09:28:29,091 [INFO] IPUIPlugin:80 - create IPUIPlugin
2026-05-19 09:28:29,092 [INFO] PluginManager:220 - loadIPPluginJar : add spi
2026-05-19 09:28:29,101 [INFO] IPUIPlugin:80 - create IPUIPlugin
2026-05-19 09:28:29,102 [INFO] PluginManager:220 - loadIPPluginJar : add stm32_wpan
2026-05-19 09:28:29,105 [INFO] IPUIPlugin:80 - create IPUIPlugin
2026-05-19 09:28:29,106 [INFO] PluginManager:220 - loadIPPluginJar : add tim
2026-05-19 09:28:29,112 [INFO] IPUIPlugin:80 - create IPUIPlugin
2026-05-19 09:28:29,113 [INFO] PluginManager:220 - loadIPPluginJar : add touchsensing
2026-05-19 09:28:29,117 [INFO] IPUIPlugin:80 - create IPUIPlugin
2026-05-19 09:28:29,117 [INFO] PluginManager:220 - loadIPPluginJar : add tracer_emb
2026-05-19 09:28:29,121 [INFO] IPUIPlugin:80 - create IPUIPlugin
2026-05-19 09:28:29,121 [INFO] PluginManager:220 - loadIPPluginJar : add ts
2026-05-19 09:28:29,125 [INFO] IPUIPlugin:80 - create IPUIPlugin
2026-05-19 09:28:29,125 [INFO] PluginManager:220 - loadIPPluginJar : add tsc
2026-05-19 09:28:29,129 [INFO] IPUIPlugin:80 - create IPUIPlugin
2026-05-19 09:28:29,130 [INFO] PluginManager:220 - loadIPPluginJar : add ucpd
2026-05-19 09:28:29,135 [INFO] IPUIPlugin:80 - create IPUIPlugin
2026-05-19 09:28:29,135 [INFO] PluginManager:220 - loadIPPluginJar : add usart
2026-05-19 09:28:29,141 [INFO] IPUIPlugin:80 - create IPUIPlugin
2026-05-19 09:28:29,141 [INFO] PluginManager:220 - loadIPPluginJar : add usbx
2026-05-19 09:28:29,291 [FATAL] Updater:351 - Updater called before beeing initialized
2026-05-19 09:28:29,332 [INFO] RulesReader:64 - Compatibility file has been processed (317 Rules)
2026-05-19 09:28:29,349 [INFO] RulesReader:64 - Compatibility file has been processed (317 Rules)
2026-05-19 09:28:29,362 [INFO] CADModel:165 - CPN selected for project level
2026-05-19 09:28:29,363 [INFO] CADModel:114 - Register for checkConnection events
2026-05-19 09:28:29,363 [FATAL] Updater:351 - Updater called before beeing initialized
2026-05-19 09:28:29,363 [ERROR] CADModel:125 - Updater not yet initialized, retry later 
2026-05-19 09:28:29,563 [FATAL] Updater:351 - Updater called before beeing initialized
2026-05-19 09:28:29,567 [INFO] CADModel:165 - CPN selected for project level
2026-05-19 09:28:29,567 [INFO] CADModel:114 - Register for checkConnection events
2026-05-19 09:28:29,567 [FATAL] Updater:351 - Updater called before beeing initialized
2026-05-19 09:28:29,568 [ERROR] CADModel:125 - Updater not yet initialized, retry later 
2026-05-19 09:28:29,572 [FATAL] Updater:351 - Updater called before beeing initialized
2026-05-19 09:28:29,719 [FATAL] Updater:351 - Updater called before beeing initialized
2026-05-19 09:28:29,725 [INFO] DbMcusAds:53 - JSON generation date=Mon Apr 27 13:44:29 IST 2026 (1777277669577)
2026-05-19 09:28:29,725 [FATAL] Updater:351 - Updater called before beeing initialized
2026-05-19 09:28:29,776 [WARN] DetailPanel:346 - Failed to get advertising image, set to default
2026-05-19 09:28:29,887 [FATAL] Updater:351 - Updater called before beeing initialized
2026-05-19 09:28:29,889 [FATAL] Updater:351 - Updater called before beeing initialized
2026-05-19 09:28:29,889 [FATAL] Updater:351 - Updater called before beeing initialized
2026-05-19 09:28:29,889 [WARN] DetailPanel:346 - Failed to get advertising image, set to default
2026-05-19 09:28:29,890 [FATAL] Updater:351 - Updater called before beeing initialized
2026-05-19 09:28:29,970 [ERROR] Updater:1198 - MainUpdater not yet initialized. External WinMGr cannot be set.
2026-05-19 09:28:29,973 [INFO] Updater:1134 - Updater Version found : 6.15.0
2026-05-19 09:28:29,996 [INFO] ApplicationProperties:184 - Using Application install path: D:\My_user\STM32CubeIDE_1.19.0\STM32CubeIDE\plugins\com.st.stm32cube.common.mx_6.15.0.202507011659
2026-05-19 09:28:30,482 [INFO] MainUpdater:2872 - connection check result : 10
2026-05-19 09:28:30,482 [INFO] MainUpdater:289 - Updater Check For Update Now.
2026-05-19 09:28:30,483 [INFO] MicroXplorer:498 - Change Database Version : DB.6.0.150
2026-05-19 09:28:30,491 [INFO] McuFinderGlobals:63 - Set McuFinder mode to 2 (CubeIDE integrated)
2026-05-19 09:28:30,492 [INFO] UserAuth:171 - activating auth plugin
2026-05-19 09:28:30,497 [INFO] UserAuth:487 - Internet connection configuration mode: 1
2026-05-19 09:28:30,533 [INFO] JxBrowserEngine:152 - Initiate JxBrowser Engine with user profile folder
2026-05-19 09:28:30,711 [INFO] CheckServerUpdateThread:120 - End of CheckServer Thread
2026-05-19 09:28:31,432 [WARN] PackLoader:240 - Cannot read IP mode file for STMicroelectronics.X-CUBE-AZRTOS-H7.3.5.0
2026-05-19 09:28:31,470 [WARN] PackLoader:240 - Cannot read IP mode file for STMicroelectronics.FP-ATR-ASTRA1.2.0.2
2026-05-19 09:28:31,593 [WARN] PackLoader:240 - Cannot read IP mode file for STMicroelectronics.X-CUBE-SMBUS.2.1.0
2026-05-19 09:28:31,618 [WARN] PackLoader:240 - Cannot read IP mode file for STMicroelectronics.X-CUBE-AZRTOS-F7.1.1.0
2026-05-19 09:28:31,632 [WARN] PackLoader:240 - Cannot read IP mode file for STMicroelectronics.FP-SNS-MOTENV1.5.1.0
2026-05-19 09:28:31,650 [WARN] PackLoader:240 - Cannot read IP mode file for WES.I-CUBE-Cesium.1.4.0
2026-05-19 09:28:31,664 [WARN] PackLoader:240 - Cannot read IP mode file for STMicroelectronics.X-CUBE-DISPLAY.3.0.0
2026-05-19 09:28:31,684 [WARN] PackLoader:240 - Cannot read IP mode file for STMicroelectronics.X-CUBE-GNSS1.7.1.1
2026-05-19 09:28:31,693 [WARN] PackLoader:240 - Cannot read IP mode file for STMicroelectronics.FP-SNS-MOTENVWB1.1.5.0
2026-05-19 09:28:31,702 [WARN] PackLoader:240 - Cannot read IP mode file for wolfSSL.I-CUBE-wolfSSL.5.9.1
2026-05-19 09:28:31,713 [WARN] PackLoader:240 - Cannot read IP mode file for STMicroelectronics.X-CUBE-NFC10.1.0.0
2026-05-19 09:28:31,723 [WARN] PackLoader:240 - Cannot read IP mode file for STMicroelectronics.X-CUBE-ST60.1.1.0
2026-05-19 09:28:31,734 [WARN] PackLoader:240 - Cannot read IP mode file for emotas.I-CUBE-CANOPEN.1.3.0
2026-05-19 09:28:31,747 [WARN] PackLoader:240 - Cannot read IP mode file for STMicroelectronics.FP-SNS-STBOX1.2.1.0
2026-05-19 09:28:31,757 [WARN] PackLoader:240 - Cannot read IP mode file for STMicroelectronics.FP-SNS-SMARTAG2.1.2.0
2026-05-19 09:28:31,764 [WARN] PackLoader:240 - Cannot read IP mode file for STMicroelectronics.FP-SNS-FLIGHT1.5.1.0
2026-05-19 09:28:31,777 [INFO] LogOutputStream:77 - [STDOUT_REDIRECT] 1 : Invalid condition id : UX_CORESTACK_Condition cause : null
2026-05-19 09:28:31,778 [INFO] LogOutputStream:77 - [STDOUT_REDIRECT] 1 : Invalid condition id : UX_CORESTACK_Condition cause : null
2026-05-19 09:28:31,779 [INFO] LogOutputStream:77 - [STDOUT_REDIRECT] 1 : Invalid condition id : UX_CORESTACK_Condition cause : null
2026-05-19 09:28:31,781 [INFO] LogOutputStream:77 - [STDOUT_REDIRECT] 1 : Invalid condition id : UX_CORESTACK_Condition cause : null
2026-05-19 09:28:31,783 [INFO] LogOutputStream:77 - [STDOUT_REDIRECT] 1 : Invalid condition id : UX_CORESTACK_Condition cause : null
2026-05-19 09:28:31,787 [WARN] PackLoader:240 - Cannot read IP mode file for STMicroelectronics.X-CUBE-AZRTOS-WL.2.0.0
2026-05-19 09:28:31,829 [WARN] PackLoader:240 - Cannot read IP mode file for STMicroelectronics.X-CUBE-AZRTOS-H7RS.1.2.0
2026-05-19 09:28:31,841 [WARN] PackLoader:240 - Cannot read IP mode file for STMicroelectronics.X-CUBE-BLE2.3.3.0
2026-05-19 09:28:31,897 [WARN] PackLoader:240 - Cannot read IP mode file for Infineon.AIROC-Wi-Fi-Bluetooth-STM32.1.8.0
2026-05-19 09:28:31,914 [WARN] PackLoader:240 - Cannot read IP mode file for STMicroelectronics.X-CUBE-NFC9.1.0.0
2026-05-19 09:28:31,926 [WARN] PackLoader:240 - Cannot read IP mode file for STMicroelectronics.X-CUBE-BLE1.7.1.0
2026-05-19 09:28:31,933 [WARN] PackLoader:240 - Cannot read IP mode file for wolfSSL.I-CUBE-wolfMQTT.1.19.2
2026-05-19 09:28:31,943 [WARN] PackLoader:240 - Cannot read IP mode file for STMicroelectronics.X-CUBE-EEPRMA1.5.2.0
2026-05-19 09:28:31,956 [WARN] PackLoader:240 - Cannot read IP mode file for STMicroelectronics.FP-SNS-STAIOTCFT.1.1.0
2026-05-19 09:28:31,976 [WARN] PackLoader:240 - Cannot read IP mode file for STMicroelectronics.X-CUBE-AZRTOS-G0.1.1.0
2026-05-19 09:28:31,987 [WARN] PackLoader:240 - Cannot read IP mode file for STMicroelectronics.X-CUBE-NFC4.3.0.0
2026-05-19 09:28:32,002 [WARN] PackLoader:240 - Cannot read IP mode file for EmbeddedOffice.I-CUBE-FS-RTOS.1.0.1
2026-05-19 09:28:32,010 [WARN] PackLoader:240 - Cannot read IP mode file for wolfSSL.I-CUBE-wolfTPM.3.8.0
2026-05-19 09:28:32,020 [WARN] PackLoader:240 - Cannot read IP mode file for STMicroelectronics.X-CUBE-TCPP.4.2.0
2026-05-19 09:28:32,030 [WARN] PackLoader:240 - Cannot read IP mode file for RealThread.X-CUBE-RT-Thread_Nano.4.1.1
2026-05-19 09:28:32,038 [WARN] PackLoader:240 - Cannot read IP mode file for STMicroelectronics.FP-ATR-SIGFOX1.3.2.0
2026-05-19 09:28:32,048 [WARN] PackLoader:240 - Cannot read IP mode file for STMicroelectronics.X-CUBE-FREERTOS.1.5.0
2026-05-19 09:28:32,057 [WARN] PackLoader:240 - Cannot read IP mode file for ITTIA_DB.I-CUBE-ITTIADB.8.9.0
2026-05-19 09:28:32,068 [WARN] PackLoader:240 - Cannot read IP mode file for STMicroelectronics.X-CUBE-NFC6.3.2.0
2026-05-19 09:28:32,080 [WARN] PackLoader:240 - Cannot read IP mode file for STMicroelectronics.X-CUBE-AI.10.2.0
2026-05-19 09:28:32,130 [WARN] PackLoader:240 - Cannot read IP mode file for STMicroelectronics.X-CUBE-MEMS1.12.1.0
2026-05-19 09:28:32,340 [WARN] PackLoader:240 - Cannot read IP mode file for SEGGER.I-CUBE-embOS.1.3.1
2026-05-19 09:28:32,395 [WARN] PackLoader:240 - Cannot read IP mode file for STMicroelectronics.X-CUBE-ALGOBUILD.1.4.0
2026-05-19 09:28:32,402 [WARN] PackLoader:240 - Cannot read IP mode file for STMicroelectronics.X-CUBE-PM33A1.1.0.0
2026-05-19 09:28:32,420 [WARN] PackLoader:240 - Cannot read IP mode file for STMicroelectronics.X-CUBE-AZRTOS-F4.1.1.0
2026-05-19 09:28:32,430 [WARN] PackLoader:240 - Cannot read IP mode file for STMicroelectronics.X-CUBE-ISPU.2.1.0
2026-05-19 09:28:32,445 [WARN] PackLoader:240 - Cannot read IP mode file for STMicroelectronics.X-CUBE-IPS.3.2.0
2026-05-19 09:28:32,468 [WARN] PackLoader:240 - Cannot read IP mode file for STMicroelectronics.eDS-WB_DPC_TT-BIDIR.2.1.1
2026-05-19 09:28:32,476 [WARN] PackLoader:240 - Cannot read IP mode file for STMicroelectronics.X-CUBE-NFC12.1.0.0
2026-05-19 09:28:32,496 [WARN] PackLoader:240 - Cannot read IP mode file for STMicroelectronics.X-CUBE-AZRTOS-L5.2.0.0
2026-05-19 09:28:32,503 [WARN] PackLoader:240 - Cannot read IP mode file for STMicroelectronics.eDS-WB_DPC_VIENNA.1.2.0
2026-05-19 09:28:32,508 [WARN] PackLoader:240 - Cannot read IP mode file for STMicroelectronics.eDS-WB_DPC_3PH2L-BIDIR.1.1.1
2026-05-19 09:28:32,514 [ERROR] Engine:466 - C:\Users\User\.stm32cubemx\thirdparties\pdsc\STMicroelectronics.X-CUBE-ST67W61.1.3.0.pdsc: PDSC version is not supported
2026-05-19 09:28:32,524 [WARN] PackLoader:240 - Cannot read IP mode file for STMicroelectronics.X-CUBE-TOUCHGFX.4.26.1
2026-05-19 09:28:32,531 [WARN] PackLoader:240 - Cannot read IP mode file for STMicroelectronics.X-CUBE-DPower.1.3.0
2026-05-19 09:28:32,552 [WARN] ConditionMgr:438 - getConditionDescription Invalid condition id : LAN8742 Phy interface Condition cause : null
2026-05-19 09:28:32,553 [WARN] PackLoader:240 - Cannot read IP mode file for STMicroelectronics.X-CUBE-AZRTOS-L4.2.0.0
2026-05-19 09:28:32,554 [WARN] ConditionMgr:1044 - genDependencies : Invalid condition id : LAN8742 Phy interface Condition cause : null
2026-05-19 09:28:32,555 [WARN] ConditionMgr:1044 - genDependencies : Invalid condition id : LAN8742 Phy interface Condition cause : null
2026-05-19 09:28:32,556 [WARN] ConditionMgr:1044 - genDependencies : Invalid condition id : LAN8742 Phy interface Condition cause : null
2026-05-19 09:28:32,566 [WARN] PackLoader:240 - Cannot read IP mode file for STMicroelectronics.X-CUBE-SFXS2LP1.4.0.0
2026-05-19 09:28:32,575 [WARN] PackLoader:240 - Cannot read IP mode file for STMicroelectronics.X-CUBE-WB05N.2.1.0
2026-05-19 09:28:32,585 [WARN] PackLoader:240 - Cannot read IP mode file for STMicroelectronics.X-CUBE-BLEMGR.4.1.0
2026-05-19 09:28:32,601 [WARN] ConditionMgr:438 - getConditionDescription Invalid condition id : UX DEVICE CLASS RTOS Condition cause : null
2026-05-19 09:28:32,602 [WARN] ConditionMgr:438 - getConditionDescription Invalid condition id : UX DEVICE CLASS RTOS Condition cause : null
2026-05-19 09:28:32,604 [WARN] PackLoader:240 - Cannot read IP mode file for STMicroelectronics.X-CUBE-AZRTOS-WB.2.0.0
2026-05-19 09:28:32,605 [WARN] ConditionMgr:1044 - genDependencies : Invalid condition id : UX DEVICE CLASS RTOS Condition cause : null
2026-05-19 09:28:32,605 [WARN] ConditionMgr:1044 - genDependencies : Invalid condition id : UX DEVICE CLASS RTOS Condition cause : null
2026-05-19 09:28:32,605 [WARN] ConditionMgr:1044 - genDependencies : Invalid condition id : UX DEVICE CLASS RTOS Condition cause : null
2026-05-19 09:28:32,605 [WARN] ConditionMgr:1044 - genDependencies : Invalid condition id : UX DEVICE CLASS RTOS Condition cause : null
2026-05-19 09:28:32,605 [WARN] ConditionMgr:1044 - genDependencies : Invalid condition id : UX DEVICE CLASS RTOS Condition cause : null
2026-05-19 09:28:32,613 [WARN] ConditionMgr:438 - getConditionDescription Invalid condition id : Cortex-A Device cause : null
2026-05-19 09:28:32,629 [WARN] ConditionMgr:1044 - genDependencies : Invalid condition id : Cortex-A Device cause : null
2026-05-19 09:28:32,629 [WARN] ConditionMgr:1044 - genDependencies : Invalid condition id : Cortex-A Device cause : null
2026-05-19 09:28:32,630 [WARN] ConditionMgr:1044 - genDependencies : Invalid condition id : Cortex-A Device cause : null
2026-05-19 09:28:32,640 [WARN] PackLoader:240 - Cannot read IP mode file for STMicroelectronics.X-CUBE-STSE01.2.0.0
2026-05-19 09:28:32,657 [WARN] PackLoader:240 - Cannot read IP mode file for STMicroelectronics.X-CUBE-SUBG2.5.0.0
2026-05-19 09:28:32,681 [WARN] PackLoader:240 - Cannot read IP mode file for STMicroelectronics.X-CUBE-AZRTOS-G4.2.0.0
2026-05-19 09:28:32,689 [WARN] PackLoader:240 - Cannot read IP mode file for wolfSSL.I-CUBE-wolfSSH.1.4.20
2026-05-19 09:28:32,696 [WARN] PackLoader:240 - Cannot read IP mode file for STMicroelectronics.X-CUBE-NFC7.2.0.0
2026-05-19 09:28:32,704 [WARN] PackLoader:240 - Cannot read IP mode file for STMicroelectronics.X-CUBE-ALS.1.0.2
2026-05-19 09:28:32,719 [WARN] PackLoader:240 - Cannot read IP mode file for STMicroelectronics.X-CUBE-TOF1.3.4.3
2026-05-19 09:28:32,730 [INFO] ThirdParty:978 - Integrity check success = true
2026-05-19 09:28:32,730 [INFO] IntegrityCheckThread:100 - exiting critical section [integrity check]
2026-05-19 09:28:32,731 [INFO] IntegrityCheckThread:103 - End integrity checks thread
2026-05-19 09:28:33,191 [INFO] WebApp:169 - Instantiating new browser for Auth
2026-05-19 09:28:34,772 [INFO] WebApp:463 - Apply proxy settings
2026-05-19 09:28:34,773 [INFO] WebApp:548 - Chromium requires no authentication
2026-05-19 09:28:34,791 [INFO] WebApp:491 - Direct internet connection detected
2026-05-19 09:28:34,824 [INFO] WebApp:900 - Register for checkConnection events
2026-05-19 09:28:34,824 [INFO] WebApp:463 - Apply proxy settings
2026-05-19 09:28:34,825 [INFO] WebApp:548 - Chromium requires no authentication
2026-05-19 09:28:34,825 [INFO] WebApp:491 - Direct internet connection detected
2026-05-19 09:28:35,063 [INFO] WebApp:225 - Starting web application
2026-05-19 09:28:35,063 [INFO] WebApp:593 - Web application path used D:\My_user\STM32CubeIDE_1.19.0\STM32CubeIDE\plugins\com.st.stm32cube.common.mx_6.15.0.202507011659\db\plugins\mcufinder\reactClient1\index.html
2026-05-19 09:28:35,096 [INFO] WebApp:191 - Connection restablished
2026-05-19 09:47:21,242 [INFO] WebApp:194 - Connection lost
2026-05-19 09:47:21,598 [INFO] WebApp:191 - Connection restablished
2026-05-19 09:48:11,022 [INFO] WebApp:194 - Connection lost
2026-05-19 09:48:11,416 [INFO] WebApp:191 - Connection restablished
2026-05-19 10:17:24,556 [INFO] WebApp:194 - Connection lost
2026-05-19 10:17:24,914 [INFO] WebApp:191 - Connection restablished
2026-05-19 11:13:52,884 [INFO] WebApp:194 - Connection lost
2026-05-19 11:13:57,551 [INFO] WebApp:191 - Connection restablished
2026-05-19 11:14:43,016 [INFO] WebApp:194 - Connection lost
2026-05-19 11:14:43,416 [INFO] WebApp:191 - Connection restablished
2026-05-19 13:05:59,448 [INFO] WebApp:194 - Connection lost
2026-05-19 13:06:00,420 [INFO] WebApp:191 - Connection restablished
2026-05-19 13:07:40,041 [INFO] WebApp:194 - Connection lost
2026-05-19 13:07:40,441 [INFO] WebApp:191 - Connection restablished
2026-05-19 14:13:06,429 [INFO] WebApp:194 - Connection lost
2026-05-19 14:13:06,879 [INFO] WebApp:191 - Connection restablished
2026-05-19 14:13:52,015 [INFO] WebApp:194 - Connection lost
2026-05-19 14:13:52,364 [INFO] WebApp:191 - Connection restablished
2026-05-19 21:01:46,740 [ERROR] LogOutputStream:75 - [STDERR_REDIRECT] 
2026-05-19 21:02:00,420 [INFO] Activator:176 - 


2026-05-19 21:02:00,422 [INFO] Activator:177 - !SESSION log4j initialized
2026-05-19 21:02:06,847 [INFO] LogOutputStream:77 - [STDOUT_REDIRECT] 
2026-05-19 21:02:07,994 [INFO] ApplicationProperties:184 - Using Application install path: D:\My_user\STM32CubeIDE_1.19.0\STM32CubeIDE\plugins\com.st.stm32cube.common.mx_6.15.0.202507011659
2026-05-19 21:02:08,016 [INFO] DbMcusXml:78 - Set database path to: D:\My_user\STM32CubeIDE_1.19.0\STM32CubeIDE\plugins\com.st.stm32cube.common.mx_6.15.0.202507011659\\db\/mcu/
2026-05-19 21:02:08,016 [INFO] ApiDb:274 - Set plugin database path to: D:\My_user\STM32CubeIDE_1.19.0\STM32CubeIDE\plugins\com.st.stm32cube.common.mx_6.15.0.202507011659\\db\/plugins/boardmanager/
2026-05-19 21:02:08,016 [WARN] ApiDb:259 - Overriding images path with different value:  => D:\My_user\STM32CubeIDE_1.19.0\STM32CubeIDE\plugins\com.st.stm32cube.common.mx_6.15.0.202507011659\\db\/plugins/mcufinder/images/
2026-05-19 21:02:08,025 [INFO] ApiDb:250 - Set database path to: C:\Users\User\.stmcufinder\plugins\mcufinder//mcu/
2026-05-19 21:02:08,027 [INFO] DbMcusAds:125 - Set database path to: C:\Users\User\.stmcufinder\plugins\mcufinder//mcu/
2026-05-19 21:02:08,029 [INFO] CrossReferenceDbSqlite:203 - Set database path to: C:\Users\User\.stmcufinder\plugins\mcufinder//mcu/cs/
2026-05-19 21:02:08,147 [INFO] RulesReader:64 - Compatibility file has been processed (317 Rules)
2026-05-19 21:02:08,246 [INFO] DbMcusXml:78 - Set database path to: D:\My_user\STM32CubeIDE_1.19.0\STM32CubeIDE\plugins\com.st.stm32cube.common.mx_6.15.0.202507011659\\db\/mcu/
2026-05-19 21:02:08,247 [INFO] ApiDb:274 - Set plugin database path to: D:\My_user\STM32CubeIDE_1.19.0\STM32CubeIDE\plugins\com.st.stm32cube.common.mx_6.15.0.202507011659\\db\/plugins/boardmanager/
2026-05-19 21:02:08,247 [INFO] ApiDb:261 - Set plugin images path to: D:\My_user\STM32CubeIDE_1.19.0\STM32CubeIDE\plugins\com.st.stm32cube.common.mx_6.15.0.202507011659\\db\/plugins/mcufinder/images/
2026-05-19 21:02:08,247 [WARN] DbFile:41 - Overriding database path with different value: C:\Users\User\.stmcufinder\plugins\mcufinder/ => C:\Users\User\.stmcufinder\plugins\mcufinder
2026-05-19 21:02:08,247 [INFO] ApiDb:250 - Set database path to: C:\Users\User\.stmcufinder\plugins\mcufinder//mcu/
2026-05-19 21:02:08,247 [WARN] DbFile:41 - Overriding database path with different value: C:\Users\User\.stmcufinder\plugins\mcufinder/ => C:\Users\User\.stmcufinder\plugins\mcufinder
2026-05-19 21:02:08,247 [INFO] DbMcusAds:125 - Set database path to: C:\Users\User\.stmcufinder\plugins\mcufinder//mcu/
2026-05-19 21:02:08,247 [WARN] DbFile:41 - Overriding database path with different value: C:\Users\User\.stmcufinder\plugins\mcufinder/ => C:\Users\User\.stmcufinder\plugins\mcufinder
2026-05-19 21:02:08,247 [WARN] DbFile:41 - Overriding database path with different value: C:\Users\User\.stmcufinder\plugins\mcufinder/ => C:\Users\User\.stmcufinder\plugins\mcufinder
2026-05-19 21:02:08,248 [INFO] CrossReferenceDbSqlite:203 - Set database path to: C:\Users\User\.stmcufinder\plugins\mcufinder//mcu/cs/
2026-05-19 21:02:08,330 [INFO] MainPanel:274 - HeapMemory: 268435456
2026-05-19 21:02:08,450 [INFO] DbMcusXml:78 - Set database path to: D:\My_user\STM32CubeIDE_1.19.0\STM32CubeIDE\plugins\com.st.stm32cube.common.mx_6.15.0.202507011659\\db\/mcu/
2026-05-19 21:02:08,451 [INFO] ApiDb:274 - Set plugin database path to: D:\My_user\STM32CubeIDE_1.19.0\STM32CubeIDE\plugins\com.st.stm32cube.common.mx_6.15.0.202507011659\\db\/plugins/boardmanager/
2026-05-19 21:02:08,451 [INFO] ApiDb:261 - Set plugin images path to: D:\My_user\STM32CubeIDE_1.19.0\STM32CubeIDE\plugins\com.st.stm32cube.common.mx_6.15.0.202507011659\\db\/plugins/mcufinder/images/
2026-05-19 21:02:08,451 [WARN] DbFile:41 - Overriding database path with different value: C:\Users\User\.stmcufinder\plugins\mcufinder/ => C:\Users\User\.stmcufinder\plugins\mcufinder
2026-05-19 21:02:08,451 [INFO] ApiDb:250 - Set database path to: C:\Users\User\.stmcufinder\plugins\mcufinder//mcu/
2026-05-19 21:02:08,451 [WARN] DbFile:41 - Overriding database path with different value: C:\Users\User\.stmcufinder\plugins\mcufinder/ => C:\Users\User\.stmcufinder\plugins\mcufinder
2026-05-19 21:02:08,451 [INFO] DbMcusAds:125 - Set database path to: C:\Users\User\.stmcufinder\plugins\mcufinder//mcu/
2026-05-19 21:02:08,452 [WARN] DbFile:41 - Overriding database path with different value: C:\Users\User\.stmcufinder\plugins\mcufinder/ => C:\Users\User\.stmcufinder\plugins\mcufinder
2026-05-19 21:02:08,452 [WARN] DbFile:41 - Overriding database path with different value: C:\Users\User\.stmcufinder\plugins\mcufinder/ => C:\Users\User\.stmcufinder\plugins\mcufinder
2026-05-19 21:02:08,452 [INFO] CrossReferenceDbSqlite:203 - Set database path to: C:\Users\User\.stmcufinder\plugins\mcufinder//mcu/cs/
2026-05-19 21:02:08,476 [INFO] ApplicationProperties:184 - Using Application install path: D:\My_user\STM32CubeIDE_1.19.0\STM32CubeIDE\plugins\com.st.stm32cube.common.mx_6.15.0.202507011659
2026-05-19 21:02:08,478 [INFO] PluginManage:196 - Search for loadable plugins [exclusion list=, ]
2026-05-19 21:02:08,480 [INFO] PluginManage:310 - Check plugin analytics
2026-05-19 21:02:08,702 [INFO] AnalyticsPlugin:253 - Accepted Software Licenses: 
2026-05-19 21:02:08,703 [INFO] AnalyticsPlugin:255 - Accepted CMSIS Pack Licenses: 
2026-05-19 21:02:08,703 [INFO] AnalyticsPlugin:257 - Accepted Firmware Licenses: FW.L4.1.18.0
2026-05-19 21:02:08,705 [INFO] PluginManage:359 - Loaded plugin analytics (category:tool,tabindex:-1)
2026-05-19 21:02:08,705 [INFO] PluginManage:310 - Check plugin cadmodel
2026-05-19 21:02:08,711 [INFO] CADModel:105 - Init CAD model plugin
2026-05-19 21:02:08,711 [INFO] PluginManage:359 - Loaded plugin cadmodel (category:power,tabindex:5)
2026-05-19 21:02:08,711 [INFO] PluginManage:310 - Check plugin clock
2026-05-19 21:02:08,721 [INFO] PluginManage:359 - Loaded plugin clock (category:base,tabindex:2)
2026-05-19 21:02:08,722 [INFO] PluginManage:310 - Check plugin ddr
2026-05-19 21:02:08,724 [INFO] PluginManage:359 - Loaded plugin ddr (category:tool,tabindex:6)
2026-05-19 21:02:08,724 [INFO] PluginManage:310 - Check plugin filemanager
2026-05-19 21:02:08,892 [INFO] PluginManage:359 - Loaded plugin filemanager (category:base,tabindex:10)
2026-05-19 21:02:08,892 [INFO] PluginManage:310 - Check plugin ipmanager
2026-05-19 21:02:08,900 [INFO] PluginManage:359 - Loaded plugin ipmanager (category:base,tabindex:5)
2026-05-19 21:02:08,900 [INFO] PluginManage:310 - Check plugin lpbam
2026-05-19 21:02:08,910 [INFO] PluginManage:359 - Loaded plugin lpbam (category:base,tabindex:0)
2026-05-19 21:02:08,910 [INFO] PluginManage:310 - Check plugin memorymap
2026-05-19 21:02:08,933 [INFO] PluginManage:359 - Loaded plugin memorymap (category:base,tabindex:4)
2026-05-19 21:02:08,933 [INFO] PluginManage:310 - Check plugin pinoutandconfiguration
2026-05-19 21:02:08,946 [INFO] PluginManage:359 - Loaded plugin pinoutandconfiguration (category:base,tabindex:1)
2026-05-19 21:02:08,946 [INFO] PluginManage:310 - Check plugin pinoutconfig
2026-05-19 21:02:09,066 [WARN] SupportedApi:132 - Cannot load RTOS API schema: s4s-elt-must-match.1: The content of 'definitions' must match (annotation?, (simpleType | complexType)?, (unique | key | keyref)*)). A problem was found starting at: attribute.
2026-05-19 21:02:09,215 [INFO] PluginManage:359 - Loaded plugin pinoutconfig (category:base,tabindex:0)
2026-05-19 21:02:09,215 [INFO] PluginManage:310 - Check plugin power
2026-05-19 21:02:09,229 [INFO] PluginManage:359 - Loaded plugin power (category:power,tabindex:4)
2026-05-19 21:02:09,229 [INFO] PluginManage:310 - Check plugin projectmanager
2026-05-19 21:02:09,248 [INFO] PluginManage:359 - Loaded plugin projectmanager (category:projectmanager,tabindex:4)
2026-05-19 21:02:09,248 [INFO] PluginManage:310 - Check plugin rif
2026-05-19 21:02:09,263 [INFO] PluginManage:359 - Loaded plugin rif (category:base,tabindex:3)
2026-05-19 21:02:09,263 [INFO] PluginManage:310 - Check plugin thirdparty
2026-05-19 21:02:09,424 [INFO] PluginManage:359 - Loaded plugin thirdparty (category:base,tabindex:-1)
2026-05-19 21:02:09,424 [WARN] IntegrityCheckThread:84 - waiting for thirdparty lock release [integrity check]
2026-05-19 21:02:09,425 [INFO] PluginManage:310 - Check plugin tools
2026-05-19 21:02:09,425 [INFO] IntegrityCheckThread:86 - entering critical section [integrity check]
2026-05-19 21:02:09,425 [INFO] ThirdPartyUpdaterWithRetryManager:70 - Updater plugin not ready yet. [1/15]
2026-05-19 21:02:09,428 [INFO] PluginManage:359 - Loaded plugin tools (category:base,tabindex:7)
2026-05-19 21:02:09,429 [INFO] PluginManage:310 - Check plugin tutovideos
2026-05-19 21:02:09,616 [INFO] PluginManage:359 - Loaded plugin tutovideos (category:base,tabindex:-1)
2026-05-19 21:02:09,616 [INFO] PluginManage:310 - Check plugin updater
2026-05-19 21:02:09,636 [INFO] PluginManage:359 - Loaded plugin updater (category:base,tabindex:12)
2026-05-19 21:02:09,636 [INFO] PluginManage:310 - Check plugin userauth
2026-05-19 21:02:09,640 [INFO] UserAuth:118 - Init User Auth plugin
2026-05-19 21:02:09,641 [INFO] PluginManage:359 - Loaded plugin userauth (category:base,tabindex:14)
2026-05-19 21:02:09,641 [INFO] PluginManage:283 - PluginManage : Loaded plugins [18]
2026-05-19 21:02:09,837 [INFO] PinOutPanel:1589 - setPackage(No Configuration,No Configuration)
2026-05-19 21:02:09,929 [INFO] CADModel:165 - CPN selected for project level
2026-05-19 21:02:09,929 [INFO] CADModel:114 - Register for checkConnection events
2026-05-19 21:02:09,950 [INFO] IPUIPlugin:80 - create IPUIPlugin
2026-05-19 21:02:09,950 [INFO] PluginManager:220 - loadIPPluginJar : add adc
2026-05-19 21:02:09,953 [INFO] IPUIPlugin:80 - create IPUIPlugin
2026-05-19 21:02:09,954 [INFO] PluginManager:220 - loadIPPluginJar : add aes
2026-05-19 21:02:09,957 [INFO] IPUIPlugin:80 - create IPUIPlugin
2026-05-19 21:02:09,958 [INFO] PluginManager:220 - loadIPPluginJar : add can
2026-05-19 21:02:09,960 [INFO] IPUIPlugin:80 - create IPUIPlugin
2026-05-19 21:02:09,961 [INFO] PluginManager:220 - loadIPPluginJar : add comp
2026-05-19 21:02:09,964 [INFO] IPUIPlugin:80 - create IPUIPlugin
2026-05-19 21:02:09,964 [INFO] PluginManager:220 - loadIPPluginJar : add cryp
2026-05-19 21:02:09,968 [INFO] IPUIPlugin:80 - create IPUIPlugin
2026-05-19 21:02:09,968 [INFO] PluginManager:220 - loadIPPluginJar : add ddr_ctrl_phy
2026-05-19 21:02:09,971 [INFO] IPUIPlugin:80 - create IPUIPlugin
2026-05-19 21:02:09,971 [INFO] PluginManager:220 - loadIPPluginJar : add dfsdm
2026-05-19 21:02:09,977 [INFO] IPUIPlugin:80 - create IPUIPlugin
2026-05-19 21:02:09,977 [INFO] PluginManager:220 - loadIPPluginJar : add dma
2026-05-19 21:02:09,981 [INFO] IPUIPlugin:80 - create IPUIPlugin
2026-05-19 21:02:09,982 [INFO] PluginManager:220 - loadIPPluginJar : add dma3
2026-05-19 21:02:09,986 [INFO] IPUIPlugin:80 - create IPUIPlugin
2026-05-19 21:02:09,986 [INFO] PluginManager:220 - loadIPPluginJar : add extmemmanager
2026-05-19 21:02:09,988 [INFO] IPUIPlugin:80 - create IPUIPlugin
2026-05-19 21:02:09,988 [INFO] PluginManager:220 - loadIPPluginJar : add fatfs
2026-05-19 21:02:09,994 [INFO] IPUIPlugin:80 - create IPUIPlugin
2026-05-19 21:02:09,994 [INFO] PluginManager:220 - loadIPPluginJar : add fmc
2026-05-19 21:02:10,004 [INFO] IPUIPlugin:80 - create IPUIPlugin
2026-05-19 21:02:10,004 [INFO] PluginManager:220 - loadIPPluginJar : add freertos
2026-05-19 21:02:10,007 [INFO] IPUIPlugin:80 - create IPUIPlugin
2026-05-19 21:02:10,007 [INFO] PluginManager:220 - loadIPPluginJar : add genericplugin
2026-05-19 21:02:10,011 [INFO] IPUIPlugin:80 - create IPUIPlugin
2026-05-19 21:02:10,011 [INFO] PluginManager:220 - loadIPPluginJar : add gfxmmu
2026-05-19 21:02:10,019 [INFO] IPUIPlugin:80 - create IPUIPlugin
2026-05-19 21:02:10,019 [INFO] PluginManager:220 - loadIPPluginJar : add gic
2026-05-19 21:02:10,025 [INFO] IPUIPlugin:80 - create IPUIPlugin
2026-05-19 21:02:10,026 [INFO] PluginManager:220 - loadIPPluginJar : add gpio
2026-05-19 21:02:10,030 [INFO] IPUIPlugin:80 - create IPUIPlugin
2026-05-19 21:02:10,030 [INFO] PluginManager:220 - loadIPPluginJar : add gtzc
2026-05-19 21:02:10,035 [INFO] IPUIPlugin:80 - create IPUIPlugin
2026-05-19 21:02:10,035 [INFO] PluginManager:220 - loadIPPluginJar : add hash
2026-05-19 21:02:10,039 [INFO] IPUIPlugin:80 - create IPUIPlugin
2026-05-19 21:02:10,040 [INFO] PluginManager:220 - loadIPPluginJar : add i2c
2026-05-19 21:02:10,044 [INFO] IPUIPlugin:80 - create IPUIPlugin
2026-05-19 21:02:10,044 [INFO] PluginManager:220 - loadIPPluginJar : add i2s
2026-05-19 21:02:10,048 [INFO] IPUIPlugin:80 - create IPUIPlugin
2026-05-19 21:02:10,048 [INFO] PluginManager:220 - loadIPPluginJar : add i3c
2026-05-19 21:02:10,053 [INFO] IPUIPlugin:80 - create IPUIPlugin
2026-05-19 21:02:10,053 [INFO] PluginManager:220 - loadIPPluginJar : add ipddr
2026-05-19 21:02:10,063 [INFO] IPUIPlugin:80 - create IPUIPlugin
2026-05-19 21:02:10,063 [INFO] PluginManager:220 - loadIPPluginJar : add linkedlist
2026-05-19 21:02:10,068 [INFO] IPUIPlugin:80 - create IPUIPlugin
2026-05-19 21:02:10,068 [INFO] PluginManager:220 - loadIPPluginJar : add lorawan
2026-05-19 21:02:10,072 [INFO] IPUIPlugin:80 - create IPUIPlugin
2026-05-19 21:02:10,072 [INFO] PluginManager:220 - loadIPPluginJar : add ltdc
2026-05-19 21:02:10,082 [INFO] IPUIPlugin:80 - create IPUIPlugin
2026-05-19 21:02:10,082 [INFO] PluginManager:220 - loadIPPluginJar : add mdma
2026-05-19 21:02:10,087 [INFO] IPUIPlugin:80 - create IPUIPlugin
2026-05-19 21:02:10,087 [INFO] PluginManager:220 - loadIPPluginJar : add nvic
2026-05-19 21:02:10,091 [INFO] IPUIPlugin:80 - create IPUIPlugin
2026-05-19 21:02:10,091 [INFO] PluginManager:220 - loadIPPluginJar : add opamp
2026-05-19 21:02:10,096 [INFO] IPUIPlugin:80 - create IPUIPlugin
2026-05-19 21:02:10,096 [INFO] PluginManager:220 - loadIPPluginJar : add openamp
2026-05-19 21:02:10,102 [INFO] IPUIPlugin:80 - create IPUIPlugin
2026-05-19 21:02:10,102 [INFO] PluginManager:220 - loadIPPluginJar : add pdm2pcm
2026-05-19 21:02:10,110 [INFO] IPUIPlugin:80 - create IPUIPlugin
2026-05-19 21:02:10,113 [INFO] PluginManager:220 - loadIPPluginJar : add plateformsettings
2026-05-19 21:02:10,117 [INFO] IPUIPlugin:80 - create IPUIPlugin
2026-05-19 21:02:10,117 [INFO] PluginManager:220 - loadIPPluginJar : add quadspi
2026-05-19 21:02:10,120 [INFO] IPUIPlugin:80 - create IPUIPlugin
2026-05-19 21:02:10,121 [INFO] PluginManager:220 - loadIPPluginJar : add radio
2026-05-19 21:02:10,126 [INFO] IPUIPlugin:80 - create IPUIPlugin
2026-05-19 21:02:10,126 [INFO] PluginManager:220 - loadIPPluginJar : add resmgrutility
2026-05-19 21:02:10,129 [INFO] IPUIPlugin:80 - create IPUIPlugin
2026-05-19 21:02:10,129 [INFO] PluginManager:220 - loadIPPluginJar : add sai
2026-05-19 21:02:10,133 [INFO] IPUIPlugin:80 - create IPUIPlugin
2026-05-19 21:02:10,133 [INFO] PluginManager:220 - loadIPPluginJar : add spi
2026-05-19 21:02:10,139 [INFO] IPUIPlugin:80 - create IPUIPlugin
2026-05-19 21:02:10,140 [INFO] PluginManager:220 - loadIPPluginJar : add stm32_wpan
2026-05-19 21:02:10,142 [INFO] IPUIPlugin:80 - create IPUIPlugin
2026-05-19 21:02:10,142 [INFO] PluginManager:220 - loadIPPluginJar : add tim
2026-05-19 21:02:10,145 [INFO] IPUIPlugin:80 - create IPUIPlugin
2026-05-19 21:02:10,146 [INFO] PluginManager:220 - loadIPPluginJar : add touchsensing
2026-05-19 21:02:10,148 [INFO] IPUIPlugin:80 - create IPUIPlugin
2026-05-19 21:02:10,149 [INFO] PluginManager:220 - loadIPPluginJar : add tracer_emb
2026-05-19 21:02:10,151 [INFO] IPUIPlugin:80 - create IPUIPlugin
2026-05-19 21:02:10,151 [INFO] PluginManager:220 - loadIPPluginJar : add ts
2026-05-19 21:02:10,153 [INFO] IPUIPlugin:80 - create IPUIPlugin
2026-05-19 21:02:10,154 [INFO] PluginManager:220 - loadIPPluginJar : add tsc
2026-05-19 21:02:10,157 [INFO] IPUIPlugin:80 - create IPUIPlugin
2026-05-19 21:02:10,157 [INFO] PluginManager:220 - loadIPPluginJar : add ucpd
2026-05-19 21:02:10,160 [INFO] IPUIPlugin:80 - create IPUIPlugin
2026-05-19 21:02:10,160 [INFO] PluginManager:220 - loadIPPluginJar : add usart
2026-05-19 21:02:10,164 [INFO] IPUIPlugin:80 - create IPUIPlugin
2026-05-19 21:02:10,165 [INFO] PluginManager:220 - loadIPPluginJar : add usbx
2026-05-19 21:02:10,305 [FATAL] Updater:351 - Updater called before beeing initialized
2026-05-19 21:02:10,331 [INFO] RulesReader:64 - Compatibility file has been processed (317 Rules)
2026-05-19 21:02:10,342 [INFO] RulesReader:64 - Compatibility file has been processed (317 Rules)
2026-05-19 21:02:10,353 [INFO] CADModel:165 - CPN selected for project level
2026-05-19 21:02:10,353 [INFO] CADModel:114 - Register for checkConnection events
2026-05-19 21:02:10,353 [FATAL] Updater:351 - Updater called before beeing initialized
2026-05-19 21:02:10,353 [ERROR] CADModel:125 - Updater not yet initialized, retry later 
2026-05-19 21:02:10,484 [FATAL] Updater:351 - Updater called before beeing initialized
2026-05-19 21:02:10,486 [INFO] CADModel:165 - CPN selected for project level
2026-05-19 21:02:10,486 [INFO] CADModel:114 - Register for checkConnection events
2026-05-19 21:02:10,487 [FATAL] Updater:351 - Updater called before beeing initialized
2026-05-19 21:02:10,487 [ERROR] CADModel:125 - Updater not yet initialized, retry later 
2026-05-19 21:02:10,489 [FATAL] Updater:351 - Updater called before beeing initialized
2026-05-19 21:02:10,580 [FATAL] Updater:351 - Updater called before beeing initialized
2026-05-19 21:02:10,583 [INFO] DbMcusAds:53 - JSON generation date=Mon Apr 27 13:44:29 IST 2026 (1777277669577)
2026-05-19 21:02:10,583 [FATAL] Updater:351 - Updater called before beeing initialized
2026-05-19 21:02:10,615 [WARN] DetailPanel:346 - Failed to get advertising image, set to default
2026-05-19 21:02:10,719 [FATAL] Updater:351 - Updater called before beeing initialized
2026-05-19 21:02:10,722 [FATAL] Updater:351 - Updater called before beeing initialized
2026-05-19 21:02:10,722 [FATAL] Updater:351 - Updater called before beeing initialized
2026-05-19 21:02:10,722 [WARN] DetailPanel:346 - Failed to get advertising image, set to default
2026-05-19 21:02:10,723 [FATAL] Updater:351 - Updater called before beeing initialized
2026-05-19 21:02:10,790 [ERROR] Updater:1198 - MainUpdater not yet initialized. External WinMGr cannot be set.
2026-05-19 21:02:10,793 [INFO] Updater:1134 - Updater Version found : 6.15.0
2026-05-19 21:02:10,813 [INFO] ApplicationProperties:184 - Using Application install path: D:\My_user\STM32CubeIDE_1.19.0\STM32CubeIDE\plugins\com.st.stm32cube.common.mx_6.15.0.202507011659
2026-05-19 21:02:11,166 [INFO] MainUpdater:2872 - connection check result : 10
2026-05-19 21:02:11,167 [INFO] MainUpdater:289 - Updater Check For Update Now.
2026-05-19 21:02:11,167 [INFO] MicroXplorer:498 - Change Database Version : DB.6.0.150
2026-05-19 21:02:11,173 [INFO] McuFinderGlobals:63 - Set McuFinder mode to 2 (CubeIDE integrated)
2026-05-19 21:02:11,174 [INFO] UserAuth:171 - activating auth plugin
2026-05-19 21:02:11,179 [INFO] UserAuth:487 - Internet connection configuration mode: 1
2026-05-19 21:02:11,214 [INFO] JxBrowserEngine:152 - Initiate JxBrowser Engine with user profile folder
2026-05-19 21:02:11,367 [INFO] CheckServerUpdateThread:120 - End of CheckServer Thread
2026-05-19 21:02:12,335 [INFO] WebApp:169 - Instantiating new browser for Auth
2026-05-19 21:02:12,901 [WARN] PackLoader:240 - Cannot read IP mode file for STMicroelectronics.X-CUBE-AZRTOS-H7.3.5.0
2026-05-19 21:02:12,925 [WARN] PackLoader:240 - Cannot read IP mode file for STMicroelectronics.FP-ATR-ASTRA1.2.0.2
2026-05-19 21:02:12,944 [WARN] PackLoader:240 - Cannot read IP mode file for STMicroelectronics.X-CUBE-SMBUS.2.1.0
2026-05-19 21:02:12,968 [WARN] PackLoader:240 - Cannot read IP mode file for STMicroelectronics.X-CUBE-AZRTOS-F7.1.1.0
2026-05-19 21:02:12,981 [WARN] PackLoader:240 - Cannot read IP mode file for STMicroelectronics.FP-SNS-MOTENV1.5.1.0
2026-05-19 21:02:12,999 [WARN] PackLoader:240 - Cannot read IP mode file for WES.I-CUBE-Cesium.1.4.0
2026-05-19 21:02:13,013 [WARN] PackLoader:240 - Cannot read IP mode file for STMicroelectronics.X-CUBE-DISPLAY.3.0.0
2026-05-19 21:02:13,032 [WARN] PackLoader:240 - Cannot read IP mode file for STMicroelectronics.X-CUBE-GNSS1.7.1.1
2026-05-19 21:02:13,044 [WARN] PackLoader:240 - Cannot read IP mode file for STMicroelectronics.FP-SNS-MOTENVWB1.1.5.0
2026-05-19 21:02:13,055 [WARN] PackLoader:240 - Cannot read IP mode file for wolfSSL.I-CUBE-wolfSSL.5.9.1
2026-05-19 21:02:13,068 [WARN] PackLoader:240 - Cannot read IP mode file for STMicroelectronics.X-CUBE-NFC10.1.0.0
2026-05-19 21:02:13,089 [WARN] PackLoader:240 - Cannot read IP mode file for STMicroelectronics.X-CUBE-ST60.1.1.0
2026-05-19 21:02:13,104 [WARN] PackLoader:240 - Cannot read IP mode file for emotas.I-CUBE-CANOPEN.1.3.0
2026-05-19 21:02:13,115 [WARN] PackLoader:240 - Cannot read IP mode file for STMicroelectronics.FP-SNS-STBOX1.2.1.0
2026-05-19 21:02:13,131 [WARN] PackLoader:240 - Cannot read IP mode file for STMicroelectronics.FP-SNS-SMARTAG2.1.2.0
2026-05-19 21:02:13,139 [WARN] PackLoader:240 - Cannot read IP mode file for STMicroelectronics.FP-SNS-FLIGHT1.5.1.0
2026-05-19 21:02:13,154 [INFO] LogOutputStream:77 - [STDOUT_REDIRECT] 1 : Invalid condition id : UX_CORESTACK_Condition cause : null
2026-05-19 21:02:13,155 [INFO] LogOutputStream:77 - [STDOUT_REDIRECT] 1 : Invalid condition id : UX_CORESTACK_Condition cause : null
2026-05-19 21:02:13,157 [INFO] LogOutputStream:77 - [STDOUT_REDIRECT] 1 : Invalid condition id : UX_CORESTACK_Condition cause : null
2026-05-19 21:02:13,159 [INFO] LogOutputStream:77 - [STDOUT_REDIRECT] 1 : Invalid condition id : UX_CORESTACK_Condition cause : null
2026-05-19 21:02:13,160 [INFO] LogOutputStream:77 - [STDOUT_REDIRECT] 1 : Invalid condition id : UX_CORESTACK_Condition cause : null
2026-05-19 21:02:13,164 [WARN] PackLoader:240 - Cannot read IP mode file for STMicroelectronics.X-CUBE-AZRTOS-WL.2.0.0
2026-05-19 21:02:13,187 [WARN] PackLoader:240 - Cannot read IP mode file for STMicroelectronics.X-CUBE-AZRTOS-H7RS.1.2.0
2026-05-19 21:02:13,204 [WARN] PackLoader:240 - Cannot read IP mode file for STMicroelectronics.X-CUBE-BLE2.3.3.0
2026-05-19 21:02:13,256 [WARN] PackLoader:240 - Cannot read IP mode file for Infineon.AIROC-Wi-Fi-Bluetooth-STM32.1.8.0
2026-05-19 21:02:13,267 [WARN] PackLoader:240 - Cannot read IP mode file for STMicroelectronics.X-CUBE-NFC9.1.0.0
2026-05-19 21:02:13,274 [WARN] PackLoader:240 - Cannot read IP mode file for STMicroelectronics.X-CUBE-BLE1.7.1.0
2026-05-19 21:02:13,279 [WARN] PackLoader:240 - Cannot read IP mode file for wolfSSL.I-CUBE-wolfMQTT.1.19.2
2026-05-19 21:02:13,288 [WARN] PackLoader:240 - Cannot read IP mode file for STMicroelectronics.X-CUBE-EEPRMA1.5.2.0
2026-05-19 21:02:13,298 [WARN] PackLoader:240 - Cannot read IP mode file for STMicroelectronics.FP-SNS-STAIOTCFT.1.1.0
2026-05-19 21:02:13,320 [WARN] PackLoader:240 - Cannot read IP mode file for STMicroelectronics.X-CUBE-AZRTOS-G0.1.1.0
2026-05-19 21:02:13,331 [WARN] PackLoader:240 - Cannot read IP mode file for STMicroelectronics.X-CUBE-NFC4.3.0.0
2026-05-19 21:02:13,345 [WARN] PackLoader:240 - Cannot read IP mode file for EmbeddedOffice.I-CUBE-FS-RTOS.1.0.1
2026-05-19 21:02:13,353 [WARN] PackLoader:240 - Cannot read IP mode file for wolfSSL.I-CUBE-wolfTPM.3.8.0
2026-05-19 21:02:13,361 [WARN] PackLoader:240 - Cannot read IP mode file for STMicroelectronics.X-CUBE-TCPP.4.2.0
2026-05-19 21:02:13,371 [WARN] PackLoader:240 - Cannot read IP mode file for RealThread.X-CUBE-RT-Thread_Nano.4.1.1
2026-05-19 21:02:13,379 [WARN] PackLoader:240 - Cannot read IP mode file for STMicroelectronics.FP-ATR-SIGFOX1.3.2.0
2026-05-19 21:02:13,389 [WARN] PackLoader:240 - Cannot read IP mode file for STMicroelectronics.X-CUBE-FREERTOS.1.5.0
2026-05-19 21:02:13,399 [WARN] PackLoader:240 - Cannot read IP mode file for ITTIA_DB.I-CUBE-ITTIADB.8.9.0
2026-05-19 21:02:13,408 [WARN] PackLoader:240 - Cannot read IP mode file for STMicroelectronics.X-CUBE-NFC6.3.2.0
2026-05-19 21:02:13,417 [WARN] PackLoader:240 - Cannot read IP mode file for STMicroelectronics.X-CUBE-AI.10.2.0
2026-05-19 21:02:13,473 [WARN] PackLoader:240 - Cannot read IP mode file for STMicroelectronics.X-CUBE-MEMS1.12.1.0
2026-05-19 21:02:13,603 [WARN] PackLoader:240 - Cannot read IP mode file for SEGGER.I-CUBE-embOS.1.3.1
2026-05-19 21:02:13,647 [WARN] PackLoader:240 - Cannot read IP mode file for STMicroelectronics.X-CUBE-ALGOBUILD.1.4.0
2026-05-19 21:02:13,656 [WARN] PackLoader:240 - Cannot read IP mode file for STMicroelectronics.X-CUBE-PM33A1.1.0.0
2026-05-19 21:02:13,674 [WARN] PackLoader:240 - Cannot read IP mode file for STMicroelectronics.X-CUBE-AZRTOS-F4.1.1.0
2026-05-19 21:02:13,685 [WARN] PackLoader:240 - Cannot read IP mode file for STMicroelectronics.X-CUBE-ISPU.2.1.0
2026-05-19 21:02:13,768 [WARN] PackLoader:240 - Cannot read IP mode file for STMicroelectronics.X-CUBE-IPS.3.2.0
2026-05-19 21:02:13,804 [WARN] PackLoader:240 - Cannot read IP mode file for STMicroelectronics.eDS-WB_DPC_TT-BIDIR.2.1.1
2026-05-19 21:02:13,848 [WARN] PackLoader:240 - Cannot read IP mode file for STMicroelectronics.X-CUBE-NFC12.1.0.0
2026-05-19 21:02:13,873 [WARN] PackLoader:240 - Cannot read IP mode file for STMicroelectronics.X-CUBE-AZRTOS-L5.2.0.0
2026-05-19 21:02:13,896 [WARN] PackLoader:240 - Cannot read IP mode file for STMicroelectronics.eDS-WB_DPC_VIENNA.1.2.0
2026-05-19 21:02:13,905 [WARN] PackLoader:240 - Cannot read IP mode file for STMicroelectronics.eDS-WB_DPC_3PH2L-BIDIR.1.1.1
2026-05-19 21:02:13,913 [ERROR] Engine:466 - C:\Users\User\.stm32cubemx\thirdparties\pdsc\STMicroelectronics.X-CUBE-ST67W61.1.3.0.pdsc: PDSC version is not supported
2026-05-19 21:02:13,927 [WARN] PackLoader:240 - Cannot read IP mode file for STMicroelectronics.X-CUBE-TOUCHGFX.4.26.1
2026-05-19 21:02:13,943 [WARN] PackLoader:240 - Cannot read IP mode file for STMicroelectronics.X-CUBE-DPower.1.3.0
2026-05-19 21:02:13,974 [WARN] ConditionMgr:438 - getConditionDescription Invalid condition id : LAN8742 Phy interface Condition cause : null
2026-05-19 21:02:13,975 [WARN] PackLoader:240 - Cannot read IP mode file for STMicroelectronics.X-CUBE-AZRTOS-L4.2.0.0
2026-05-19 21:02:13,979 [WARN] ConditionMgr:1044 - genDependencies : Invalid condition id : LAN8742 Phy interface Condition cause : null
2026-05-19 21:02:13,980 [WARN] ConditionMgr:1044 - genDependencies : Invalid condition id : LAN8742 Phy interface Condition cause : null
2026-05-19 21:02:13,981 [WARN] ConditionMgr:1044 - genDependencies : Invalid condition id : LAN8742 Phy interface Condition cause : null
2026-05-19 21:02:14,003 [WARN] PackLoader:240 - Cannot read IP mode file for STMicroelectronics.X-CUBE-SFXS2LP1.4.0.0
2026-05-19 21:02:14,018 [WARN] PackLoader:240 - Cannot read IP mode file for STMicroelectronics.X-CUBE-WB05N.2.1.0
2026-05-19 21:02:14,050 [WARN] PackLoader:240 - Cannot read IP mode file for STMicroelectronics.X-CUBE-BLEMGR.4.1.0
2026-05-19 21:02:14,068 [WARN] ConditionMgr:438 - getConditionDescription Invalid condition id : UX DEVICE CLASS RTOS Condition cause : null
2026-05-19 21:02:14,068 [WARN] ConditionMgr:438 - getConditionDescription Invalid condition id : UX DEVICE CLASS RTOS Condition cause : null
2026-05-19 21:02:14,070 [WARN] PackLoader:240 - Cannot read IP mode file for STMicroelectronics.X-CUBE-AZRTOS-WB.2.0.0
2026-05-19 21:02:14,070 [WARN] ConditionMgr:1044 - genDependencies : Invalid condition id : UX DEVICE CLASS RTOS Condition cause : null
2026-05-19 21:02:14,071 [WARN] ConditionMgr:1044 - genDependencies : Invalid condition id : UX DEVICE CLASS RTOS Condition cause : null
2026-05-19 21:02:14,071 [WARN] ConditionMgr:1044 - genDependencies : Invalid condition id : UX DEVICE CLASS RTOS Condition cause : null
2026-05-19 21:02:14,071 [WARN] ConditionMgr:1044 - genDependencies : Invalid condition id : UX DEVICE CLASS RTOS Condition cause : null
2026-05-19 21:02:14,071 [WARN] ConditionMgr:1044 - genDependencies : Invalid condition id : UX DEVICE CLASS RTOS Condition cause : null
2026-05-19 21:02:14,080 [WARN] ConditionMgr:438 - getConditionDescription Invalid condition id : Cortex-A Device cause : null
2026-05-19 21:02:14,091 [WARN] ConditionMgr:1044 - genDependencies : Invalid condition id : Cortex-A Device cause : null
2026-05-19 21:02:14,092 [WARN] ConditionMgr:1044 - genDependencies : Invalid condition id : Cortex-A Device cause : null
2026-05-19 21:02:14,092 [WARN] ConditionMgr:1044 - genDependencies : Invalid condition id : Cortex-A Device cause : null
2026-05-19 21:02:14,106 [WARN] PackLoader:240 - Cannot read IP mode file for STMicroelectronics.X-CUBE-STSE01.2.0.0
2026-05-19 21:02:14,130 [WARN] PackLoader:240 - Cannot read IP mode file for STMicroelectronics.X-CUBE-SUBG2.5.0.0
2026-05-19 21:02:14,157 [WARN] PackLoader:240 - Cannot read IP mode file for STMicroelectronics.X-CUBE-AZRTOS-G4.2.0.0
2026-05-19 21:02:14,173 [WARN] PackLoader:240 - Cannot read IP mode file for wolfSSL.I-CUBE-wolfSSH.1.4.20
2026-05-19 21:02:14,183 [WARN] PackLoader:240 - Cannot read IP mode file for STMicroelectronics.X-CUBE-NFC7.2.0.0
2026-05-19 21:02:14,196 [WARN] PackLoader:240 - Cannot read IP mode file for STMicroelectronics.X-CUBE-ALS.1.0.2
2026-05-19 21:02:14,213 [WARN] PackLoader:240 - Cannot read IP mode file for STMicroelectronics.X-CUBE-TOF1.3.4.3
2026-05-19 21:02:14,222 [INFO] ThirdParty:978 - Integrity check success = true
2026-05-19 21:02:14,222 [INFO] IntegrityCheckThread:100 - exiting critical section [integrity check]
2026-05-19 21:02:14,222 [INFO] IntegrityCheckThread:103 - End integrity checks thread
2026-05-19 21:02:14,420 [INFO] WebApp:463 - Apply proxy settings
2026-05-19 21:02:14,421 [INFO] WebApp:548 - Chromium requires no authentication
2026-05-19 21:02:14,445 [INFO] WebApp:491 - Direct internet connection detected
2026-05-19 21:02:14,481 [INFO] WebApp:900 - Register for checkConnection events
2026-05-19 21:02:14,481 [INFO] WebApp:463 - Apply proxy settings
2026-05-19 21:02:14,481 [INFO] WebApp:548 - Chromium requires no authentication
2026-05-19 21:02:14,482 [INFO] WebApp:491 - Direct internet connection detected
2026-05-19 21:02:14,672 [INFO] WebApp:225 - Starting web application
2026-05-19 21:02:14,672 [INFO] WebApp:593 - Web application path used D:\My_user\STM32CubeIDE_1.19.0\STM32CubeIDE\plugins\com.st.stm32cube.common.mx_6.15.0.202507011659\db\plugins\mcufinder\reactClient1\index.html
2026-05-19 21:02:15,014 [INFO] WebApp:191 - Connection restablished
2026-05-19 21:03:50,648 [ERROR] LogOutputStream:75 - [STDERR_REDIRECT] 
