2026-05-18 10:50:40,090 [INFO] Activator:176 - 


2026-05-18 10:50:40,095 [INFO] Activator:177 - !SESSION log4j initialized
2026-05-18 10:50:45,601 [INFO] LogOutputStream:77 - [STDOUT_REDIRECT] 
2026-05-18 10:50:46,815 [INFO] ApplicationProperties:184 - Using Application install path: D:\My_user\STM32CubeIDE_1.19.0\STM32CubeIDE\plugins\com.st.stm32cube.common.mx_6.15.0.202507011659
2026-05-18 10:50:46,842 [INFO] DbMcusXml:78 - Set database path to: D:\My_user\STM32CubeIDE_1.19.0\STM32CubeIDE\plugins\com.st.stm32cube.common.mx_6.15.0.202507011659\\db\/mcu/
2026-05-18 10:50:46,842 [INFO] ApiDb:274 - Set plugin database path to: D:\My_user\STM32CubeIDE_1.19.0\STM32CubeIDE\plugins\com.st.stm32cube.common.mx_6.15.0.202507011659\\db\/plugins/boardmanager/
2026-05-18 10:50:46,843 [WARN] ApiDb:259 - Overriding images path with different value:  => D:\My_user\STM32CubeIDE_1.19.0\STM32CubeIDE\plugins\com.st.stm32cube.common.mx_6.15.0.202507011659\\db\/plugins/mcufinder/images/
2026-05-18 10:50:46,854 [INFO] ApiDb:250 - Set database path to: C:\Users\User\.stmcufinder\plugins\mcufinder//mcu/
2026-05-18 10:50:46,855 [INFO] DbMcusAds:125 - Set database path to: C:\Users\User\.stmcufinder\plugins\mcufinder//mcu/
2026-05-18 10:50:46,858 [INFO] CrossReferenceDbSqlite:203 - Set database path to: C:\Users\User\.stmcufinder\plugins\mcufinder//mcu/cs/
2026-05-18 10:50:46,981 [INFO] RulesReader:64 - Compatibility file has been processed (317 Rules)
2026-05-18 10:50:47,070 [INFO] DbMcusXml:78 - Set database path to: D:\My_user\STM32CubeIDE_1.19.0\STM32CubeIDE\plugins\com.st.stm32cube.common.mx_6.15.0.202507011659\\db\/mcu/
2026-05-18 10:50:47,070 [INFO] ApiDb:274 - Set plugin database path to: D:\My_user\STM32CubeIDE_1.19.0\STM32CubeIDE\plugins\com.st.stm32cube.common.mx_6.15.0.202507011659\\db\/plugins/boardmanager/
2026-05-18 10:50:47,070 [INFO] ApiDb:261 - Set plugin images path to: D:\My_user\STM32CubeIDE_1.19.0\STM32CubeIDE\plugins\com.st.stm32cube.common.mx_6.15.0.202507011659\\db\/plugins/mcufinder/images/
2026-05-18 10:50:47,070 [WARN] DbFile:41 - Overriding database path with different value: C:\Users\User\.stmcufinder\plugins\mcufinder/ => C:\Users\User\.stmcufinder\plugins\mcufinder
2026-05-18 10:50:47,071 [INFO] ApiDb:250 - Set database path to: C:\Users\User\.stmcufinder\plugins\mcufinder//mcu/
2026-05-18 10:50:47,071 [WARN] DbFile:41 - Overriding database path with different value: C:\Users\User\.stmcufinder\plugins\mcufinder/ => C:\Users\User\.stmcufinder\plugins\mcufinder
2026-05-18 10:50:47,071 [INFO] DbMcusAds:125 - Set database path to: C:\Users\User\.stmcufinder\plugins\mcufinder//mcu/
2026-05-18 10:50:47,071 [WARN] DbFile:41 - Overriding database path with different value: C:\Users\User\.stmcufinder\plugins\mcufinder/ => C:\Users\User\.stmcufinder\plugins\mcufinder
2026-05-18 10:50:47,071 [WARN] DbFile:41 - Overriding database path with different value: C:\Users\User\.stmcufinder\plugins\mcufinder/ => C:\Users\User\.stmcufinder\plugins\mcufinder
2026-05-18 10:50:47,071 [INFO] CrossReferenceDbSqlite:203 - Set database path to: C:\Users\User\.stmcufinder\plugins\mcufinder//mcu/cs/
2026-05-18 10:50:47,152 [INFO] MainPanel:274 - HeapMemory: 268435456
2026-05-18 10:50:47,281 [INFO] DbMcusXml:78 - Set database path to: D:\My_user\STM32CubeIDE_1.19.0\STM32CubeIDE\plugins\com.st.stm32cube.common.mx_6.15.0.202507011659\\db\/mcu/
2026-05-18 10:50:47,281 [INFO] ApiDb:274 - Set plugin database path to: D:\My_user\STM32CubeIDE_1.19.0\STM32CubeIDE\plugins\com.st.stm32cube.common.mx_6.15.0.202507011659\\db\/plugins/boardmanager/
2026-05-18 10:50:47,282 [INFO] ApiDb:261 - Set plugin images path to: D:\My_user\STM32CubeIDE_1.19.0\STM32CubeIDE\plugins\com.st.stm32cube.common.mx_6.15.0.202507011659\\db\/plugins/mcufinder/images/
2026-05-18 10:50:47,282 [WARN] DbFile:41 - Overriding database path with different value: C:\Users\User\.stmcufinder\plugins\mcufinder/ => C:\Users\User\.stmcufinder\plugins\mcufinder
2026-05-18 10:50:47,282 [INFO] ApiDb:250 - Set database path to: C:\Users\User\.stmcufinder\plugins\mcufinder//mcu/
2026-05-18 10:50:47,283 [WARN] DbFile:41 - Overriding database path with different value: C:\Users\User\.stmcufinder\plugins\mcufinder/ => C:\Users\User\.stmcufinder\plugins\mcufinder
2026-05-18 10:50:47,283 [INFO] DbMcusAds:125 - Set database path to: C:\Users\User\.stmcufinder\plugins\mcufinder//mcu/
2026-05-18 10:50:47,283 [WARN] DbFile:41 - Overriding database path with different value: C:\Users\User\.stmcufinder\plugins\mcufinder/ => C:\Users\User\.stmcufinder\plugins\mcufinder
2026-05-18 10:50:47,284 [WARN] DbFile:41 - Overriding database path with different value: C:\Users\User\.stmcufinder\plugins\mcufinder/ => C:\Users\User\.stmcufinder\plugins\mcufinder
2026-05-18 10:50:47,284 [INFO] CrossReferenceDbSqlite:203 - Set database path to: C:\Users\User\.stmcufinder\plugins\mcufinder//mcu/cs/
2026-05-18 10:50:47,314 [INFO] ApplicationProperties:184 - Using Application install path: D:\My_user\STM32CubeIDE_1.19.0\STM32CubeIDE\plugins\com.st.stm32cube.common.mx_6.15.0.202507011659
2026-05-18 10:50:47,317 [INFO] PluginManage:196 - Search for loadable plugins [exclusion list=, ]
2026-05-18 10:50:47,320 [INFO] PluginManage:310 - Check plugin analytics
2026-05-18 10:50:47,671 [INFO] AnalyticsPlugin:253 - Accepted Software Licenses: 
2026-05-18 10:50:47,672 [INFO] AnalyticsPlugin:255 - Accepted CMSIS Pack Licenses: 
2026-05-18 10:50:47,672 [INFO] AnalyticsPlugin:257 - Accepted Firmware Licenses: FW.L4.1.18.0
2026-05-18 10:50:47,677 [INFO] PluginManage:359 - Loaded plugin analytics (category:tool,tabindex:-1)
2026-05-18 10:50:47,678 [INFO] PluginManage:310 - Check plugin cadmodel
2026-05-18 10:50:47,691 [INFO] CADModel:105 - Init CAD model plugin
2026-05-18 10:50:47,692 [INFO] PluginManage:359 - Loaded plugin cadmodel (category:power,tabindex:5)
2026-05-18 10:50:47,693 [INFO] PluginManage:310 - Check plugin clock
2026-05-18 10:50:47,718 [INFO] PluginManage:359 - Loaded plugin clock (category:base,tabindex:2)
2026-05-18 10:50:47,718 [INFO] PluginManage:310 - Check plugin ddr
2026-05-18 10:50:47,724 [INFO] PluginManage:359 - Loaded plugin ddr (category:tool,tabindex:6)
2026-05-18 10:50:47,724 [INFO] PluginManage:310 - Check plugin filemanager
2026-05-18 10:50:47,965 [INFO] PluginManage:359 - Loaded plugin filemanager (category:base,tabindex:10)
2026-05-18 10:50:47,965 [INFO] PluginManage:310 - Check plugin ipmanager
2026-05-18 10:50:47,976 [INFO] PluginManage:359 - Loaded plugin ipmanager (category:base,tabindex:5)
2026-05-18 10:50:47,976 [INFO] PluginManage:310 - Check plugin lpbam
2026-05-18 10:50:47,992 [INFO] PluginManage:359 - Loaded plugin lpbam (category:base,tabindex:0)
2026-05-18 10:50:47,992 [INFO] PluginManage:310 - Check plugin memorymap
2026-05-18 10:50:48,022 [INFO] PluginManage:359 - Loaded plugin memorymap (category:base,tabindex:4)
2026-05-18 10:50:48,022 [INFO] PluginManage:310 - Check plugin pinoutandconfiguration
2026-05-18 10:50:48,042 [INFO] PluginManage:359 - Loaded plugin pinoutandconfiguration (category:base,tabindex:1)
2026-05-18 10:50:48,042 [INFO] PluginManage:310 - Check plugin pinoutconfig
2026-05-18 10:50:48,200 [WARN] SupportedApi:132 - Cannot load RTOS API schema: s4s-elt-must-match.1: The content of 'definitions' must match (annotation?, (simpleType | complexType)?, (unique | key | keyref)*)). A problem was found starting at: attribute.
2026-05-18 10:50:48,441 [INFO] PluginManage:359 - Loaded plugin pinoutconfig (category:base,tabindex:0)
2026-05-18 10:50:48,441 [INFO] PluginManage:310 - Check plugin power
2026-05-18 10:50:48,454 [INFO] PluginManage:359 - Loaded plugin power (category:power,tabindex:4)
2026-05-18 10:50:48,454 [INFO] PluginManage:310 - Check plugin projectmanager
2026-05-18 10:50:48,472 [INFO] PluginManage:359 - Loaded plugin projectmanager (category:projectmanager,tabindex:4)
2026-05-18 10:50:48,473 [INFO] PluginManage:310 - Check plugin rif
2026-05-18 10:50:48,485 [INFO] PluginManage:359 - Loaded plugin rif (category:base,tabindex:3)
2026-05-18 10:50:48,486 [INFO] PluginManage:310 - Check plugin thirdparty
2026-05-18 10:50:48,663 [INFO] PluginManage:359 - Loaded plugin thirdparty (category:base,tabindex:-1)
2026-05-18 10:50:48,663 [WARN] IntegrityCheckThread:84 - waiting for thirdparty lock release [integrity check]
2026-05-18 10:50:48,664 [INFO] IntegrityCheckThread:86 - entering critical section [integrity check]
2026-05-18 10:50:48,664 [INFO] PluginManage:310 - Check plugin tools
2026-05-18 10:50:48,664 [INFO] ThirdPartyUpdaterWithRetryManager:70 - Updater plugin not ready yet. [1/15]
2026-05-18 10:50:48,668 [INFO] PluginManage:359 - Loaded plugin tools (category:base,tabindex:7)
2026-05-18 10:50:48,668 [INFO] PluginManage:310 - Check plugin tutovideos
2026-05-18 10:50:48,997 [INFO] PluginManage:359 - Loaded plugin tutovideos (category:base,tabindex:-1)
2026-05-18 10:50:48,998 [INFO] PluginManage:310 - Check plugin updater
2026-05-18 10:50:49,027 [INFO] PluginManage:359 - Loaded plugin updater (category:base,tabindex:12)
2026-05-18 10:50:49,027 [INFO] PluginManage:310 - Check plugin userauth
2026-05-18 10:50:49,035 [INFO] UserAuth:118 - Init User Auth plugin
2026-05-18 10:50:49,037 [INFO] PluginManage:359 - Loaded plugin userauth (category:base,tabindex:14)
2026-05-18 10:50:49,037 [INFO] PluginManage:283 - PluginManage : Loaded plugins [18]
2026-05-18 10:50:49,343 [INFO] PinOutPanel:1589 - setPackage(No Configuration,No Configuration)
2026-05-18 10:50:49,442 [INFO] CADModel:165 - CPN selected for project level
2026-05-18 10:50:49,443 [INFO] CADModel:114 - Register for checkConnection events
2026-05-18 10:50:49,469 [INFO] IPUIPlugin:80 - create IPUIPlugin
2026-05-18 10:50:49,469 [INFO] PluginManager:220 - loadIPPluginJar : add adc
2026-05-18 10:50:49,473 [INFO] IPUIPlugin:80 - create IPUIPlugin
2026-05-18 10:50:49,473 [INFO] PluginManager:220 - loadIPPluginJar : add aes
2026-05-18 10:50:49,476 [INFO] IPUIPlugin:80 - create IPUIPlugin
2026-05-18 10:50:49,476 [INFO] PluginManager:220 - loadIPPluginJar : add can
2026-05-18 10:50:49,479 [INFO] IPUIPlugin:80 - create IPUIPlugin
2026-05-18 10:50:49,479 [INFO] PluginManager:220 - loadIPPluginJar : add comp
2026-05-18 10:50:49,483 [INFO] IPUIPlugin:80 - create IPUIPlugin
2026-05-18 10:50:49,484 [INFO] PluginManager:220 - loadIPPluginJar : add cryp
2026-05-18 10:50:49,487 [INFO] IPUIPlugin:80 - create IPUIPlugin
2026-05-18 10:50:49,487 [INFO] PluginManager:220 - loadIPPluginJar : add ddr_ctrl_phy
2026-05-18 10:50:49,491 [INFO] IPUIPlugin:80 - create IPUIPlugin
2026-05-18 10:50:49,491 [INFO] PluginManager:220 - loadIPPluginJar : add dfsdm
2026-05-18 10:50:49,499 [INFO] IPUIPlugin:80 - create IPUIPlugin
2026-05-18 10:50:49,499 [INFO] PluginManager:220 - loadIPPluginJar : add dma
2026-05-18 10:50:49,503 [INFO] IPUIPlugin:80 - create IPUIPlugin
2026-05-18 10:50:49,503 [INFO] PluginManager:220 - loadIPPluginJar : add dma3
2026-05-18 10:50:49,507 [INFO] IPUIPlugin:80 - create IPUIPlugin
2026-05-18 10:50:49,507 [INFO] PluginManager:220 - loadIPPluginJar : add extmemmanager
2026-05-18 10:50:49,509 [INFO] IPUIPlugin:80 - create IPUIPlugin
2026-05-18 10:50:49,509 [INFO] PluginManager:220 - loadIPPluginJar : add fatfs
2026-05-18 10:50:49,515 [INFO] IPUIPlugin:80 - create IPUIPlugin
2026-05-18 10:50:49,516 [INFO] PluginManager:220 - loadIPPluginJar : add fmc
2026-05-18 10:50:49,523 [INFO] IPUIPlugin:80 - create IPUIPlugin
2026-05-18 10:50:49,524 [INFO] PluginManager:220 - loadIPPluginJar : add freertos
2026-05-18 10:50:49,525 [INFO] IPUIPlugin:80 - create IPUIPlugin
2026-05-18 10:50:49,526 [INFO] PluginManager:220 - loadIPPluginJar : add genericplugin
2026-05-18 10:50:49,529 [INFO] IPUIPlugin:80 - create IPUIPlugin
2026-05-18 10:50:49,530 [INFO] PluginManager:220 - loadIPPluginJar : add gfxmmu
2026-05-18 10:50:49,536 [INFO] IPUIPlugin:80 - create IPUIPlugin
2026-05-18 10:50:49,536 [INFO] PluginManager:220 - loadIPPluginJar : add gic
2026-05-18 10:50:49,540 [INFO] IPUIPlugin:80 - create IPUIPlugin
2026-05-18 10:50:49,540 [INFO] PluginManager:220 - loadIPPluginJar : add gpio
2026-05-18 10:50:49,544 [INFO] IPUIPlugin:80 - create IPUIPlugin
2026-05-18 10:50:49,545 [INFO] PluginManager:220 - loadIPPluginJar : add gtzc
2026-05-18 10:50:49,549 [INFO] IPUIPlugin:80 - create IPUIPlugin
2026-05-18 10:50:49,549 [INFO] PluginManager:220 - loadIPPluginJar : add hash
2026-05-18 10:50:49,553 [INFO] IPUIPlugin:80 - create IPUIPlugin
2026-05-18 10:50:49,553 [INFO] PluginManager:220 - loadIPPluginJar : add i2c
2026-05-18 10:50:49,556 [INFO] IPUIPlugin:80 - create IPUIPlugin
2026-05-18 10:50:49,557 [INFO] PluginManager:220 - loadIPPluginJar : add i2s
2026-05-18 10:50:49,562 [INFO] IPUIPlugin:80 - create IPUIPlugin
2026-05-18 10:50:49,562 [INFO] PluginManager:220 - loadIPPluginJar : add i3c
2026-05-18 10:50:49,567 [INFO] IPUIPlugin:80 - create IPUIPlugin
2026-05-18 10:50:49,568 [INFO] PluginManager:220 - loadIPPluginJar : add ipddr
2026-05-18 10:50:49,578 [INFO] IPUIPlugin:80 - create IPUIPlugin
2026-05-18 10:50:49,578 [INFO] PluginManager:220 - loadIPPluginJar : add linkedlist
2026-05-18 10:50:49,582 [INFO] IPUIPlugin:80 - create IPUIPlugin
2026-05-18 10:50:49,583 [INFO] PluginManager:220 - loadIPPluginJar : add lorawan
2026-05-18 10:50:49,585 [INFO] IPUIPlugin:80 - create IPUIPlugin
2026-05-18 10:50:49,585 [INFO] PluginManager:220 - loadIPPluginJar : add ltdc
2026-05-18 10:50:49,594 [INFO] IPUIPlugin:80 - create IPUIPlugin
2026-05-18 10:50:49,594 [INFO] PluginManager:220 - loadIPPluginJar : add mdma
2026-05-18 10:50:49,601 [INFO] IPUIPlugin:80 - create IPUIPlugin
2026-05-18 10:50:49,601 [INFO] PluginManager:220 - loadIPPluginJar : add nvic
2026-05-18 10:50:49,606 [INFO] IPUIPlugin:80 - create IPUIPlugin
2026-05-18 10:50:49,606 [INFO] PluginManager:220 - loadIPPluginJar : add opamp
2026-05-18 10:50:49,610 [INFO] IPUIPlugin:80 - create IPUIPlugin
2026-05-18 10:50:49,611 [INFO] PluginManager:220 - loadIPPluginJar : add openamp
2026-05-18 10:50:49,616 [INFO] IPUIPlugin:80 - create IPUIPlugin
2026-05-18 10:50:49,616 [INFO] PluginManager:220 - loadIPPluginJar : add pdm2pcm
2026-05-18 10:50:49,625 [INFO] IPUIPlugin:80 - create IPUIPlugin
2026-05-18 10:50:49,628 [INFO] PluginManager:220 - loadIPPluginJar : add plateformsettings
2026-05-18 10:50:49,631 [INFO] IPUIPlugin:80 - create IPUIPlugin
2026-05-18 10:50:49,631 [INFO] PluginManager:220 - loadIPPluginJar : add quadspi
2026-05-18 10:50:49,633 [INFO] IPUIPlugin:80 - create IPUIPlugin
2026-05-18 10:50:49,634 [INFO] PluginManager:220 - loadIPPluginJar : add radio
2026-05-18 10:50:49,639 [INFO] IPUIPlugin:80 - create IPUIPlugin
2026-05-18 10:50:49,639 [INFO] PluginManager:220 - loadIPPluginJar : add resmgrutility
2026-05-18 10:50:49,643 [INFO] IPUIPlugin:80 - create IPUIPlugin
2026-05-18 10:50:49,643 [INFO] PluginManager:220 - loadIPPluginJar : add sai
2026-05-18 10:50:49,645 [INFO] IPUIPlugin:80 - create IPUIPlugin
2026-05-18 10:50:49,646 [INFO] PluginManager:220 - loadIPPluginJar : add spi
2026-05-18 10:50:49,652 [INFO] IPUIPlugin:80 - create IPUIPlugin
2026-05-18 10:50:49,652 [INFO] PluginManager:220 - loadIPPluginJar : add stm32_wpan
2026-05-18 10:50:49,655 [INFO] IPUIPlugin:80 - create IPUIPlugin
2026-05-18 10:50:49,655 [INFO] PluginManager:220 - loadIPPluginJar : add tim
2026-05-18 10:50:49,658 [INFO] IPUIPlugin:80 - create IPUIPlugin
2026-05-18 10:50:49,659 [INFO] PluginManager:220 - loadIPPluginJar : add touchsensing
2026-05-18 10:50:49,661 [INFO] IPUIPlugin:80 - create IPUIPlugin
2026-05-18 10:50:49,661 [INFO] PluginManager:220 - loadIPPluginJar : add tracer_emb
2026-05-18 10:50:49,663 [INFO] IPUIPlugin:80 - create IPUIPlugin
2026-05-18 10:50:49,663 [INFO] PluginManager:220 - loadIPPluginJar : add ts
2026-05-18 10:50:49,665 [INFO] IPUIPlugin:80 - create IPUIPlugin
2026-05-18 10:50:49,665 [INFO] PluginManager:220 - loadIPPluginJar : add tsc
2026-05-18 10:50:49,667 [INFO] IPUIPlugin:80 - create IPUIPlugin
2026-05-18 10:50:49,667 [INFO] PluginManager:220 - loadIPPluginJar : add ucpd
2026-05-18 10:50:49,671 [INFO] IPUIPlugin:80 - create IPUIPlugin
2026-05-18 10:50:49,671 [INFO] PluginManager:220 - loadIPPluginJar : add usart
2026-05-18 10:50:49,676 [INFO] IPUIPlugin:80 - create IPUIPlugin
2026-05-18 10:50:49,676 [INFO] PluginManager:220 - loadIPPluginJar : add usbx
2026-05-18 10:50:49,799 [FATAL] Updater:351 - Updater called before beeing initialized
2026-05-18 10:50:49,842 [INFO] RulesReader:64 - Compatibility file has been processed (317 Rules)
2026-05-18 10:50:49,852 [INFO] RulesReader:64 - Compatibility file has been processed (317 Rules)
2026-05-18 10:50:49,861 [INFO] CADModel:165 - CPN selected for project level
2026-05-18 10:50:49,861 [INFO] CADModel:114 - Register for checkConnection events
2026-05-18 10:50:49,862 [FATAL] Updater:351 - Updater called before beeing initialized
2026-05-18 10:50:49,862 [ERROR] CADModel:125 - Updater not yet initialized, retry later 
2026-05-18 10:50:50,048 [FATAL] Updater:351 - Updater called before beeing initialized
2026-05-18 10:50:50,050 [INFO] CADModel:165 - CPN selected for project level
2026-05-18 10:50:50,050 [INFO] CADModel:114 - Register for checkConnection events
2026-05-18 10:50:50,051 [FATAL] Updater:351 - Updater called before beeing initialized
2026-05-18 10:50:50,051 [ERROR] CADModel:125 - Updater not yet initialized, retry later 
2026-05-18 10:50:50,054 [FATAL] Updater:351 - Updater called before beeing initialized
2026-05-18 10:50:50,197 [FATAL] Updater:351 - Updater called before beeing initialized
2026-05-18 10:50:50,202 [INFO] DbMcusAds:53 - JSON generation date=Mon Apr 27 13:44:29 IST 2026 (1777277669577)
2026-05-18 10:50:50,202 [FATAL] Updater:351 - Updater called before beeing initialized
2026-05-18 10:50:50,252 [WARN] DetailPanel:346 - Failed to get advertising image, set to default
2026-05-18 10:50:50,367 [FATAL] Updater:351 - Updater called before beeing initialized
2026-05-18 10:50:50,369 [FATAL] Updater:351 - Updater called before beeing initialized
2026-05-18 10:50:50,370 [FATAL] Updater:351 - Updater called before beeing initialized
2026-05-18 10:50:50,370 [WARN] DetailPanel:346 - Failed to get advertising image, set to default
2026-05-18 10:50:50,371 [FATAL] Updater:351 - Updater called before beeing initialized
2026-05-18 10:50:50,427 [ERROR] Updater:1198 - MainUpdater not yet initialized. External WinMGr cannot be set.
2026-05-18 10:50:50,430 [INFO] Updater:1134 - Updater Version found : 6.15.0
2026-05-18 10:50:50,450 [INFO] ApplicationProperties:184 - Using Application install path: D:\My_user\STM32CubeIDE_1.19.0\STM32CubeIDE\plugins\com.st.stm32cube.common.mx_6.15.0.202507011659
2026-05-18 10:50:50,772 [INFO] MainUpdater:2872 - connection check result : 10
2026-05-18 10:50:50,772 [INFO] MainUpdater:3604 - Updater definition file requires update
2026-05-18 10:50:50,773 [INFO] MainUpdater:289 - Updater Check For Update Now.
2026-05-18 10:50:50,773 [INFO] MicroXplorer:498 - Change Database Version : DB.6.0.150
2026-05-18 10:50:50,779 [INFO] McuFinderGlobals:63 - Set McuFinder mode to 2 (CubeIDE integrated)
2026-05-18 10:50:50,780 [INFO] UserAuth:171 - activating auth plugin
2026-05-18 10:50:50,783 [INFO] UserAuth:487 - Internet connection configuration mode: 1
2026-05-18 10:50:50,805 [INFO] JxBrowserEngine:152 - Initiate JxBrowser Engine with user profile folder
2026-05-18 10:50:50,807 [INFO] ServerAccessManage:452 - Complete download http(s) 200
2026-05-18 10:50:50,808 [INFO] ServerAccessManage:509 - Download File updaters.zip
2026-05-18 10:50:50,947 [INFO] FileExtend:248 - Unzip File : updaters.zip
2026-05-18 10:50:50,947 [INFO] FileExtend:263 - Standard Zip Deflate
2026-05-18 10:50:51,511 [INFO] ServerAccessManage:452 - Complete download http(s) 200
2026-05-18 10:50:51,512 [INFO] ServerAccessManage:509 - Download File PacksControlFlags.xml
2026-05-18 10:50:51,646 [INFO] ServerAccessManage:452 - Complete download http(s) 200
2026-05-18 10:50:51,647 [INFO] ServerAccessManage:509 - Download File cubemx.pidx
2026-05-18 10:50:51,670 [WARN] MainUpdater:1193 - Updater busy. Cannot search thirdparties
2026-05-18 10:50:51,671 [INFO] ThirdPartyUpdaterWithRetryManager:96 - Updater plugin is busy. [1/15]
2026-05-18 10:50:51,942 [INFO] LoadServerUpdatesThread:375 - End of LoadServerUpdate Thread
2026-05-18 10:50:52,109 [INFO] CheckServerUpdateThread:120 - End of CheckServer Thread
2026-05-18 10:50:52,497 [INFO] WebApp:169 - Instantiating new browser for Auth
2026-05-18 10:50:53,796 [INFO] WebApp:463 - Apply proxy settings
2026-05-18 10:50:53,798 [INFO] WebApp:548 - Chromium requires no authentication
2026-05-18 10:50:53,809 [INFO] WebApp:491 - Direct internet connection detected
2026-05-18 10:50:53,841 [INFO] WebApp:900 - Register for checkConnection events
2026-05-18 10:50:53,841 [INFO] WebApp:463 - Apply proxy settings
2026-05-18 10:50:53,841 [INFO] WebApp:548 - Chromium requires no authentication
2026-05-18 10:50:53,842 [INFO] WebApp:491 - Direct internet connection detected
2026-05-18 10:50:54,116 [INFO] WebApp:225 - Starting web application
2026-05-18 10:50:54,117 [INFO] WebApp:593 - Web application path used D:\My_user\STM32CubeIDE_1.19.0\STM32CubeIDE\plugins\com.st.stm32cube.common.mx_6.15.0.202507011659\db\plugins\mcufinder\reactClient1\index.html
2026-05-18 10:50:54,663 [INFO] WebApp:191 - Connection restablished
2026-05-18 10:50:55,179 [WARN] PackLoader:240 - Cannot read IP mode file for STMicroelectronics.X-CUBE-AZRTOS-H7.3.5.0
2026-05-18 10:50:55,199 [WARN] PackLoader:240 - Cannot read IP mode file for STMicroelectronics.FP-ATR-ASTRA1.2.0.2
2026-05-18 10:50:55,217 [WARN] PackLoader:240 - Cannot read IP mode file for STMicroelectronics.X-CUBE-SMBUS.2.1.0
2026-05-18 10:50:55,251 [WARN] PackLoader:240 - Cannot read IP mode file for STMicroelectronics.X-CUBE-AZRTOS-F7.1.1.0
2026-05-18 10:50:55,268 [WARN] PackLoader:240 - Cannot read IP mode file for STMicroelectronics.FP-SNS-MOTENV1.5.1.0
2026-05-18 10:50:55,287 [WARN] PackLoader:240 - Cannot read IP mode file for WES.I-CUBE-Cesium.1.4.0
2026-05-18 10:50:55,307 [WARN] PackLoader:240 - Cannot read IP mode file for STMicroelectronics.X-CUBE-DISPLAY.3.0.0
2026-05-18 10:50:55,342 [WARN] PackLoader:240 - Cannot read IP mode file for STMicroelectronics.X-CUBE-GNSS1.7.1.1
2026-05-18 10:50:55,357 [WARN] PackLoader:240 - Cannot read IP mode file for STMicroelectronics.FP-SNS-MOTENVWB1.1.5.0
2026-05-18 10:50:55,369 [WARN] PackLoader:240 - Cannot read IP mode file for wolfSSL.I-CUBE-wolfSSL.5.9.1
2026-05-18 10:50:55,384 [WARN] PackLoader:240 - Cannot read IP mode file for STMicroelectronics.X-CUBE-NFC10.1.0.0
2026-05-18 10:50:55,398 [WARN] PackLoader:240 - Cannot read IP mode file for STMicroelectronics.X-CUBE-ST60.1.1.0
2026-05-18 10:50:55,411 [WARN] PackLoader:240 - Cannot read IP mode file for emotas.I-CUBE-CANOPEN.1.3.0
2026-05-18 10:50:55,423 [WARN] PackLoader:240 - Cannot read IP mode file for STMicroelectronics.FP-SNS-STBOX1.2.1.0
2026-05-18 10:50:55,438 [WARN] PackLoader:240 - Cannot read IP mode file for STMicroelectronics.FP-SNS-SMARTAG2.1.2.0
2026-05-18 10:50:55,449 [WARN] PackLoader:240 - Cannot read IP mode file for STMicroelectronics.FP-SNS-FLIGHT1.5.1.0
2026-05-18 10:50:55,461 [INFO] LogOutputStream:77 - [STDOUT_REDIRECT] 1 : Invalid condition id : UX_CORESTACK_Condition cause : null
2026-05-18 10:50:55,463 [INFO] LogOutputStream:77 - [STDOUT_REDIRECT] 1 : Invalid condition id : UX_CORESTACK_Condition cause : null
2026-05-18 10:50:55,465 [INFO] LogOutputStream:77 - [STDOUT_REDIRECT] 1 : Invalid condition id : UX_CORESTACK_Condition cause : null
2026-05-18 10:50:55,467 [INFO] LogOutputStream:77 - [STDOUT_REDIRECT] 1 : Invalid condition id : UX_CORESTACK_Condition cause : null
2026-05-18 10:50:55,468 [INFO] LogOutputStream:77 - [STDOUT_REDIRECT] 1 : Invalid condition id : UX_CORESTACK_Condition cause : null
2026-05-18 10:50:55,472 [WARN] PackLoader:240 - Cannot read IP mode file for STMicroelectronics.X-CUBE-AZRTOS-WL.2.0.0
2026-05-18 10:50:55,515 [WARN] PackLoader:240 - Cannot read IP mode file for STMicroelectronics.X-CUBE-AZRTOS-H7RS.1.2.0
2026-05-18 10:50:55,529 [WARN] PackLoader:240 - Cannot read IP mode file for STMicroelectronics.X-CUBE-BLE2.3.3.0
2026-05-18 10:50:55,578 [WARN] PackLoader:240 - Cannot read IP mode file for Infineon.AIROC-Wi-Fi-Bluetooth-STM32.1.8.0
2026-05-18 10:50:55,596 [WARN] PackLoader:240 - Cannot read IP mode file for STMicroelectronics.X-CUBE-NFC9.1.0.0
2026-05-18 10:50:55,607 [WARN] PackLoader:240 - Cannot read IP mode file for STMicroelectronics.X-CUBE-BLE1.7.1.0
2026-05-18 10:50:55,614 [WARN] PackLoader:240 - Cannot read IP mode file for wolfSSL.I-CUBE-wolfMQTT.1.19.2
2026-05-18 10:50:55,622 [WARN] PackLoader:240 - Cannot read IP mode file for STMicroelectronics.X-CUBE-EEPRMA1.5.2.0
2026-05-18 10:50:55,631 [WARN] PackLoader:240 - Cannot read IP mode file for STMicroelectronics.FP-SNS-STAIOTCFT.1.1.0
2026-05-18 10:50:55,657 [WARN] PackLoader:240 - Cannot read IP mode file for STMicroelectronics.X-CUBE-AZRTOS-G0.1.1.0
2026-05-18 10:50:55,672 [WARN] PackLoader:240 - Cannot read IP mode file for STMicroelectronics.X-CUBE-NFC4.3.0.0
2026-05-18 10:50:55,686 [WARN] PackLoader:240 - Cannot read IP mode file for EmbeddedOffice.I-CUBE-FS-RTOS.1.0.1
2026-05-18 10:50:55,692 [WARN] PackLoader:240 - Cannot read IP mode file for wolfSSL.I-CUBE-wolfTPM.3.8.0
2026-05-18 10:50:55,701 [WARN] PackLoader:240 - Cannot read IP mode file for STMicroelectronics.X-CUBE-TCPP.4.2.0
2026-05-18 10:50:55,711 [WARN] PackLoader:240 - Cannot read IP mode file for RealThread.X-CUBE-RT-Thread_Nano.4.1.1
2026-05-18 10:50:55,724 [WARN] PackLoader:240 - Cannot read IP mode file for STMicroelectronics.FP-ATR-SIGFOX1.3.2.0
2026-05-18 10:50:55,735 [WARN] PackLoader:240 - Cannot read IP mode file for STMicroelectronics.X-CUBE-FREERTOS.1.5.0
2026-05-18 10:50:55,745 [WARN] PackLoader:240 - Cannot read IP mode file for ITTIA_DB.I-CUBE-ITTIADB.8.9.0
2026-05-18 10:50:55,757 [WARN] PackLoader:240 - Cannot read IP mode file for STMicroelectronics.X-CUBE-NFC6.3.2.0
2026-05-18 10:50:55,769 [WARN] PackLoader:240 - Cannot read IP mode file for STMicroelectronics.X-CUBE-AI.10.2.0
2026-05-18 10:50:55,818 [WARN] PackLoader:240 - Cannot read IP mode file for STMicroelectronics.X-CUBE-MEMS1.12.1.0
2026-05-18 10:50:55,918 [WARN] PackLoader:240 - Cannot read IP mode file for SEGGER.I-CUBE-embOS.1.3.1
2026-05-18 10:50:55,956 [WARN] PackLoader:240 - Cannot read IP mode file for STMicroelectronics.X-CUBE-ALGOBUILD.1.4.0
2026-05-18 10:50:55,965 [WARN] PackLoader:240 - Cannot read IP mode file for STMicroelectronics.X-CUBE-PM33A1.1.0.0
2026-05-18 10:50:55,982 [WARN] PackLoader:240 - Cannot read IP mode file for STMicroelectronics.X-CUBE-AZRTOS-F4.1.1.0
2026-05-18 10:50:55,992 [WARN] PackLoader:240 - Cannot read IP mode file for STMicroelectronics.X-CUBE-ISPU.2.1.0
2026-05-18 10:50:56,010 [WARN] PackLoader:240 - Cannot read IP mode file for STMicroelectronics.X-CUBE-IPS.3.2.0
2026-05-18 10:50:56,025 [WARN] PackLoader:240 - Cannot read IP mode file for STMicroelectronics.eDS-WB_DPC_TT-BIDIR.2.1.1
2026-05-18 10:50:56,035 [WARN] PackLoader:240 - Cannot read IP mode file for STMicroelectronics.X-CUBE-NFC12.1.0.0
2026-05-18 10:50:56,052 [WARN] PackLoader:240 - Cannot read IP mode file for STMicroelectronics.X-CUBE-AZRTOS-L5.2.0.0
2026-05-18 10:50:56,057 [WARN] PackLoader:240 - Cannot read IP mode file for STMicroelectronics.eDS-WB_DPC_VIENNA.1.2.0
2026-05-18 10:50:56,061 [WARN] PackLoader:240 - Cannot read IP mode file for STMicroelectronics.eDS-WB_DPC_3PH2L-BIDIR.1.1.1
2026-05-18 10:50:56,067 [ERROR] Engine:466 - C:\Users\User\.stm32cubemx\thirdparties\pdsc\STMicroelectronics.X-CUBE-ST67W61.1.3.0.pdsc: PDSC version is not supported
2026-05-18 10:50:56,074 [WARN] PackLoader:240 - Cannot read IP mode file for STMicroelectronics.X-CUBE-TOUCHGFX.4.26.1
2026-05-18 10:50:56,085 [WARN] PackLoader:240 - Cannot read IP mode file for STMicroelectronics.X-CUBE-DPower.1.3.0
2026-05-18 10:50:56,105 [WARN] ConditionMgr:438 - getConditionDescription Invalid condition id : LAN8742 Phy interface Condition cause : null
2026-05-18 10:50:56,106 [WARN] PackLoader:240 - Cannot read IP mode file for STMicroelectronics.X-CUBE-AZRTOS-L4.2.0.0
2026-05-18 10:50:56,108 [WARN] ConditionMgr:1044 - genDependencies : Invalid condition id : LAN8742 Phy interface Condition cause : null
2026-05-18 10:50:56,108 [WARN] ConditionMgr:1044 - genDependencies : Invalid condition id : LAN8742 Phy interface Condition cause : null
2026-05-18 10:50:56,109 [WARN] ConditionMgr:1044 - genDependencies : Invalid condition id : LAN8742 Phy interface Condition cause : null
2026-05-18 10:50:56,121 [WARN] PackLoader:240 - Cannot read IP mode file for STMicroelectronics.X-CUBE-SFXS2LP1.4.0.0
2026-05-18 10:50:56,132 [WARN] PackLoader:240 - Cannot read IP mode file for STMicroelectronics.X-CUBE-WB05N.2.1.0
2026-05-18 10:50:56,149 [WARN] PackLoader:240 - Cannot read IP mode file for STMicroelectronics.X-CUBE-BLEMGR.4.1.0
2026-05-18 10:50:56,166 [WARN] ConditionMgr:438 - getConditionDescription Invalid condition id : UX DEVICE CLASS RTOS Condition cause : null
2026-05-18 10:50:56,167 [WARN] ConditionMgr:438 - getConditionDescription Invalid condition id : UX DEVICE CLASS RTOS Condition cause : null
2026-05-18 10:50:56,169 [WARN] PackLoader:240 - Cannot read IP mode file for STMicroelectronics.X-CUBE-AZRTOS-WB.2.0.0
2026-05-18 10:50:56,169 [WARN] ConditionMgr:1044 - genDependencies : Invalid condition id : UX DEVICE CLASS RTOS Condition cause : null
2026-05-18 10:50:56,170 [WARN] ConditionMgr:1044 - genDependencies : Invalid condition id : UX DEVICE CLASS RTOS Condition cause : null
2026-05-18 10:50:56,170 [WARN] ConditionMgr:1044 - genDependencies : Invalid condition id : UX DEVICE CLASS RTOS Condition cause : null
2026-05-18 10:50:56,170 [WARN] ConditionMgr:1044 - genDependencies : Invalid condition id : UX DEVICE CLASS RTOS Condition cause : null
2026-05-18 10:50:56,171 [WARN] ConditionMgr:1044 - genDependencies : Invalid condition id : UX DEVICE CLASS RTOS Condition cause : null
2026-05-18 10:50:56,181 [WARN] ConditionMgr:438 - getConditionDescription Invalid condition id : Cortex-A Device cause : null
2026-05-18 10:50:56,199 [WARN] ConditionMgr:1044 - genDependencies : Invalid condition id : Cortex-A Device cause : null
2026-05-18 10:50:56,199 [WARN] ConditionMgr:1044 - genDependencies : Invalid condition id : Cortex-A Device cause : null
2026-05-18 10:50:56,200 [WARN] ConditionMgr:1044 - genDependencies : Invalid condition id : Cortex-A Device cause : null
2026-05-18 10:50:56,208 [WARN] PackLoader:240 - Cannot read IP mode file for STMicroelectronics.X-CUBE-STSE01.2.0.0
2026-05-18 10:50:56,230 [WARN] PackLoader:240 - Cannot read IP mode file for STMicroelectronics.X-CUBE-SUBG2.5.0.0
2026-05-18 10:50:56,255 [WARN] PackLoader:240 - Cannot read IP mode file for STMicroelectronics.X-CUBE-AZRTOS-G4.2.0.0
2026-05-18 10:50:56,265 [WARN] PackLoader:240 - Cannot read IP mode file for wolfSSL.I-CUBE-wolfSSH.1.4.20
2026-05-18 10:50:56,272 [WARN] PackLoader:240 - Cannot read IP mode file for STMicroelectronics.X-CUBE-NFC7.2.0.0
2026-05-18 10:50:56,278 [WARN] PackLoader:240 - Cannot read IP mode file for STMicroelectronics.X-CUBE-ALS.1.0.2
2026-05-18 10:50:56,292 [WARN] PackLoader:240 - Cannot read IP mode file for STMicroelectronics.X-CUBE-TOF1.3.4.3
2026-05-18 10:50:56,305 [INFO] ThirdParty:978 - Integrity check success = true
2026-05-18 10:50:56,305 [INFO] IntegrityCheckThread:100 - exiting critical section [integrity check]
2026-05-18 10:50:56,305 [INFO] IntegrityCheckThread:103 - End integrity checks thread
2026-05-18 11:15:16,179 [INFO] WebApp:194 - Connection lost
2026-05-18 11:15:17,001 [INFO] WebApp:191 - Connection restablished
2026-05-18 11:31:02,557 [INFO] WebApp:194 - Connection lost
2026-05-18 11:31:06,639 [INFO] WebApp:191 - Connection restablished
2026-05-18 11:31:09,734 [INFO] WebApp:194 - Connection lost
2026-05-18 11:31:09,960 [INFO] WebApp:191 - Connection restablished
2026-05-18 11:31:10,254 [INFO] WebApp:194 - Connection lost
2026-05-18 11:31:10,404 [INFO] WebApp:191 - Connection restablished
2026-05-18 12:24:41,813 [INFO] WebApp:194 - Connection lost
2026-05-18 12:24:42,330 [INFO] WebApp:191 - Connection restablished
2026-05-18 13:24:41,191 [INFO] WebApp:194 - Connection lost
2026-05-18 13:24:41,734 [INFO] WebApp:191 - Connection restablished
2026-05-18 14:24:42,898 [INFO] WebApp:194 - Connection lost
2026-05-18 14:24:43,543 [INFO] WebApp:191 - Connection restablished
2026-05-18 15:24:43,819 [INFO] WebApp:194 - Connection lost
2026-05-18 15:24:44,210 [INFO] WebApp:191 - Connection restablished
2026-05-18 16:24:44,895 [INFO] WebApp:194 - Connection lost
2026-05-18 16:24:45,391 [INFO] WebApp:191 - Connection restablished
2026-05-18 17:24:46,261 [INFO] WebApp:194 - Connection lost
2026-05-18 17:24:47,294 [INFO] WebApp:191 - Connection restablished
2026-05-18 18:24:47,785 [INFO] WebApp:194 - Connection lost
2026-05-18 18:24:48,250 [INFO] WebApp:191 - Connection restablished
2026-05-18 18:32:20,313 [INFO] WebApp:194 - Connection lost
2026-05-18 18:32:20,986 [INFO] WebApp:191 - Connection restablished
2026-05-18 19:32:20,300 [INFO] WebApp:194 - Connection lost
2026-05-18 19:32:20,938 [INFO] WebApp:191 - Connection restablished
2026-05-18 20:32:21,285 [INFO] WebApp:194 - Connection lost
2026-05-18 20:32:21,847 [INFO] WebApp:191 - Connection restablished
2026-05-18 21:06:46,965 [ERROR] LogOutputStream:75 - [STDERR_REDIRECT] 
