2026-06-05 12:00:52,882 [INFO] Activator:176 - 


2026-06-05 12:00:52,887 [INFO] Activator:177 - !SESSION log4j initialized
2026-06-05 12:00:58,882 [INFO] LogOutputStream:77 - [STDOUT_REDIRECT] 
2026-06-05 12:01:00,461 [INFO] ApplicationProperties:184 - Using Application install path: D:\My_user\STM32CubeIDE_1.19.0\STM32CubeIDE\plugins\com.st.stm32cube.common.mx_6.15.0.202507011659
2026-06-05 12:01:00,487 [INFO] DbMcusXml:78 - Set database path to: D:\My_user\STM32CubeIDE_1.19.0\STM32CubeIDE\plugins\com.st.stm32cube.common.mx_6.15.0.202507011659\\db\/mcu/
2026-06-05 12:01:00,487 [INFO] ApiDb:274 - Set plugin database path to: D:\My_user\STM32CubeIDE_1.19.0\STM32CubeIDE\plugins\com.st.stm32cube.common.mx_6.15.0.202507011659\\db\/plugins/boardmanager/
2026-06-05 12:01:00,488 [WARN] ApiDb:259 - Overriding images path with different value:  => D:\My_user\STM32CubeIDE_1.19.0\STM32CubeIDE\plugins\com.st.stm32cube.common.mx_6.15.0.202507011659\\db\/plugins/mcufinder/images/
2026-06-05 12:01:00,498 [INFO] ApiDb:250 - Set database path to: C:\Users\User\.stmcufinder\plugins\mcufinder//mcu/
2026-06-05 12:01:00,500 [INFO] DbMcusAds:125 - Set database path to: C:\Users\User\.stmcufinder\plugins\mcufinder//mcu/
2026-06-05 12:01:00,503 [INFO] CrossReferenceDbSqlite:203 - Set database path to: C:\Users\User\.stmcufinder\plugins\mcufinder//mcu/cs/
2026-06-05 12:01:00,615 [INFO] RulesReader:64 - Compatibility file has been processed (317 Rules)
2026-06-05 12:01:00,703 [INFO] DbMcusXml:78 - Set database path to: D:\My_user\STM32CubeIDE_1.19.0\STM32CubeIDE\plugins\com.st.stm32cube.common.mx_6.15.0.202507011659\\db\/mcu/
2026-06-05 12:01:00,704 [INFO] ApiDb:274 - Set plugin database path to: D:\My_user\STM32CubeIDE_1.19.0\STM32CubeIDE\plugins\com.st.stm32cube.common.mx_6.15.0.202507011659\\db\/plugins/boardmanager/
2026-06-05 12:01:00,704 [INFO] ApiDb:261 - Set plugin images path to: D:\My_user\STM32CubeIDE_1.19.0\STM32CubeIDE\plugins\com.st.stm32cube.common.mx_6.15.0.202507011659\\db\/plugins/mcufinder/images/
2026-06-05 12:01:00,704 [WARN] DbFile:41 - Overriding database path with different value: C:\Users\User\.stmcufinder\plugins\mcufinder/ => C:\Users\User\.stmcufinder\plugins\mcufinder
2026-06-05 12:01:00,704 [INFO] ApiDb:250 - Set database path to: C:\Users\User\.stmcufinder\plugins\mcufinder//mcu/
2026-06-05 12:01:00,704 [WARN] DbFile:41 - Overriding database path with different value: C:\Users\User\.stmcufinder\plugins\mcufinder/ => C:\Users\User\.stmcufinder\plugins\mcufinder
2026-06-05 12:01:00,704 [INFO] DbMcusAds:125 - Set database path to: C:\Users\User\.stmcufinder\plugins\mcufinder//mcu/
2026-06-05 12:01:00,704 [WARN] DbFile:41 - Overriding database path with different value: C:\Users\User\.stmcufinder\plugins\mcufinder/ => C:\Users\User\.stmcufinder\plugins\mcufinder
2026-06-05 12:01:00,705 [WARN] DbFile:41 - Overriding database path with different value: C:\Users\User\.stmcufinder\plugins\mcufinder/ => C:\Users\User\.stmcufinder\plugins\mcufinder
2026-06-05 12:01:00,705 [INFO] CrossReferenceDbSqlite:203 - Set database path to: C:\Users\User\.stmcufinder\plugins\mcufinder//mcu/cs/
2026-06-05 12:01:00,843 [INFO] MainPanel:274 - HeapMemory: 268435456
2026-06-05 12:01:00,976 [INFO] DbMcusXml:78 - Set database path to: D:\My_user\STM32CubeIDE_1.19.0\STM32CubeIDE\plugins\com.st.stm32cube.common.mx_6.15.0.202507011659\\db\/mcu/
2026-06-05 12:01:00,976 [INFO] ApiDb:274 - Set plugin database path to: D:\My_user\STM32CubeIDE_1.19.0\STM32CubeIDE\plugins\com.st.stm32cube.common.mx_6.15.0.202507011659\\db\/plugins/boardmanager/
2026-06-05 12:01:00,976 [INFO] ApiDb:261 - Set plugin images path to: D:\My_user\STM32CubeIDE_1.19.0\STM32CubeIDE\plugins\com.st.stm32cube.common.mx_6.15.0.202507011659\\db\/plugins/mcufinder/images/
2026-06-05 12:01:00,977 [WARN] DbFile:41 - Overriding database path with different value: C:\Users\User\.stmcufinder\plugins\mcufinder/ => C:\Users\User\.stmcufinder\plugins\mcufinder
2026-06-05 12:01:00,977 [INFO] ApiDb:250 - Set database path to: C:\Users\User\.stmcufinder\plugins\mcufinder//mcu/
2026-06-05 12:01:00,978 [WARN] DbFile:41 - Overriding database path with different value: C:\Users\User\.stmcufinder\plugins\mcufinder/ => C:\Users\User\.stmcufinder\plugins\mcufinder
2026-06-05 12:01:00,978 [INFO] DbMcusAds:125 - Set database path to: C:\Users\User\.stmcufinder\plugins\mcufinder//mcu/
2026-06-05 12:01:00,978 [WARN] DbFile:41 - Overriding database path with different value: C:\Users\User\.stmcufinder\plugins\mcufinder/ => C:\Users\User\.stmcufinder\plugins\mcufinder
2026-06-05 12:01:00,978 [WARN] DbFile:41 - Overriding database path with different value: C:\Users\User\.stmcufinder\plugins\mcufinder/ => C:\Users\User\.stmcufinder\plugins\mcufinder
2026-06-05 12:01:00,978 [INFO] CrossReferenceDbSqlite:203 - Set database path to: C:\Users\User\.stmcufinder\plugins\mcufinder//mcu/cs/
2026-06-05 12:01:01,002 [INFO] ApplicationProperties:184 - Using Application install path: D:\My_user\STM32CubeIDE_1.19.0\STM32CubeIDE\plugins\com.st.stm32cube.common.mx_6.15.0.202507011659
2026-06-05 12:01:01,003 [INFO] PluginManage:196 - Search for loadable plugins [exclusion list=, ]
2026-06-05 12:01:01,005 [INFO] PluginManage:310 - Check plugin analytics
2026-06-05 12:01:01,220 [INFO] AnalyticsPlugin:253 - Accepted Software Licenses: 
2026-06-05 12:01:01,221 [INFO] AnalyticsPlugin:255 - Accepted CMSIS Pack Licenses: 
2026-06-05 12:01:01,221 [INFO] AnalyticsPlugin:257 - Accepted Firmware Licenses: FW.L4.1.18.0
2026-06-05 12:01:01,226 [INFO] PluginManage:359 - Loaded plugin analytics (category:tool,tabindex:-1)
2026-06-05 12:01:01,226 [INFO] PluginManage:310 - Check plugin cadmodel
2026-06-05 12:01:01,239 [INFO] CADModel:105 - Init CAD model plugin
2026-06-05 12:01:01,240 [INFO] PluginManage:359 - Loaded plugin cadmodel (category:power,tabindex:5)
2026-06-05 12:01:01,240 [INFO] PluginManage:310 - Check plugin clock
2026-06-05 12:01:01,258 [INFO] PluginManage:359 - Loaded plugin clock (category:base,tabindex:2)
2026-06-05 12:01:01,259 [INFO] PluginManage:310 - Check plugin ddr
2026-06-05 12:01:01,263 [INFO] PluginManage:359 - Loaded plugin ddr (category:tool,tabindex:6)
2026-06-05 12:01:01,263 [INFO] PluginManage:310 - Check plugin filemanager
2026-06-05 12:01:01,437 [INFO] PluginManage:359 - Loaded plugin filemanager (category:base,tabindex:10)
2026-06-05 12:01:01,437 [INFO] PluginManage:310 - Check plugin ipmanager
2026-06-05 12:01:01,445 [INFO] PluginManage:359 - Loaded plugin ipmanager (category:base,tabindex:5)
2026-06-05 12:01:01,445 [INFO] PluginManage:310 - Check plugin lpbam
2026-06-05 12:01:01,455 [INFO] PluginManage:359 - Loaded plugin lpbam (category:base,tabindex:0)
2026-06-05 12:01:01,456 [INFO] PluginManage:310 - Check plugin memorymap
2026-06-05 12:01:01,472 [INFO] PluginManage:359 - Loaded plugin memorymap (category:base,tabindex:4)
2026-06-05 12:01:01,473 [INFO] PluginManage:310 - Check plugin pinoutandconfiguration
2026-06-05 12:01:01,482 [INFO] PluginManage:359 - Loaded plugin pinoutandconfiguration (category:base,tabindex:1)
2026-06-05 12:01:01,482 [INFO] PluginManage:310 - Check plugin pinoutconfig
2026-06-05 12:01:01,588 [WARN] SupportedApi:132 - Cannot load RTOS API schema: s4s-elt-must-match.1: The content of 'definitions' must match (annotation?, (simpleType | complexType)?, (unique | key | keyref)*)). A problem was found starting at: attribute.
2026-06-05 12:01:01,735 [INFO] PluginManage:359 - Loaded plugin pinoutconfig (category:base,tabindex:0)
2026-06-05 12:01:01,736 [INFO] PluginManage:310 - Check plugin power
2026-06-05 12:01:01,748 [INFO] PluginManage:359 - Loaded plugin power (category:power,tabindex:4)
2026-06-05 12:01:01,748 [INFO] PluginManage:310 - Check plugin projectmanager
2026-06-05 12:01:01,767 [INFO] PluginManage:359 - Loaded plugin projectmanager (category:projectmanager,tabindex:4)
2026-06-05 12:01:01,767 [INFO] PluginManage:310 - Check plugin rif
2026-06-05 12:01:01,778 [INFO] PluginManage:359 - Loaded plugin rif (category:base,tabindex:3)
2026-06-05 12:01:01,779 [INFO] PluginManage:310 - Check plugin thirdparty
2026-06-05 12:01:01,925 [INFO] PluginManage:359 - Loaded plugin thirdparty (category:base,tabindex:-1)
2026-06-05 12:01:01,926 [INFO] PluginManage:310 - Check plugin tools
2026-06-05 12:01:01,925 [WARN] IntegrityCheckThread:84 - waiting for thirdparty lock release [integrity check]
2026-06-05 12:01:01,926 [INFO] IntegrityCheckThread:86 - entering critical section [integrity check]
2026-06-05 12:01:01,926 [INFO] ThirdPartyUpdaterWithRetryManager:70 - Updater plugin not ready yet. [1/15]
2026-06-05 12:01:01,929 [INFO] PluginManage:359 - Loaded plugin tools (category:base,tabindex:7)
2026-06-05 12:01:01,929 [INFO] PluginManage:310 - Check plugin tutovideos
2026-06-05 12:01:02,158 [INFO] PluginManage:359 - Loaded plugin tutovideos (category:base,tabindex:-1)
2026-06-05 12:01:02,158 [INFO] PluginManage:310 - Check plugin updater
2026-06-05 12:01:02,181 [INFO] PluginManage:359 - Loaded plugin updater (category:base,tabindex:12)
2026-06-05 12:01:02,181 [INFO] PluginManage:310 - Check plugin userauth
2026-06-05 12:01:02,189 [INFO] UserAuth:118 - Init User Auth plugin
2026-06-05 12:01:02,190 [INFO] PluginManage:359 - Loaded plugin userauth (category:base,tabindex:14)
2026-06-05 12:01:02,191 [INFO] PluginManage:283 - PluginManage : Loaded plugins [18]
2026-06-05 12:01:02,417 [INFO] PinOutPanel:1589 - setPackage(No Configuration,No Configuration)
2026-06-05 12:01:02,522 [INFO] CADModel:165 - CPN selected for project level
2026-06-05 12:01:02,522 [INFO] CADModel:114 - Register for checkConnection events
2026-06-05 12:01:02,552 [INFO] IPUIPlugin:80 - create IPUIPlugin
2026-06-05 12:01:02,552 [INFO] PluginManager:220 - loadIPPluginJar : add adc
2026-06-05 12:01:02,556 [INFO] IPUIPlugin:80 - create IPUIPlugin
2026-06-05 12:01:02,557 [INFO] PluginManager:220 - loadIPPluginJar : add aes
2026-06-05 12:01:02,562 [INFO] IPUIPlugin:80 - create IPUIPlugin
2026-06-05 12:01:02,563 [INFO] PluginManager:220 - loadIPPluginJar : add can
2026-06-05 12:01:02,566 [INFO] IPUIPlugin:80 - create IPUIPlugin
2026-06-05 12:01:02,566 [INFO] PluginManager:220 - loadIPPluginJar : add comp
2026-06-05 12:01:02,572 [INFO] IPUIPlugin:80 - create IPUIPlugin
2026-06-05 12:01:02,573 [INFO] PluginManager:220 - loadIPPluginJar : add cryp
2026-06-05 12:01:02,581 [INFO] IPUIPlugin:80 - create IPUIPlugin
2026-06-05 12:01:02,581 [INFO] PluginManager:220 - loadIPPluginJar : add ddr_ctrl_phy
2026-06-05 12:01:02,586 [INFO] IPUIPlugin:80 - create IPUIPlugin
2026-06-05 12:01:02,586 [INFO] PluginManager:220 - loadIPPluginJar : add dfsdm
2026-06-05 12:01:02,596 [INFO] IPUIPlugin:80 - create IPUIPlugin
2026-06-05 12:01:02,597 [INFO] PluginManager:220 - loadIPPluginJar : add dma
2026-06-05 12:01:02,602 [INFO] IPUIPlugin:80 - create IPUIPlugin
2026-06-05 12:01:02,602 [INFO] PluginManager:220 - loadIPPluginJar : add dma3
2026-06-05 12:01:02,607 [INFO] IPUIPlugin:80 - create IPUIPlugin
2026-06-05 12:01:02,608 [INFO] PluginManager:220 - loadIPPluginJar : add extmemmanager
2026-06-05 12:01:02,612 [INFO] IPUIPlugin:80 - create IPUIPlugin
2026-06-05 12:01:02,613 [INFO] PluginManager:220 - loadIPPluginJar : add fatfs
2026-06-05 12:01:02,620 [INFO] IPUIPlugin:80 - create IPUIPlugin
2026-06-05 12:01:02,621 [INFO] PluginManager:220 - loadIPPluginJar : add fmc
2026-06-05 12:01:02,629 [INFO] IPUIPlugin:80 - create IPUIPlugin
2026-06-05 12:01:02,629 [INFO] PluginManager:220 - loadIPPluginJar : add freertos
2026-06-05 12:01:02,632 [INFO] IPUIPlugin:80 - create IPUIPlugin
2026-06-05 12:01:02,632 [INFO] PluginManager:220 - loadIPPluginJar : add genericplugin
2026-06-05 12:01:02,636 [INFO] IPUIPlugin:80 - create IPUIPlugin
2026-06-05 12:01:02,636 [INFO] PluginManager:220 - loadIPPluginJar : add gfxmmu
2026-06-05 12:01:02,642 [INFO] IPUIPlugin:80 - create IPUIPlugin
2026-06-05 12:01:02,642 [INFO] PluginManager:220 - loadIPPluginJar : add gic
2026-06-05 12:01:02,650 [INFO] IPUIPlugin:80 - create IPUIPlugin
2026-06-05 12:01:02,650 [INFO] PluginManager:220 - loadIPPluginJar : add gpio
2026-06-05 12:01:02,655 [INFO] IPUIPlugin:80 - create IPUIPlugin
2026-06-05 12:01:02,655 [INFO] PluginManager:220 - loadIPPluginJar : add gtzc
2026-06-05 12:01:02,659 [INFO] IPUIPlugin:80 - create IPUIPlugin
2026-06-05 12:01:02,659 [INFO] PluginManager:220 - loadIPPluginJar : add hash
2026-06-05 12:01:02,662 [INFO] IPUIPlugin:80 - create IPUIPlugin
2026-06-05 12:01:02,662 [INFO] PluginManager:220 - loadIPPluginJar : add i2c
2026-06-05 12:01:02,666 [INFO] IPUIPlugin:80 - create IPUIPlugin
2026-06-05 12:01:02,666 [INFO] PluginManager:220 - loadIPPluginJar : add i2s
2026-06-05 12:01:02,671 [INFO] IPUIPlugin:80 - create IPUIPlugin
2026-06-05 12:01:02,671 [INFO] PluginManager:220 - loadIPPluginJar : add i3c
2026-06-05 12:01:02,676 [INFO] IPUIPlugin:80 - create IPUIPlugin
2026-06-05 12:01:02,677 [INFO] PluginManager:220 - loadIPPluginJar : add ipddr
2026-06-05 12:01:02,686 [INFO] IPUIPlugin:80 - create IPUIPlugin
2026-06-05 12:01:02,686 [INFO] PluginManager:220 - loadIPPluginJar : add linkedlist
2026-06-05 12:01:02,690 [INFO] IPUIPlugin:80 - create IPUIPlugin
2026-06-05 12:01:02,690 [INFO] PluginManager:220 - loadIPPluginJar : add lorawan
2026-06-05 12:01:02,692 [INFO] IPUIPlugin:80 - create IPUIPlugin
2026-06-05 12:01:02,693 [INFO] PluginManager:220 - loadIPPluginJar : add ltdc
2026-06-05 12:01:02,704 [INFO] IPUIPlugin:80 - create IPUIPlugin
2026-06-05 12:01:02,704 [INFO] PluginManager:220 - loadIPPluginJar : add mdma
2026-06-05 12:01:02,710 [INFO] IPUIPlugin:80 - create IPUIPlugin
2026-06-05 12:01:02,710 [INFO] PluginManager:220 - loadIPPluginJar : add nvic
2026-06-05 12:01:02,714 [INFO] IPUIPlugin:80 - create IPUIPlugin
2026-06-05 12:01:02,714 [INFO] PluginManager:220 - loadIPPluginJar : add opamp
2026-06-05 12:01:02,719 [INFO] IPUIPlugin:80 - create IPUIPlugin
2026-06-05 12:01:02,719 [INFO] PluginManager:220 - loadIPPluginJar : add openamp
2026-06-05 12:01:02,726 [INFO] IPUIPlugin:80 - create IPUIPlugin
2026-06-05 12:01:02,726 [INFO] PluginManager:220 - loadIPPluginJar : add pdm2pcm
2026-06-05 12:01:02,736 [INFO] IPUIPlugin:80 - create IPUIPlugin
2026-06-05 12:01:02,740 [INFO] PluginManager:220 - loadIPPluginJar : add plateformsettings
2026-06-05 12:01:02,742 [INFO] IPUIPlugin:80 - create IPUIPlugin
2026-06-05 12:01:02,742 [INFO] PluginManager:220 - loadIPPluginJar : add quadspi
2026-06-05 12:01:02,745 [INFO] IPUIPlugin:80 - create IPUIPlugin
2026-06-05 12:01:02,746 [INFO] PluginManager:220 - loadIPPluginJar : add radio
2026-06-05 12:01:02,751 [INFO] IPUIPlugin:80 - create IPUIPlugin
2026-06-05 12:01:02,752 [INFO] PluginManager:220 - loadIPPluginJar : add resmgrutility
2026-06-05 12:01:02,756 [INFO] IPUIPlugin:80 - create IPUIPlugin
2026-06-05 12:01:02,756 [INFO] PluginManager:220 - loadIPPluginJar : add sai
2026-06-05 12:01:02,759 [INFO] IPUIPlugin:80 - create IPUIPlugin
2026-06-05 12:01:02,759 [INFO] PluginManager:220 - loadIPPluginJar : add spi
2026-06-05 12:01:02,766 [INFO] IPUIPlugin:80 - create IPUIPlugin
2026-06-05 12:01:02,767 [INFO] PluginManager:220 - loadIPPluginJar : add stm32_wpan
2026-06-05 12:01:02,770 [INFO] IPUIPlugin:80 - create IPUIPlugin
2026-06-05 12:01:02,770 [INFO] PluginManager:220 - loadIPPluginJar : add tim
2026-06-05 12:01:02,775 [INFO] IPUIPlugin:80 - create IPUIPlugin
2026-06-05 12:01:02,775 [INFO] PluginManager:220 - loadIPPluginJar : add touchsensing
2026-06-05 12:01:02,777 [INFO] IPUIPlugin:80 - create IPUIPlugin
2026-06-05 12:01:02,778 [INFO] PluginManager:220 - loadIPPluginJar : add tracer_emb
2026-06-05 12:01:02,780 [INFO] IPUIPlugin:80 - create IPUIPlugin
2026-06-05 12:01:02,780 [INFO] PluginManager:220 - loadIPPluginJar : add ts
2026-06-05 12:01:02,782 [INFO] IPUIPlugin:80 - create IPUIPlugin
2026-06-05 12:01:02,782 [INFO] PluginManager:220 - loadIPPluginJar : add tsc
2026-06-05 12:01:02,784 [INFO] IPUIPlugin:80 - create IPUIPlugin
2026-06-05 12:01:02,785 [INFO] PluginManager:220 - loadIPPluginJar : add ucpd
2026-06-05 12:01:02,787 [INFO] IPUIPlugin:80 - create IPUIPlugin
2026-06-05 12:01:02,788 [INFO] PluginManager:220 - loadIPPluginJar : add usart
2026-06-05 12:01:02,792 [INFO] IPUIPlugin:80 - create IPUIPlugin
2026-06-05 12:01:02,792 [INFO] PluginManager:220 - loadIPPluginJar : add usbx
2026-06-05 12:01:02,923 [FATAL] Updater:351 - Updater called before beeing initialized
2026-06-05 12:01:02,957 [INFO] RulesReader:64 - Compatibility file has been processed (317 Rules)
2026-06-05 12:01:02,975 [INFO] RulesReader:64 - Compatibility file has been processed (317 Rules)
2026-06-05 12:01:02,984 [INFO] CADModel:165 - CPN selected for project level
2026-06-05 12:01:02,985 [INFO] CADModel:114 - Register for checkConnection events
2026-06-05 12:01:02,985 [FATAL] Updater:351 - Updater called before beeing initialized
2026-06-05 12:01:02,985 [ERROR] CADModel:125 - Updater not yet initialized, retry later 
2026-06-05 12:01:03,135 [FATAL] Updater:351 - Updater called before beeing initialized
2026-06-05 12:01:03,137 [INFO] CADModel:165 - CPN selected for project level
2026-06-05 12:01:03,137 [INFO] CADModel:114 - Register for checkConnection events
2026-06-05 12:01:03,138 [FATAL] Updater:351 - Updater called before beeing initialized
2026-06-05 12:01:03,138 [ERROR] CADModel:125 - Updater not yet initialized, retry later 
2026-06-05 12:01:03,141 [FATAL] Updater:351 - Updater called before beeing initialized
2026-06-05 12:01:03,242 [FATAL] Updater:351 - Updater called before beeing initialized
2026-06-05 12:01:03,246 [INFO] DbMcusAds:53 - JSON generation date=Thu May 28 21:38:17 IST 2026 (1779984497073)
2026-06-05 12:01:03,246 [FATAL] Updater:351 - Updater called before beeing initialized
2026-06-05 12:01:03,284 [WARN] DetailPanel:346 - Failed to get advertising image, set to default
2026-06-05 12:01:03,380 [FATAL] Updater:351 - Updater called before beeing initialized
2026-06-05 12:01:03,381 [FATAL] Updater:351 - Updater called before beeing initialized
2026-06-05 12:01:03,381 [FATAL] Updater:351 - Updater called before beeing initialized
2026-06-05 12:01:03,382 [WARN] DetailPanel:346 - Failed to get advertising image, set to default
2026-06-05 12:01:03,382 [FATAL] Updater:351 - Updater called before beeing initialized
2026-06-05 12:01:03,425 [ERROR] Updater:1198 - MainUpdater not yet initialized. External WinMGr cannot be set.
2026-06-05 12:01:03,426 [INFO] Updater:1134 - Updater Version found : 6.15.0
2026-06-05 12:01:03,444 [INFO] ApplicationProperties:184 - Using Application install path: D:\My_user\STM32CubeIDE_1.19.0\STM32CubeIDE\plugins\com.st.stm32cube.common.mx_6.15.0.202507011659
2026-06-05 12:01:03,927 [INFO] MainUpdater:2872 - connection check result : 10
2026-06-05 12:01:03,928 [INFO] MainUpdater:289 - Updater Check For Update Now.
2026-06-05 12:01:03,928 [INFO] MicroXplorer:498 - Change Database Version : DB.6.0.150
2026-06-05 12:01:03,935 [INFO] McuFinderGlobals:63 - Set McuFinder mode to 2 (CubeIDE integrated)
2026-06-05 12:01:03,936 [INFO] UserAuth:171 - activating auth plugin
2026-06-05 12:01:03,940 [INFO] UserAuth:487 - Internet connection configuration mode: 1
2026-06-05 12:01:03,981 [INFO] JxBrowserEngine:152 - Initiate JxBrowser Engine with user profile folder
2026-06-05 12:01:04,133 [INFO] CheckServerUpdateThread:120 - End of CheckServer Thread
2026-06-05 12:01:05,187 [INFO] WebApp:169 - Instantiating new browser for Auth
2026-06-05 12:01:05,335 [WARN] PackLoader:240 - Cannot read IP mode file for STMicroelectronics.X-CUBE-AZRTOS-H7.3.5.0
2026-06-05 12:01:05,348 [WARN] PackLoader:240 - Cannot read IP mode file for STMicroelectronics.FP-ATR-ASTRA1.2.0.2
2026-06-05 12:01:05,359 [ERROR] Engine:466 - C:\Users\User\.stm32cubemx\thirdparties\pdsc\STMicroelectronics.X-CUBE-SMBUS.2.1.1.pdsc: PDSC version is not supported
2026-06-05 12:01:05,365 [WARN] PackLoader:240 - Cannot read IP mode file for STMicroelectronics.X-CUBE-SMBUS.2.1.0
2026-06-05 12:01:05,387 [WARN] PackLoader:240 - Cannot read IP mode file for STMicroelectronics.X-CUBE-AZRTOS-F7.1.1.0
2026-06-05 12:01:05,398 [WARN] PackLoader:240 - Cannot read IP mode file for STMicroelectronics.FP-SNS-MOTENV1.5.1.0
2026-06-05 12:01:05,434 [WARN] PackLoader:240 - Cannot read IP mode file for WES.I-CUBE-Cesium.1.4.0
2026-06-05 12:01:05,447 [WARN] PackLoader:240 - Cannot read IP mode file for STMicroelectronics.X-CUBE-DISPLAY.3.0.0
2026-06-05 12:01:05,468 [WARN] PackLoader:240 - Cannot read IP mode file for STMicroelectronics.X-CUBE-GNSS1.7.1.1
2026-06-05 12:01:05,477 [WARN] PackLoader:240 - Cannot read IP mode file for STMicroelectronics.FP-SNS-MOTENVWB1.1.5.0
2026-06-05 12:01:05,484 [WARN] PackLoader:240 - Cannot read IP mode file for wolfSSL.I-CUBE-wolfSSL.5.9.1
2026-06-05 12:01:05,494 [WARN] PackLoader:240 - Cannot read IP mode file for STMicroelectronics.X-CUBE-NFC10.1.0.0
2026-06-05 12:01:05,502 [WARN] PackLoader:240 - Cannot read IP mode file for STMicroelectronics.X-CUBE-ST60.1.1.0
2026-06-05 12:01:05,512 [WARN] PackLoader:240 - Cannot read IP mode file for emotas.I-CUBE-CANOPEN.1.3.0
2026-06-05 12:01:05,522 [WARN] PackLoader:240 - Cannot read IP mode file for STMicroelectronics.FP-SNS-STBOX1.2.1.0
2026-06-05 12:01:05,535 [WARN] PackLoader:240 - Cannot read IP mode file for STMicroelectronics.FP-SNS-SMARTAG2.1.2.0
2026-06-05 12:01:05,545 [WARN] PackLoader:240 - Cannot read IP mode file for STMicroelectronics.FP-SNS-FLIGHT1.5.1.0
2026-06-05 12:01:05,558 [INFO] LogOutputStream:77 - [STDOUT_REDIRECT] 1 : Invalid condition id : UX_CORESTACK_Condition cause : null
2026-06-05 12:01:05,559 [INFO] LogOutputStream:77 - [STDOUT_REDIRECT] 1 : Invalid condition id : UX_CORESTACK_Condition cause : null
2026-06-05 12:01:05,560 [INFO] LogOutputStream:77 - [STDOUT_REDIRECT] 1 : Invalid condition id : UX_CORESTACK_Condition cause : null
2026-06-05 12:01:05,562 [INFO] LogOutputStream:77 - [STDOUT_REDIRECT] 1 : Invalid condition id : UX_CORESTACK_Condition cause : null
2026-06-05 12:01:05,564 [INFO] LogOutputStream:77 - [STDOUT_REDIRECT] 1 : Invalid condition id : UX_CORESTACK_Condition cause : null
2026-06-05 12:01:05,567 [WARN] PackLoader:240 - Cannot read IP mode file for STMicroelectronics.X-CUBE-AZRTOS-WL.2.0.0
2026-06-05 12:01:05,591 [WARN] PackLoader:240 - Cannot read IP mode file for STMicroelectronics.X-CUBE-AZRTOS-H7RS.1.2.0
2026-06-05 12:01:05,601 [WARN] PackLoader:240 - Cannot read IP mode file for STMicroelectronics.X-CUBE-BLE2.3.3.0
2026-06-05 12:01:05,650 [WARN] PackLoader:240 - Cannot read IP mode file for Infineon.AIROC-Wi-Fi-Bluetooth-STM32.1.8.0
2026-06-05 12:01:05,666 [WARN] PackLoader:240 - Cannot read IP mode file for STMicroelectronics.X-CUBE-NFC9.1.0.0
2026-06-05 12:01:05,677 [WARN] PackLoader:240 - Cannot read IP mode file for STMicroelectronics.X-CUBE-BLE1.7.1.0
2026-06-05 12:01:05,686 [WARN] PackLoader:240 - Cannot read IP mode file for wolfSSL.I-CUBE-wolfMQTT.1.19.2
2026-06-05 12:01:05,702 [WARN] PackLoader:240 - Cannot read IP mode file for STMicroelectronics.X-CUBE-EEPRMA1.5.2.0
2026-06-05 12:01:05,721 [WARN] PackLoader:240 - Cannot read IP mode file for STMicroelectronics.FP-SNS-STAIOTCFT.1.1.0
2026-06-05 12:01:05,743 [WARN] PackLoader:240 - Cannot read IP mode file for STMicroelectronics.X-CUBE-AZRTOS-G0.1.1.0
2026-06-05 12:01:05,767 [WARN] PackLoader:240 - Cannot read IP mode file for STMicroelectronics.X-CUBE-NFC4.3.0.0
2026-06-05 12:01:05,789 [WARN] PackLoader:240 - Cannot read IP mode file for EmbeddedOffice.I-CUBE-FS-RTOS.1.0.1
2026-06-05 12:01:05,801 [WARN] PackLoader:240 - Cannot read IP mode file for wolfSSL.I-CUBE-wolfTPM.3.8.0
2026-06-05 12:01:05,813 [WARN] PackLoader:240 - Cannot read IP mode file for STMicroelectronics.X-CUBE-TCPP.4.2.0
2026-06-05 12:01:05,823 [WARN] PackLoader:240 - Cannot read IP mode file for RealThread.X-CUBE-RT-Thread_Nano.4.1.1
2026-06-05 12:01:05,832 [WARN] PackLoader:240 - Cannot read IP mode file for STMicroelectronics.FP-ATR-SIGFOX1.3.2.0
2026-06-05 12:01:05,841 [WARN] PackLoader:240 - Cannot read IP mode file for STMicroelectronics.X-CUBE-FREERTOS.1.5.0
2026-06-05 12:01:05,850 [WARN] PackLoader:240 - Cannot read IP mode file for ITTIA_DB.I-CUBE-ITTIADB.8.9.0
2026-06-05 12:01:05,858 [WARN] PackLoader:240 - Cannot read IP mode file for Cesanta.I-CUBE-Mongoose.7.21.7
2026-06-05 12:01:05,866 [WARN] PackLoader:240 - Cannot read IP mode file for STMicroelectronics.X-CUBE-NFC6.3.2.0
2026-06-05 12:01:05,873 [WARN] PackLoader:240 - Cannot read IP mode file for STMicroelectronics.X-CUBE-AI.10.2.0
2026-06-05 12:01:05,924 [WARN] PackLoader:240 - Cannot read IP mode file for STMicroelectronics.X-CUBE-MEMS1.12.1.0
2026-06-05 12:01:06,094 [WARN] PackLoader:240 - Cannot read IP mode file for SEGGER.I-CUBE-embOS.1.3.1
2026-06-05 12:01:06,147 [WARN] PackLoader:240 - Cannot read IP mode file for STMicroelectronics.X-CUBE-ALGOBUILD.1.4.0
2026-06-05 12:01:06,158 [WARN] PackLoader:240 - Cannot read IP mode file for STMicroelectronics.X-CUBE-PM33A1.1.0.0
2026-06-05 12:01:06,178 [WARN] PackLoader:240 - Cannot read IP mode file for STMicroelectronics.X-CUBE-AZRTOS-F4.1.1.0
2026-06-05 12:01:06,185 [WARN] PackLoader:240 - Cannot read IP mode file for STMicroelectronics.X-CUBE-ISPU.2.1.0
2026-06-05 12:01:06,198 [WARN] PackLoader:240 - Cannot read IP mode file for STMicroelectronics.X-CUBE-IPS.3.2.0
2026-06-05 12:01:06,210 [WARN] PackLoader:240 - Cannot read IP mode file for STMicroelectronics.eDS-WB_DPC_TT-BIDIR.2.1.1
2026-06-05 12:01:06,219 [WARN] PackLoader:240 - Cannot read IP mode file for STMicroelectronics.X-CUBE-NFC12.1.0.0
2026-06-05 12:01:06,240 [WARN] PackLoader:240 - Cannot read IP mode file for STMicroelectronics.X-CUBE-AZRTOS-L5.2.0.0
2026-06-05 12:01:06,251 [WARN] PackLoader:240 - Cannot read IP mode file for STMicroelectronics.X-CUBE-ALGOBUILD.1.5.0
2026-06-05 12:01:06,256 [WARN] PackLoader:240 - Cannot read IP mode file for STMicroelectronics.eDS-WB_DPC_VIENNA.1.2.0
2026-06-05 12:01:06,261 [WARN] PackLoader:240 - Cannot read IP mode file for STMicroelectronics.eDS-WB_DPC_3PH2L-BIDIR.1.1.1
2026-06-05 12:01:06,264 [ERROR] Engine:466 - C:\Users\User\.stm32cubemx\thirdparties\pdsc\STMicroelectronics.X-CUBE-ST67W61.1.3.0.pdsc: PDSC version is not supported
2026-06-05 12:01:06,270 [WARN] PackLoader:240 - Cannot read IP mode file for STMicroelectronics.X-CUBE-TOUCHGFX.4.26.1
2026-06-05 12:01:06,276 [WARN] PackLoader:240 - Cannot read IP mode file for STMicroelectronics.X-CUBE-DPower.1.3.0
2026-06-05 12:01:06,291 [WARN] ConditionMgr:438 - getConditionDescription Invalid condition id : LAN8742 Phy interface Condition cause : null
2026-06-05 12:01:06,292 [WARN] PackLoader:240 - Cannot read IP mode file for STMicroelectronics.X-CUBE-AZRTOS-L4.2.0.0
2026-06-05 12:01:06,293 [WARN] ConditionMgr:1044 - genDependencies : Invalid condition id : LAN8742 Phy interface Condition cause : null
2026-06-05 12:01:06,293 [WARN] ConditionMgr:1044 - genDependencies : Invalid condition id : LAN8742 Phy interface Condition cause : null
2026-06-05 12:01:06,294 [WARN] ConditionMgr:1044 - genDependencies : Invalid condition id : LAN8742 Phy interface Condition cause : null
2026-06-05 12:01:06,302 [WARN] PackLoader:240 - Cannot read IP mode file for STMicroelectronics.X-CUBE-SFXS2LP1.4.0.0
2026-06-05 12:01:06,312 [WARN] PackLoader:240 - Cannot read IP mode file for STMicroelectronics.X-CUBE-WB05N.2.1.0
2026-06-05 12:01:06,320 [WARN] PackLoader:240 - Cannot read IP mode file for STMicroelectronics.X-CUBE-BLEMGR.4.1.0
2026-06-05 12:01:06,333 [WARN] ConditionMgr:438 - getConditionDescription Invalid condition id : UX DEVICE CLASS RTOS Condition cause : null
2026-06-05 12:01:06,333 [WARN] ConditionMgr:438 - getConditionDescription Invalid condition id : UX DEVICE CLASS RTOS Condition cause : null
2026-06-05 12:01:06,334 [WARN] PackLoader:240 - Cannot read IP mode file for STMicroelectronics.X-CUBE-AZRTOS-WB.2.0.0
2026-06-05 12:01:06,335 [WARN] ConditionMgr:1044 - genDependencies : Invalid condition id : UX DEVICE CLASS RTOS Condition cause : null
2026-06-05 12:01:06,335 [WARN] ConditionMgr:1044 - genDependencies : Invalid condition id : UX DEVICE CLASS RTOS Condition cause : null
2026-06-05 12:01:06,335 [WARN] ConditionMgr:1044 - genDependencies : Invalid condition id : UX DEVICE CLASS RTOS Condition cause : null
2026-06-05 12:01:06,336 [WARN] ConditionMgr:1044 - genDependencies : Invalid condition id : UX DEVICE CLASS RTOS Condition cause : null
2026-06-05 12:01:06,336 [WARN] ConditionMgr:1044 - genDependencies : Invalid condition id : UX DEVICE CLASS RTOS Condition cause : null
2026-06-05 12:01:06,344 [WARN] ConditionMgr:438 - getConditionDescription Invalid condition id : Cortex-A Device cause : null
2026-06-05 12:01:06,359 [WARN] ConditionMgr:1044 - genDependencies : Invalid condition id : Cortex-A Device cause : null
2026-06-05 12:01:06,359 [WARN] ConditionMgr:1044 - genDependencies : Invalid condition id : Cortex-A Device cause : null
2026-06-05 12:01:06,359 [WARN] ConditionMgr:1044 - genDependencies : Invalid condition id : Cortex-A Device cause : null
2026-06-05 12:01:06,370 [WARN] PackLoader:240 - Cannot read IP mode file for STMicroelectronics.X-CUBE-STSE01.2.0.0
2026-06-05 12:01:06,384 [WARN] PackLoader:240 - Cannot read IP mode file for STMicroelectronics.X-CUBE-SUBG2.5.0.0
2026-06-05 12:01:06,408 [WARN] PackLoader:240 - Cannot read IP mode file for STMicroelectronics.X-CUBE-AZRTOS-G4.2.0.0
2026-06-05 12:01:06,418 [WARN] PackLoader:240 - Cannot read IP mode file for wolfSSL.I-CUBE-wolfSSH.1.4.20
2026-06-05 12:01:06,429 [WARN] PackLoader:240 - Cannot read IP mode file for STMicroelectronics.X-CUBE-NFC7.2.0.0
2026-06-05 12:01:06,437 [WARN] PackLoader:240 - Cannot read IP mode file for STMicroelectronics.X-CUBE-ALS.1.0.2
2026-06-05 12:01:06,454 [WARN] PackLoader:240 - Cannot read IP mode file for STMicroelectronics.X-CUBE-TOF1.3.4.3
2026-06-05 12:01:06,464 [INFO] ThirdParty:978 - Integrity check success = true
2026-06-05 12:01:06,464 [INFO] IntegrityCheckThread:100 - exiting critical section [integrity check]
2026-06-05 12:01:06,464 [INFO] IntegrityCheckThread:103 - End integrity checks thread
2026-06-05 12:01:06,913 [INFO] WebApp:463 - Apply proxy settings
2026-06-05 12:01:06,913 [INFO] WebApp:548 - Chromium requires no authentication
2026-06-05 12:01:06,922 [INFO] WebApp:491 - Direct internet connection detected
2026-06-05 12:01:06,959 [INFO] WebApp:900 - Register for checkConnection events
2026-06-05 12:01:06,959 [INFO] WebApp:463 - Apply proxy settings
2026-06-05 12:01:06,960 [INFO] WebApp:548 - Chromium requires no authentication
2026-06-05 12:01:06,960 [INFO] WebApp:491 - Direct internet connection detected
2026-06-05 12:01:07,140 [INFO] WebApp:225 - Starting web application
2026-06-05 12:01:07,140 [INFO] WebApp:593 - Web application path used D:\My_user\STM32CubeIDE_1.19.0\STM32CubeIDE\plugins\com.st.stm32cube.common.mx_6.15.0.202507011659\db\plugins\mcufinder\reactClient1\index.html
2026-06-05 12:01:07,785 [INFO] WebApp:191 - Connection restablished
2026-06-05 12:32:07,311 [INFO] WebApp:194 - Connection lost
2026-06-05 12:32:07,922 [INFO] WebApp:191 - Connection restablished
2026-06-05 12:56:31,779 [INFO] WebApp:194 - Connection lost
2026-06-05 12:56:31,979 [INFO] WebApp:191 - Connection restablished
2026-06-05 13:56:31,330 [INFO] WebApp:194 - Connection lost
2026-06-05 13:56:31,858 [INFO] WebApp:191 - Connection restablished
2026-06-05 14:56:32,805 [INFO] WebApp:194 - Connection lost
2026-06-05 14:56:33,453 [INFO] WebApp:191 - Connection restablished
2026-06-05 15:56:34,219 [INFO] WebApp:194 - Connection lost
2026-06-05 15:56:34,906 [INFO] WebApp:191 - Connection restablished
2026-06-05 15:56:37,394 [INFO] WebApp:194 - Connection lost
2026-06-05 15:56:37,614 [INFO] WebApp:191 - Connection restablished
2026-06-05 16:56:39,149 [INFO] WebApp:194 - Connection lost
2026-06-05 16:56:40,587 [INFO] WebApp:191 - Connection restablished
2026-06-05 17:56:41,700 [INFO] WebApp:194 - Connection lost
2026-06-05 17:56:42,272 [INFO] WebApp:191 - Connection restablished
2026-06-05 18:37:56,339 [ERROR] AdobePublisher:162 - Exception while opening the connection: java.net.SocketTimeoutException: Read timed out
2026-06-05 18:38:04,698 [ERROR] LogOutputStream:75 - [STDERR_REDIRECT] 
